#
# There is insufficient memory for the Java Runtime Environment to continue.
# Native memory allocation (mmap) failed to map 369098752 bytes for Failed to commit pages from 1343488 of length 90112
# Possible reasons:
#   The system is out of physical RAM or swap space
#   In 32 bit mode, the process size limit was hit
# Possible solutions:
#   Reduce memory load on the system
#   Increase physical memory or swap space
#   Check if swap backing store is full
#   Use 64 bit Java on a 64 bit OS
#   Decrease Java heap size (-Xmx/-Xms)
#   Decrease number of Java threads
#   Decrease Java thread stack sizes (-Xss)
#   Set larger code cache with -XX:ReservedCodeCacheSize=
# This output file may be truncated or incomplete.
#
#  Out of Memory Error (os_windows.cpp:3324), pid=10672, tid=6160
#
# JRE version: Java(TM) SE Runtime Environment (8.0_51-b16) (build 1.8.0_51-b16)
# Java VM: Java HotSpot(TM) 64-Bit Server VM (25.51-b03 mixed mode windows-amd64 compressed oops)
# Failed to write core dump. Minidumps are not enabled by default on client versions of Windows
#

---------------  T H R E A D  ---------------

Current thread (0x0000000002912800):  VMThread [stack: 0x00000000263a0000,0x00000000264a0000] [id=6160]

Stack: [0x00000000263a0000,0x00000000264a0000]
Native frames: (J=compiled Java code, j=interpreted, Vv=VM code, C=native code)
V  [jvm.dll+0x32b4ca]
V  [jvm.dll+0x2797e3]
V  [jvm.dll+0x27a479]
V  [jvm.dll+0x271765]
V  [jvm.dll+0x296868]
V  [jvm.dll+0x21acb5]
V  [jvm.dll+0x3d73ff]
V  [jvm.dll+0x3d83e8]
V  [jvm.dll+0x3e0639]
V  [jvm.dll+0x3e0ff6]
V  [jvm.dll+0x3e1210]
V  [jvm.dll+0x3c133a]
V  [jvm.dll+0x3cdebc]
V  [jvm.dll+0x3e66df]
V  [jvm.dll+0x247e47]
V  [jvm.dll+0x2470e6]
V  [jvm.dll+0x247581]
V  [jvm.dll+0x24779e]
V  [jvm.dll+0x29846a]
C  [msvcr100.dll+0x21d9f]
C  [msvcr100.dll+0x21e3b]
C  [KERNEL32.DLL+0x17bd4]
C  [ntdll.dll+0x6ce51]

VM_Operation (0x000000002739d9c0): G1IncCollectionPause, mode: safepoint, requested by thread 0x000000002809a800


---------------  P R O C E S S  ---------------

Java Threads: ( => current thread )
  0x000000002c04a800 JavaThread "Timer hack thread" daemon [_thread_blocked, id=6084, stack(0x000000002d0d0000,0x000000002d1d0000)]
  0x000000002780b800 JavaThread "Worker-Bootstrap-3" daemon [_thread_blocked, id=4804, stack(0x000000002b530000,0x000000002b630000)]
  0x0000000027808000 JavaThread "Worker-Bootstrap-2" daemon [_thread_blocked, id=14132, stack(0x0000000029a20000,0x0000000029b20000)]
  0x000000002809a800 JavaThread "Worker-Bootstrap-1" daemon [_thread_blocked, id=12992, stack(0x00000000272a0000,0x00000000273a0000)]
  0x0000000026387000 JavaThread "Service Thread" daemon [_thread_blocked, id=14372, stack(0x0000000026ca0000,0x0000000026da0000)]
  0x0000000026384000 JavaThread "C1 CompilerThread2" daemon [_thread_blocked, id=14712, stack(0x0000000026ba0000,0x0000000026ca0000)]
  0x0000000026381800 JavaThread "C2 CompilerThread1" daemon [_thread_blocked, id=14388, stack(0x0000000026aa0000,0x0000000026ba0000)]
  0x0000000026325800 JavaThread "C2 CompilerThread0" daemon [_thread_blocked, id=14972, stack(0x00000000269a0000,0x0000000026aa0000)]
  0x0000000026322800 JavaThread "Attach Listener" daemon [_thread_blocked, id=10664, stack(0x00000000268a0000,0x00000000269a0000)]
  0x000000002631b800 JavaThread "Signal Dispatcher" daemon [_thread_blocked, id=15080, stack(0x00000000267a0000,0x00000000268a0000)]
  0x0000000026318800 JavaThread "Surrogate Locker Thread (Concurrent GC)" daemon [_thread_blocked, id=4216, stack(0x00000000266a0000,0x00000000267a0000)]
  0x000000000291d800 JavaThread "Finalizer" daemon [_thread_blocked, id=14732, stack(0x00000000265a0000,0x00000000266a0000)]
  0x0000000002916800 JavaThread "Reference Handler" daemon [_thread_blocked, id=1276, stack(0x00000000264a0000,0x00000000265a0000)]
  0x0000000002823000 JavaThread "Render thread" [_thread_blocked, id=14860, stack(0x0000000002720000,0x0000000002820000)]

Other Threads:
=>0x0000000002912800 VMThread [stack: 0x00000000263a0000,0x00000000264a0000] [id=6160]
  0x0000000026da8800 WatcherThread [stack: 0x00000000271a0000,0x00000000272a0000] [id=3424]

VM state:at safepoint (normal execution)

VM Mutex/Monitor currently owned by a thread:  ([mutex/lock_event])
[0x00000000028214d0] Threads_lock - owner thread: 0x0000000002912800
[0x00000000028204d0] Heap_lock - owner thread: 0x000000002809a800

Heap:
 garbage-first heap   total 5734400K, used 253633K [0x0000000610000000, 0x0000000612000578, 0x00000007c0000000)
  region size 32768K, 1 young (32768K), 1 survivors (32768K)
 Metaspace       used 41891K, capacity 45345K, committed 45596K, reserved 1087488K
  class space    used 6396K, capacity 7419K, committed 7500K, reserved 1048576K

Heap Regions: (Y=young(eden), SU=young(survivor), HS=humongous(starts), HC=humongous(continues), CS=collection set, F=free, TS=gc time stamp, PTAMS=previous top-at-mark-start, NTAMS=next top-at-mark-start)
AC   0  O    TS     3 PTAMS 0x000000061120cc00 NTAMS 0x000000061120cc00 space 32768K, 100% used [0x0000000610000000, 0x0000000612000000)
AC   0  O    TS     0 PTAMS 0x0000000614000000 NTAMS 0x0000000614000000 space 32768K, 100% used [0x0000000612000000, 0x0000000614000000)
AC   0  O    TS     7 PTAMS 0x0000000614000000 NTAMS 0x0000000614000000 space 32768K, 100% used [0x0000000614000000, 0x0000000616000000)
AC   0  O    TS     9 PTAMS 0x0000000616000000 NTAMS 0x0000000616000000 space 32768K, 100% used [0x0000000616000000, 0x0000000618000000)
AC   0  O    TS    15 PTAMS 0x0000000618000000 NTAMS 0x0000000618000000 space 32768K, 100% used [0x0000000618000000, 0x000000061a000000)
AC   0  O    TS     0 PTAMS 0x000000061c000000 NTAMS 0x000000061c000000 space 32768K, 100% used [0x000000061a000000, 0x000000061c000000)
AC   0  O    TS    19 PTAMS 0x000000061c000000 NTAMS 0x000000061c000000 space 32768K,  11% used [0x000000061c000000, 0x000000061e000000)
AC   0  F    TS     0 PTAMS 0x000000061e000000 NTAMS 0x000000061e000000 space 32768K,   0% used [0x000000061e000000, 0x0000000620000000)
AC   0  F    TS     0 PTAMS 0x0000000620000000 NTAMS 0x0000000620000000 space 32768K,   0% used [0x0000000620000000, 0x0000000622000000)
AC   0  F    TS     0 PTAMS 0x0000000622000000 NTAMS 0x0000000622000000 space 32768K,   0% used [0x0000000622000000, 0x0000000624000000)
AC   0  O    TS     0 PTAMS 0x0000000626000000 NTAMS 0x0000000626000000 space 32768K, 100% used [0x0000000624000000, 0x0000000626000000)
AC   0  F    TS     0 PTAMS 0x0000000626000000 NTAMS 0x0000000626000000 space 32768K,   0% used [0x0000000626000000, 0x0000000628000000)
AC   0  F    TS     0 PTAMS 0x0000000628000000 NTAMS 0x0000000628000000 space 32768K,   0% used [0x0000000628000000, 0x000000062a000000)
AC   0  F    TS     5 PTAMS 0x000000062a000000 NTAMS 0x000000062a000000 space 32768K,   0% used [0x000000062a000000, 0x000000062c000000)
AC   0  F    TS     5 PTAMS 0x000000062c000000 NTAMS 0x000000062c000000 space 32768K,   0% used [0x000000062c000000, 0x000000062e000000)
AC   0  F    TS     5 PTAMS 0x000000062e000000 NTAMS 0x000000062e000000 space 32768K,   0% used [0x000000062e000000, 0x0000000630000000)
AC   0  F    TS     5 PTAMS 0x0000000630000000 NTAMS 0x0000000630000000 space 32768K,   0% used [0x0000000630000000, 0x0000000632000000)
AC   0  F    TS     5 PTAMS 0x0000000632000000 NTAMS 0x0000000632000000 space 32768K,   0% used [0x0000000632000000, 0x0000000634000000)
AC   0  F    TS     5 PTAMS 0x0000000634000000 NTAMS 0x0000000634000000 space 32768K,   0% used [0x0000000634000000, 0x0000000636000000)
AC   0  F    TS     5 PTAMS 0x0000000636000000 NTAMS 0x0000000636000000 space 32768K,   0% used [0x0000000636000000, 0x0000000638000000)
AC   0  F    TS     5 PTAMS 0x0000000638000000 NTAMS 0x0000000638000000 space 32768K,   0% used [0x0000000638000000, 0x000000063a000000)
AC   0  F    TS     5 PTAMS 0x000000063a000000 NTAMS 0x000000063a000000 space 32768K,   0% used [0x000000063a000000, 0x000000063c000000)
AC   0  F    TS     7 PTAMS 0x000000063c000000 NTAMS 0x000000063c000000 space 32768K,   0% used [0x000000063c000000, 0x000000063e000000)
AC   0  F    TS     5 PTAMS 0x000000063e000000 NTAMS 0x000000063e000000 space 32768K,   0% used [0x000000063e000000, 0x0000000640000000)
AC   0  F    TS     5 PTAMS 0x0000000640000000 NTAMS 0x0000000640000000 space 32768K,   0% used [0x0000000640000000, 0x0000000642000000)
AC   0  F    TS     5 PTAMS 0x0000000642000000 NTAMS 0x0000000642000000 space 32768K,   0% used [0x0000000642000000, 0x0000000644000000)
AC   0  F    TS     7 PTAMS 0x0000000644000000 NTAMS 0x0000000644000000 space 32768K,   0% used [0x0000000644000000, 0x0000000646000000)
AC   0  F    TS     7 PTAMS 0x0000000646000000 NTAMS 0x0000000646000000 space 32768K,   0% used [0x0000000646000000, 0x0000000648000000)
AC   0  F    TS     7 PTAMS 0x0000000648000000 NTAMS 0x0000000648000000 space 32768K,   0% used [0x0000000648000000, 0x000000064a000000)
AC   0  F    TS     7 PTAMS 0x000000064a000000 NTAMS 0x000000064a000000 space 32768K,   0% used [0x000000064a000000, 0x000000064c000000)
AC   0  F    TS     7 PTAMS 0x000000064c000000 NTAMS 0x000000064c000000 space 32768K,   0% used [0x000000064c000000, 0x000000064e000000)
AC   0  F    TS     7 PTAMS 0x000000064e000000 NTAMS 0x000000064e000000 space 32768K,   0% used [0x000000064e000000, 0x0000000650000000)
AC   0  F    TS     7 PTAMS 0x0000000650000000 NTAMS 0x0000000650000000 space 32768K,   0% used [0x0000000650000000, 0x0000000652000000)
AC   0  F    TS     7 PTAMS 0x0000000652000000 NTAMS 0x0000000652000000 space 32768K,   0% used [0x0000000652000000, 0x0000000654000000)
AC   0  F    TS     7 PTAMS 0x0000000654000000 NTAMS 0x0000000654000000 space 32768K,   0% used [0x0000000654000000, 0x0000000656000000)
AC   0  F    TS     7 PTAMS 0x0000000656000000 NTAMS 0x0000000656000000 space 32768K,   0% used [0x0000000656000000, 0x0000000658000000)
AC   0  F    TS     7 PTAMS 0x0000000658000000 NTAMS 0x0000000658000000 space 32768K,   0% used [0x0000000658000000, 0x000000065a000000)
AC   0  F    TS     7 PTAMS 0x000000065a000000 NTAMS 0x000000065a000000 space 32768K,   0% used [0x000000065a000000, 0x000000065c000000)
AC   0  F    TS     7 PTAMS 0x000000065c000000 NTAMS 0x000000065c000000 space 32768K,   0% used [0x000000065c000000, 0x000000065e000000)
AC   0  F    TS     7 PTAMS 0x000000065e000000 NTAMS 0x000000065e000000 space 32768K,   0% used [0x000000065e000000, 0x0000000660000000)
AC   0  F    TS     7 PTAMS 0x0000000660000000 NTAMS 0x0000000660000000 space 32768K,   0% used [0x0000000660000000, 0x0000000662000000)
AC   0  F    TS     7 PTAMS 0x0000000662000000 NTAMS 0x0000000662000000 space 32768K,   0% used [0x0000000662000000, 0x0000000664000000)
AC   0  F    TS     7 PTAMS 0x0000000664000000 NTAMS 0x0000000664000000 space 32768K,   0% used [0x0000000664000000, 0x0000000666000000)
AC   0  F    TS     7 PTAMS 0x0000000666000000 NTAMS 0x0000000666000000 space 32768K,   0% used [0x0000000666000000, 0x0000000668000000)
AC   0  F    TS     7 PTAMS 0x0000000668000000 NTAMS 0x0000000668000000 space 32768K,   0% used [0x0000000668000000, 0x000000066a000000)
AC   0  F    TS     7 PTAMS 0x000000066a000000 NTAMS 0x000000066a000000 space 32768K,   0% used [0x000000066a000000, 0x000000066c000000)
AC   0  F    TS     7 PTAMS 0x000000066c000000 NTAMS 0x000000066c000000 space 32768K,   0% used [0x000000066c000000, 0x000000066e000000)
AC   0  F    TS     7 PTAMS 0x000000066e000000 NTAMS 0x000000066e000000 space 32768K,   0% used [0x000000066e000000, 0x0000000670000000)
AC   0  F    TS     9 PTAMS 0x0000000670000000 NTAMS 0x0000000670000000 space 32768K,   0% used [0x0000000670000000, 0x0000000672000000)
AC   0  F    TS     7 PTAMS 0x0000000672000000 NTAMS 0x0000000672000000 space 32768K,   0% used [0x0000000672000000, 0x0000000674000000)
AC   0  F    TS     7 PTAMS 0x0000000674000000 NTAMS 0x0000000674000000 space 32768K,   0% used [0x0000000674000000, 0x0000000676000000)
AC   0  F    TS     7 PTAMS 0x0000000676000000 NTAMS 0x0000000676000000 space 32768K,   0% used [0x0000000676000000, 0x0000000678000000)
AC   0  F    TS     9 PTAMS 0x0000000678000000 NTAMS 0x0000000678000000 space 32768K,   0% used [0x0000000678000000, 0x000000067a000000)
AC   0  F    TS     9 PTAMS 0x000000067a000000 NTAMS 0x000000067a000000 space 32768K,   0% used [0x000000067a000000, 0x000000067c000000)
AC   0  F    TS     9 PTAMS 0x000000067c000000 NTAMS 0x000000067c000000 space 32768K,   0% used [0x000000067c000000, 0x000000067e000000)
AC   0  F    TS     9 PTAMS 0x000000067e000000 NTAMS 0x000000067e000000 space 32768K,   0% used [0x000000067e000000, 0x0000000680000000)
AC   0  F    TS     9 PTAMS 0x0000000680000000 NTAMS 0x0000000680000000 space 32768K,   0% used [0x0000000680000000, 0x0000000682000000)
AC   0  F    TS     9 PTAMS 0x0000000682000000 NTAMS 0x0000000682000000 space 32768K,   0% used [0x0000000682000000, 0x0000000684000000)
AC   0  F    TS     9 PTAMS 0x0000000684000000 NTAMS 0x0000000684000000 space 32768K,   0% used [0x0000000684000000, 0x0000000686000000)
AC   0  F    TS     9 PTAMS 0x0000000686000000 NTAMS 0x0000000686000000 space 32768K,   0% used [0x0000000686000000, 0x0000000688000000)
AC   0  F    TS     9 PTAMS 0x0000000688000000 NTAMS 0x0000000688000000 space 32768K,   0% used [0x0000000688000000, 0x000000068a000000)
AC   0  F    TS     9 PTAMS 0x000000068a000000 NTAMS 0x000000068a000000 space 32768K,   0% used [0x000000068a000000, 0x000000068c000000)
AC   0  F    TS     9 PTAMS 0x000000068c000000 NTAMS 0x000000068c000000 space 32768K,   0% used [0x000000068c000000, 0x000000068e000000)
AC   0  F    TS     9 PTAMS 0x000000068e000000 NTAMS 0x000000068e000000 space 32768K,   0% used [0x000000068e000000, 0x0000000690000000)
AC   0  F    TS     9 PTAMS 0x0000000690000000 NTAMS 0x0000000690000000 space 32768K,   0% used [0x0000000690000000, 0x0000000692000000)
AC   0  F    TS     9 PTAMS 0x0000000692000000 NTAMS 0x0000000692000000 space 32768K,   0% used [0x0000000692000000, 0x0000000694000000)
AC   0  F    TS     9 PTAMS 0x0000000694000000 NTAMS 0x0000000694000000 space 32768K,   0% used [0x0000000694000000, 0x0000000696000000)
AC   0  F    TS     9 PTAMS 0x0000000696000000 NTAMS 0x0000000696000000 space 32768K,   0% used [0x0000000696000000, 0x0000000698000000)
AC   0  F    TS     9 PTAMS 0x0000000698000000 NTAMS 0x0000000698000000 space 32768K,   0% used [0x0000000698000000, 0x000000069a000000)
AC   0  F    TS     9 PTAMS 0x000000069a000000 NTAMS 0x000000069a000000 space 32768K,   0% used [0x000000069a000000, 0x000000069c000000)
AC   0  F    TS     9 PTAMS 0x000000069c000000 NTAMS 0x000000069c000000 space 32768K,   0% used [0x000000069c000000, 0x000000069e000000)
AC   0  F    TS     9 PTAMS 0x000000069e000000 NTAMS 0x000000069e000000 space 32768K,   0% used [0x000000069e000000, 0x00000006a0000000)
AC   0  F    TS     9 PTAMS 0x00000006a0000000 NTAMS 0x00000006a0000000 space 32768K,   0% used [0x00000006a0000000, 0x00000006a2000000)
AC   0  F    TS     9 PTAMS 0x00000006a2000000 NTAMS 0x00000006a2000000 space 32768K,   0% used [0x00000006a2000000, 0x00000006a4000000)
AC   0  F    TS     9 PTAMS 0x00000006a4000000 NTAMS 0x00000006a4000000 space 32768K,   0% used [0x00000006a4000000, 0x00000006a6000000)
AC   0  F    TS     9 PTAMS 0x00000006a6000000 NTAMS 0x00000006a6000000 space 32768K,   0% used [0x00000006a6000000, 0x00000006a8000000)
AC   0  F    TS     9 PTAMS 0x00000006a8000000 NTAMS 0x00000006a8000000 space 32768K,   0% used [0x00000006a8000000, 0x00000006aa000000)
AC   0  F    TS     9 PTAMS 0x00000006aa000000 NTAMS 0x00000006aa000000 space 32768K,   0% used [0x00000006aa000000, 0x00000006ac000000)
AC   0  F    TS     9 PTAMS 0x00000006ac000000 NTAMS 0x00000006ac000000 space 32768K,   0% used [0x00000006ac000000, 0x00000006ae000000)
AC   0  F    TS     9 PTAMS 0x00000006ae000000 NTAMS 0x00000006ae000000 space 32768K,   0% used [0x00000006ae000000, 0x00000006b0000000)
AC   0  F    TS     9 PTAMS 0x00000006b0000000 NTAMS 0x00000006b0000000 space 32768K,   0% used [0x00000006b0000000, 0x00000006b2000000)
AC   0  F    TS    11 PTAMS 0x00000006b2000000 NTAMS 0x00000006b2000000 space 32768K,   0% used [0x00000006b2000000, 0x00000006b4000000)
AC   0  F    TS     9 PTAMS 0x00000006b4000000 NTAMS 0x00000006b4000000 space 32768K,   0% used [0x00000006b4000000, 0x00000006b6000000)
AC   0  F    TS     9 PTAMS 0x00000006b6000000 NTAMS 0x00000006b6000000 space 32768K,   0% used [0x00000006b6000000, 0x00000006b8000000)
AC   0  F    TS     9 PTAMS 0x00000006b8000000 NTAMS 0x00000006b8000000 space 32768K,   0% used [0x00000006b8000000, 0x00000006ba000000)
AC   0  F    TS    11 PTAMS 0x00000006ba000000 NTAMS 0x00000006ba000000 space 32768K,   0% used [0x00000006ba000000, 0x00000006bc000000)
AC   0  F    TS    11 PTAMS 0x00000006bc000000 NTAMS 0x00000006bc000000 space 32768K,   0% used [0x00000006bc000000, 0x00000006be000000)
AC   0  F    TS    11 PTAMS 0x00000006be000000 NTAMS 0x00000006be000000 space 32768K,   0% used [0x00000006be000000, 0x00000006c0000000)
AC   0  F    TS    11 PTAMS 0x00000006c0000000 NTAMS 0x00000006c0000000 space 32768K,   0% used [0x00000006c0000000, 0x00000006c2000000)
AC   0  F    TS    11 PTAMS 0x00000006c2000000 NTAMS 0x00000006c2000000 space 32768K,   0% used [0x00000006c2000000, 0x00000006c4000000)
AC   0  F    TS    11 PTAMS 0x00000006c4000000 NTAMS 0x00000006c4000000 space 32768K,   0% used [0x00000006c4000000, 0x00000006c6000000)
AC   0  F    TS    11 PTAMS 0x00000006c6000000 NTAMS 0x00000006c6000000 space 32768K,   0% used [0x00000006c6000000, 0x00000006c8000000)
AC   0  F    TS    11 PTAMS 0x00000006c8000000 NTAMS 0x00000006c8000000 space 32768K,   0% used [0x00000006c8000000, 0x00000006ca000000)
AC   0  F    TS    11 PTAMS 0x00000006ca000000 NTAMS 0x00000006ca000000 space 32768K,   0% used [0x00000006ca000000, 0x00000006cc000000)
AC   0  F    TS    11 PTAMS 0x00000006cc000000 NTAMS 0x00000006cc000000 space 32768K,   0% used [0x00000006cc000000, 0x00000006ce000000)
AC   0  F    TS    11 PTAMS 0x00000006ce000000 NTAMS 0x00000006ce000000 space 32768K,   0% used [0x00000006ce000000, 0x00000006d0000000)
AC   0  F    TS    11 PTAMS 0x00000006d0000000 NTAMS 0x00000006d0000000 space 32768K,   0% used [0x00000006d0000000, 0x00000006d2000000)
AC   0  F    TS    11 PTAMS 0x00000006d2000000 NTAMS 0x00000006d2000000 space 32768K,   0% used [0x00000006d2000000, 0x00000006d4000000)
AC   0  F    TS    11 PTAMS 0x00000006d4000000 NTAMS 0x00000006d4000000 space 32768K,   0% used [0x00000006d4000000, 0x00000006d6000000)
AC   0  F    TS    11 PTAMS 0x00000006d6000000 NTAMS 0x00000006d6000000 space 32768K,   0% used [0x00000006d6000000, 0x00000006d8000000)
AC   0  F    TS    11 PTAMS 0x00000006d8000000 NTAMS 0x00000006d8000000 space 32768K,   0% used [0x00000006d8000000, 0x00000006da000000)
AC   0  F    TS    11 PTAMS 0x00000006da000000 NTAMS 0x00000006da000000 space 32768K,   0% used [0x00000006da000000, 0x00000006dc000000)
AC   0  F    TS    11 PTAMS 0x00000006dc000000 NTAMS 0x00000006dc000000 space 32768K,   0% used [0x00000006dc000000, 0x00000006de000000)
AC   0  F    TS    11 PTAMS 0x00000006de000000 NTAMS 0x00000006de000000 space 32768K,   0% used [0x00000006de000000, 0x00000006e0000000)
AC   0  F    TS    11 PTAMS 0x00000006e0000000 NTAMS 0x00000006e0000000 space 32768K,   0% used [0x00000006e0000000, 0x00000006e2000000)
AC   0  F    TS    11 PTAMS 0x00000006e2000000 NTAMS 0x00000006e2000000 space 32768K,   0% used [0x00000006e2000000, 0x00000006e4000000)
AC   0  F    TS    11 PTAMS 0x00000006e4000000 NTAMS 0x00000006e4000000 space 32768K,   0% used [0x00000006e4000000, 0x00000006e6000000)
AC   0  F    TS    11 PTAMS 0x00000006e6000000 NTAMS 0x00000006e6000000 space 32768K,   0% used [0x00000006e6000000, 0x00000006e8000000)
AC   0  F    TS    13 PTAMS 0x00000006e8000000 NTAMS 0x00000006e8000000 space 32768K,   0% used [0x00000006e8000000, 0x00000006ea000000)
AC   0  F    TS    11 PTAMS 0x00000006ea000000 NTAMS 0x00000006ea000000 space 32768K,   0% used [0x00000006ea000000, 0x00000006ec000000)
AC   0  F    TS    11 PTAMS 0x00000006ec000000 NTAMS 0x00000006ec000000 space 32768K,   0% used [0x00000006ec000000, 0x00000006ee000000)
AC   0  F    TS    11 PTAMS 0x00000006ee000000 NTAMS 0x00000006ee000000 space 32768K,   0% used [0x00000006ee000000, 0x00000006f0000000)
AC   0  F    TS    13 PTAMS 0x00000006f0000000 NTAMS 0x00000006f0000000 space 32768K,   0% used [0x00000006f0000000, 0x00000006f2000000)
AC   0  F    TS    13 PTAMS 0x00000006f2000000 NTAMS 0x00000006f2000000 space 32768K,   0% used [0x00000006f2000000, 0x00000006f4000000)
AC   0  F    TS    13 PTAMS 0x00000006f4000000 NTAMS 0x00000006f4000000 space 32768K,   0% used [0x00000006f4000000, 0x00000006f6000000)
AC   0  F    TS    13 PTAMS 0x00000006f6000000 NTAMS 0x00000006f6000000 space 32768K,   0% used [0x00000006f6000000, 0x00000006f8000000)
AC   0  F    TS    13 PTAMS 0x00000006f8000000 NTAMS 0x00000006f8000000 space 32768K,   0% used [0x00000006f8000000, 0x00000006fa000000)
AC   0  F    TS    13 PTAMS 0x00000006fa000000 NTAMS 0x00000006fa000000 space 32768K,   0% used [0x00000006fa000000, 0x00000006fc000000)
AC   0  F    TS    13 PTAMS 0x00000006fc000000 NTAMS 0x00000006fc000000 space 32768K,   0% used [0x00000006fc000000, 0x00000006fe000000)
AC   0  F    TS    13 PTAMS 0x00000006fe000000 NTAMS 0x00000006fe000000 space 32768K,   0% used [0x00000006fe000000, 0x0000000700000000)
AC   0  F    TS    13 PTAMS 0x0000000700000000 NTAMS 0x0000000700000000 space 32768K,   0% used [0x0000000700000000, 0x0000000702000000)
AC   0  F    TS    13 PTAMS 0x0000000702000000 NTAMS 0x0000000702000000 space 32768K,   0% used [0x0000000702000000, 0x0000000704000000)
AC   0  F    TS    13 PTAMS 0x0000000704000000 NTAMS 0x0000000704000000 space 32768K,   0% used [0x0000000704000000, 0x0000000706000000)
AC   0  F    TS    13 PTAMS 0x0000000706000000 NTAMS 0x0000000706000000 space 32768K,   0% used [0x0000000706000000, 0x0000000708000000)
AC   0  F    TS    13 PTAMS 0x0000000708000000 NTAMS 0x0000000708000000 space 32768K,   0% used [0x0000000708000000, 0x000000070a000000)
AC   0  F    TS    13 PTAMS 0x000000070a000000 NTAMS 0x000000070a000000 space 32768K,   0% used [0x000000070a000000, 0x000000070c000000)
AC   0  F    TS    13 PTAMS 0x000000070c000000 NTAMS 0x000000070c000000 space 32768K,   0% used [0x000000070c000000, 0x000000070e000000)
AC   0  F    TS    13 PTAMS 0x000000070e000000 NTAMS 0x000000070e000000 space 32768K,   0% used [0x000000070e000000, 0x0000000710000000)
AC   0  F    TS    13 PTAMS 0x0000000710000000 NTAMS 0x0000000710000000 space 32768K,   0% used [0x0000000710000000, 0x0000000712000000)
AC   0  F    TS    15 PTAMS 0x0000000712000000 NTAMS 0x0000000712000000 space 32768K,   0% used [0x0000000712000000, 0x0000000714000000)
AC   0  F    TS    13 PTAMS 0x0000000714000000 NTAMS 0x0000000714000000 space 32768K,   0% used [0x0000000714000000, 0x0000000716000000)
AC   0  F    TS    13 PTAMS 0x0000000716000000 NTAMS 0x0000000716000000 space 32768K,   0% used [0x0000000716000000, 0x0000000718000000)
AC   0  F    TS    13 PTAMS 0x0000000718000000 NTAMS 0x0000000718000000 space 32768K,   0% used [0x0000000718000000, 0x000000071a000000)
AC   0  F    TS    15 PTAMS 0x000000071a000000 NTAMS 0x000000071a000000 space 32768K,   0% used [0x000000071a000000, 0x000000071c000000)
AC   0  F    TS    15 PTAMS 0x000000071c000000 NTAMS 0x000000071c000000 space 32768K,   0% used [0x000000071c000000, 0x000000071e000000)
AC   0  F    TS    15 PTAMS 0x000000071e000000 NTAMS 0x000000071e000000 space 32768K,   0% used [0x000000071e000000, 0x0000000720000000)
AC   0  F    TS    15 PTAMS 0x0000000720000000 NTAMS 0x0000000720000000 space 32768K,   0% used [0x0000000720000000, 0x0000000722000000)
AC   0  F    TS    15 PTAMS 0x0000000722000000 NTAMS 0x0000000722000000 space 32768K,   0% used [0x0000000722000000, 0x0000000724000000)
AC   0  F    TS    15 PTAMS 0x0000000724000000 NTAMS 0x0000000724000000 space 32768K,   0% used [0x0000000724000000, 0x0000000726000000)
AC   0  F    TS    15 PTAMS 0x0000000726000000 NTAMS 0x0000000726000000 space 32768K,   0% used [0x0000000726000000, 0x0000000728000000)
AC   0  F    TS    15 PTAMS 0x0000000728000000 NTAMS 0x0000000728000000 space 32768K,   0% used [0x0000000728000000, 0x000000072a000000)
AC   0  F    TS    15 PTAMS 0x000000072a000000 NTAMS 0x000000072a000000 space 32768K,   0% used [0x000000072a000000, 0x000000072c000000)
AC   0  F    TS    15 PTAMS 0x000000072c000000 NTAMS 0x000000072c000000 space 32768K,   0% used [0x000000072c000000, 0x000000072e000000)
AC   0  F    TS    15 PTAMS 0x000000072e000000 NTAMS 0x000000072e000000 space 32768K,   0% used [0x000000072e000000, 0x0000000730000000)
AC   0  F    TS    15 PTAMS 0x0000000730000000 NTAMS 0x0000000730000000 space 32768K,   0% used [0x0000000730000000, 0x0000000732000000)
AC   0  F    TS    15 PTAMS 0x0000000732000000 NTAMS 0x0000000732000000 space 32768K,   0% used [0x0000000732000000, 0x0000000734000000)
AC   0  F    TS    17 PTAMS 0x0000000734000000 NTAMS 0x0000000734000000 space 32768K,   0% used [0x0000000734000000, 0x0000000736000000)
AC   0  F    TS    15 PTAMS 0x0000000736000000 NTAMS 0x0000000736000000 space 32768K,   0% used [0x0000000736000000, 0x0000000738000000)
AC   0  F    TS    15 PTAMS 0x0000000738000000 NTAMS 0x0000000738000000 space 32768K,   0% used [0x0000000738000000, 0x000000073a000000)
AC   0  F    TS    15 PTAMS 0x000000073a000000 NTAMS 0x000000073a000000 space 32768K,   0% used [0x000000073a000000, 0x000000073c000000)
AC   0  F    TS    17 PTAMS 0x000000073c000000 NTAMS 0x000000073c000000 space 32768K,   0% used [0x000000073c000000, 0x000000073e000000)
AC   0  F    TS    17 PTAMS 0x000000073e000000 NTAMS 0x000000073e000000 space 32768K,   0% used [0x000000073e000000, 0x0000000740000000)
AC   0  F    TS    17 PTAMS 0x0000000740000000 NTAMS 0x0000000740000000 space 32768K,   0% used [0x0000000740000000, 0x0000000742000000)
AC   0  F    TS    17 PTAMS 0x0000000742000000 NTAMS 0x0000000742000000 space 32768K,   0% used [0x0000000742000000, 0x0000000744000000)
AC   0  F    TS    17 PTAMS 0x0000000744000000 NTAMS 0x0000000744000000 space 32768K,   0% used [0x0000000744000000, 0x0000000746000000)
AC   0  F    TS    17 PTAMS 0x0000000746000000 NTAMS 0x0000000746000000 space 32768K,   0% used [0x0000000746000000, 0x0000000748000000)
AC   0  F    TS    17 PTAMS 0x0000000748000000 NTAMS 0x0000000748000000 space 32768K,   0% used [0x0000000748000000, 0x000000074a000000)
AC   0  F    TS    17 PTAMS 0x000000074a000000 NTAMS 0x000000074a000000 space 32768K,   0% used [0x000000074a000000, 0x000000074c000000)
AC   0  F    TS    17 PTAMS 0x000000074c000000 NTAMS 0x000000074c000000 space 32768K,   0% used [0x000000074c000000, 0x000000074e000000)
AC   0  F    TS    17 PTAMS 0x000000074e000000 NTAMS 0x000000074e000000 space 32768K,   0% used [0x000000074e000000, 0x0000000750000000)
AC   0  S CS TS    19 PTAMS 0x0000000750000000 NTAMS 0x0000000750000000 space 32768K,  62% used [0x0000000750000000, 0x0000000752000000)
AC   0  F    TS    17 PTAMS 0x0000000752000000 NTAMS 0x0000000752000000 space 32768K,   0% used [0x0000000752000000, 0x0000000754000000)
AC   0  F    TS    17 PTAMS 0x0000000754000000 NTAMS 0x0000000754000000 space 32768K,   0% used [0x0000000754000000, 0x0000000756000000)
AC   0  F    TS    17 PTAMS 0x0000000756000000 NTAMS 0x0000000756000000 space 32768K,   0% used [0x0000000756000000, 0x0000000758000000)

Card table byte_map: [0x00000000137a0000,0x0000000014520000] byte_map_base: 0x0000000010720000

Marking Bits (Prev, Next): (CMBitMap*) 0x0000000002884c78, (CMBitMap*) 0x0000000002884cd0
 Prev Bits: [0x00000000152a0000, 0x000000001bea0000)
 Next Bits: [0x000000001bea0000, 0x0000000022aa0000)

Polling page: 0x0000000000dc0000

CodeCache: size=245760Kb used=12926Kb max_used=12940Kb free=232833Kb
 bounds [0x0000000002920000, 0x00000000035d0000, 0x0000000011920000]
 total_blobs=4627 nmethods=3944 adapters=595
 compilation: enabled

Compilation events (10 events):
Event: 28.802 Thread 0x0000000026381800 4741       4       it.unimi.dsi.fastutil.ints.Int2ObjectOpenHashMap::containsKey (70 bytes)
Event: 28.806 Thread 0x0000000026381800 nmethod 4741 0x00000000035c7050 code [0x00000000035c7180, 0x00000000035c7278]
Event: 29.549 Thread 0x0000000026325800 4742       4       java.util.stream.MatchOps$MatchOp::evaluateSequential (7 bytes)
Event: 29.558 Thread 0x0000000026325800 nmethod 4742 0x00000000035c7a50 code [0x00000000035c7bc0, 0x00000000035c7f28]
Event: 32.611 Thread 0x0000000026381800 4743       4       it.unimi.dsi.fastutil.ints.Int2ObjectOpenHashMap::find (97 bytes)
Event: 32.616 Thread 0x0000000026381800 nmethod 4743 0x00000000035cc310 code [0x00000000035cc460, 0x00000000035cc618]
Event: 32.672 Thread 0x0000000026384000 4744       3       org.objectweb.asm.ClassReader::readUTF (49 bytes)
Event: 32.673 Thread 0x0000000026384000 nmethod 4744 0x00000000035cacd0 code [0x00000000035cae80, 0x00000000035cb428]
Event: 33.058 Thread 0x0000000026325800 4749       4       it.unimi.dsi.fastutil.ints.Int2ObjectOpenHashMap::put (43 bytes)
Event: 33.065 Thread 0x0000000026325800 nmethod 4749 0x00000000035cd050 code [0x00000000035cd1c0, 0x00000000035cd618]

GC Heap History (10 events):
Event: 28.054 GC heap after
Heap after GC invocations=25 (full 0):
 garbage-first heap   total 2785280K, used 237334K [0x0000000610000000, 0x00000006120002a8, 0x00000007c0000000)
  region size 32768K, 1 young (32768K), 1 survivors (32768K)
 Metaspace       used 41470K, capacity 44859K, committed 44956K, reserved 1087488K
  class space    used 6347K, capacity 7356K, committed 7372K, reserved 1048576K
}
Event: 29.914 GC heap before
{Heap before GC invocations=25 (full 0):
 garbage-first heap   total 2785280K, used 335638K [0x0000000610000000, 0x00000006120002a8, 0x00000007c0000000)
  region size 32768K, 4 young (131072K), 1 survivors (32768K)
 Metaspace       used 41677K, capacity 45121K, committed 45340K, reserved 1087488K
  class space    used 6380K, capacity 7387K, committed 7500K, reserved 1048576K
Event: 30.165 GC heap after
Heap after GC invocations=26 (full 0):
 garbage-first heap   total 3670016K, used 247140K [0x0000000610000000, 0x0000000612000380, 0x00000007c0000000)
  region size 32768K, 1 young (32768K), 1 survivors (32768K)
 Metaspace       used 41677K, capacity 45121K, committed 45340K, reserved 1087488K
  class space    used 6380K, capacity 7387K, committed 7500K, reserved 1048576K
}
Event: 30.912 GC heap before
{Heap before GC invocations=26 (full 0):
 garbage-first heap   total 3670016K, used 345444K [0x0000000610000000, 0x0000000612000380, 0x00000007c0000000)
  region size 32768K, 4 young (131072K), 1 survivors (32768K)
 Metaspace       used 41765K, capacity 45217K, committed 45596K, reserved 1087488K
  class space    used 6385K, capacity 7419K, committed 7500K, reserved 1048576K
Event: 31.288 GC heap after
Heap after GC invocations=27 (full 0):
 garbage-first heap   total 4358144K, used 252215K [0x0000000610000000, 0x0000000612000428, 0x00000007c0000000)
  region size 32768K, 1 young (32768K), 1 survivors (32768K)
 Metaspace       used 41765K, capacity 45217K, committed 45596K, reserved 1087488K
  class space    used 6385K, capacity 7419K, committed 7500K, reserved 1048576K
}
Event: 32.160 GC heap before
{Heap before GC invocations=27 (full 0):
 garbage-first heap   total 4358144K, used 350519K [0x0000000610000000, 0x0000000612000428, 0x00000007c0000000)
  region size 32768K, 4 young (131072K), 1 survivors (32768K)
 Metaspace       used 41863K, capacity 45281K, committed 45596K, reserved 1087488K
  class space    used 6392K, capacity 7419K, committed 7500K, reserved 1048576K
Event: 32.354 GC heap after
Heap after GC invocations=28 (full 0):
 garbage-first heap   total 4915200K, used 255628K [0x0000000610000000, 0x00000006120004b0, 0x00000007c0000000)
  region size 32768K, 1 young (32768K), 1 survivors (32768K)
 Metaspace       used 41863K, capacity 45281K, committed 45596K, reserved 1087488K
  class space    used 6392K, capacity 7419K, committed 7500K, reserved 1048576K
}
Event: 32.827 GC heap before
{Heap before GC invocations=28 (full 0):
 garbage-first heap   total 4915200K, used 353932K [0x0000000610000000, 0x00000006120004b0, 0x00000007c0000000)
  region size 32768K, 4 young (131072K), 1 survivors (32768K)
 Metaspace       used 41889K, capacity 45345K, committed 45596K, reserved 1087488K
  class space    used 6396K, capacity 7419K, committed 7500K, reserved 1048576K
Event: 32.996 GC heap after
Heap after GC invocations=29 (full 0):
 garbage-first heap   total 5373952K, used 261657K [0x0000000610000000, 0x0000000612000520, 0x00000007c0000000)
  region size 32768K, 1 young (32768K), 1 survivors (32768K)
 Metaspace       used 41889K, capacity 45345K, committed 45596K, reserved 1087488K
  class space    used 6396K, capacity 7419K, committed 7500K, reserved 1048576K
}
Event: 33.217 GC heap before
{Heap before GC invocations=29 (full 0):
 garbage-first heap   total 5373952K, used 359961K [0x0000000610000000, 0x0000000612000520, 0x00000007c0000000)
  region size 32768K, 4 young (131072K), 1 survivors (32768K)
 Metaspace       used 41891K, capacity 45345K, committed 45596K, reserved 1087488K
  class space    used 6396K, capacity 7419K, committed 7500K, reserved 1048576K

Deoptimization events (10 events):
Event: 27.204 Thread 0x0000000002823000 Uncommon trap: reason=bimorphic action=maybe_recompile pc=0x000000000353d9e0 method=com.google.common.base.Objects.equal(Ljava/lang/Object;Ljava/lang/Object;)Z @ 11
Event: 27.204 Thread 0x0000000002823000 Uncommon trap: reason=bimorphic action=maybe_recompile pc=0x000000000353d9e0 method=com.google.common.base.Objects.equal(Ljava/lang/Object;Ljava/lang/Object;)Z @ 11
Event: 27.626 Thread 0x0000000002823000 Uncommon trap: reason=unstable_if action=reinterpret pc=0x000000000337461c method=java.util.stream.MatchOps$BooleanTerminalSink.<init>(Ljava/util/stream/MatchOps$MatchKind;)V @ 9
Event: 27.626 Thread 0x0000000002823000 Uncommon trap: reason=class_check action=maybe_recompile pc=0x000000000358835c method=java.util.stream.MatchOps$1MatchSink.accept(Ljava/lang/Object;)V @ 12
Event: 27.626 Thread 0x0000000002823000 Uncommon trap: reason=class_check action=maybe_recompile pc=0x000000000358835c method=java.util.stream.MatchOps$1MatchSink.accept(Ljava/lang/Object;)V @ 12
Event: 27.626 Thread 0x0000000002823000 Uncommon trap: reason=class_check action=maybe_recompile pc=0x000000000358835c method=java.util.stream.MatchOps$1MatchSink.accept(Ljava/lang/Object;)V @ 12
Event: 27.626 Thread 0x0000000002823000 Uncommon trap: reason=class_check action=maybe_recompile pc=0x000000000358835c method=java.util.stream.MatchOps$1MatchSink.accept(Ljava/lang/Object;)V @ 12
Event: 27.943 Thread 0x0000000027808000 Uncommon trap: reason=null_check action=make_not_entrant pc=0x0000000002a46d28 method=com.mojang.datafixers.types.templates.Product$ProductType.equals(Ljava/lang/Object;ZZ)Z @ 1
Event: 28.141 Thread 0x0000000002823000 Uncommon trap: reason=class_check action=maybe_recompile pc=0x0000000003100434 method=com.google.common.collect.RegularImmutableMap.fromEntryArray(I[Ljava/util/Map$Entry;)Lcom/google/common/collect/RegularImmutableMap; @ 59
Event: 32.672 Thread 0x0000000002823000 Uncommon trap: reason=unstable_if action=reinterpret pc=0x0000000002f23010 method=org.objectweb.asm.ClassReader.readUTF(II[C)Ljava/lang/String; @ 41

Internal exceptions (10 events):
Event: 26.096 Thread 0x0000000002823000 Exception <a 'java/lang/NoSuchMethodError': java.lang.Object.a(Lcom/mojang/serialization/Codec;)Lcom/mojang/serialization/Codec;> (0x000000061fe6ae80) thrown at [C:\re\workspace\8-2-build-windows-amd64-cygwin\jdk8u51\3951\hotspot\src\share\vm\interpreter\l
Event: 26.592 Thread 0x0000000002823000 Exception <a 'java/lang/NoSuchMethodError': java.lang.Object.b(Lcys;Ljava/util/function/Consumer;)Z> (0x0000000620a8c8b8) thrown at [C:\re\workspace\8-2-build-windows-amd64-cygwin\jdk8u51\3951\hotspot\src\share\vm\interpreter\linkResolver.cpp, line 582]
Event: 26.592 Thread 0x0000000002823000 Exception <a 'java/lang/NoSuchMethodError': java.lang.Object.a(Lcys;Ljava/util/function/Consumer;)Z> (0x0000000620a8e990) thrown at [C:\re\workspace\8-2-build-windows-amd64-cygwin\jdk8u51\3951\hotspot\src\share\vm\interpreter\linkResolver.cpp, line 582]
Event: 27.178 Thread 0x0000000002823000 Exception <a 'java/lang/NoSuchMethodError': java.lang.Object.lambda$dispatchStable$8(Ljava/util/function/Function;Ljava/lang/Object;)Lcom/mojang/serialization/DataResult;> (0x0000000641a5b2f0) thrown at [C:\re\workspace\8-2-build-windows-amd64-cygwin\jdk8uÐ™´©º-;@
Event: 27.179 Thread 0x0000000002823000 Exception <a 'java/lang/NoSuchMethodError': java.lang.Object.lambda$dispatchStable$9(Ljava/util/function/Function;Ljava/lang/Object;)Lcom/mojang/serialization/DataResult;> (0x0000000641a5e5b8) thrown at [C:\re\workspace\8-2-build-windows-amd64-cygwin\jdk8uœÞÅû3;@
Event: 27.203 Thread 0x0000000002823000 Exception <a 'java/lang/NoSuchMethodError': java.lang.Object.a(Lcom/mojang/serialization/Codec;)Lcom/mojang/serialization/Codec;> (0x000000063e688748) thrown at [C:\re\workspace\8-2-build-windows-amd64-cygwin\jdk8u51\3951\hotspot\src\share\vm\interpreter\lìÙ½G;@
Event: 27.280 Thread 0x0000000002823000 Exception <a 'java/lang/NoSuchMethodError': java.lang.Object.a(Lfy;Lbly;)Lbly;> (0x000000063f6fb8a8) thrown at [C:\re\workspace\8-2-build-windows-amd64-cygwin\jdk8u51\3951\hotspot\src\share\vm\interpreter\linkResolver.cpp, line 582]
Event: 27.609 Thread 0x0000000002823000 Exception <a 'java/lang/NoSuchMethodError': java.lang.Object.a()Ldx$b;> (0x0000000675e358a8) thrown at [C:\re\workspace\8-2-build-windows-amd64-cygwin\jdk8u51\3951\hotspot\src\share\vm\interpreter\linkResolver.cpp, line 582]
Event: 27.611 Thread 0x0000000002823000 Exception <a 'java/lang/NoSuchMethodError': java.lang.Object.b()Ldx$a;> (0x0000000675e3ea28) thrown at [C:\re\workspace\8-2-build-windows-amd64-cygwin\jdk8u51\3951\hotspot\src\share\vm\interpreter\linkResolver.cpp, line 582]
Event: 27.943 Thread 0x0000000027808000 Implicit null exception at 0x0000000002a46b97 to 0x0000000002a46d19

Events (10 events):
Event: 32.665 loading class dov
Event: 32.665 loading class dov done
Event: 32.672 Thread 0x0000000002823000 Uncommon trap: trap_request=0xffffff65 fr.pc=0x0000000002f23010
Event: 32.672 Thread 0x0000000002823000 DEOPT PACKING pc=0x0000000002f23010 sp=0x000000000281bc20
Event: 32.672 Thread 0x0000000002823000 DEOPT UNPACKING pc=0x000000000296582a sp=0x000000000281bb68 mode 2
Event: 32.673 loading class org/objectweb/asm/tree/TryCatchBlockNode
Event: 32.673 loading class org/objectweb/asm/tree/TryCatchBlockNode done
Event: 32.700 Executing VM operation: G1IncCollectionPause
Event: 32.996 Executing VM operation: G1IncCollectionPause done
Event: 33.157 Executing VM operation: G1IncCollectionPause


Dynamic libraries:
0x00007ff793240000 - 0x00007ff793277000 	C:\Program Files\Java\jre1.8.0_51\bin\javaw.exe
0x00007ffb54160000 - 0x00007ffb54350000 	C:\WINDOWS\SYSTEM32\ntdll.dll
0x00007ffb39c10000 - 0x00007ffb39c23000 	C:\Program Files\AVG\Antivirus\aswhook.dll
0x00007ffb53750000 - 0x00007ffb53802000 	C:\WINDOWS\System32\KERNEL32.DLL
0x00007ffb51660000 - 0x00007ffb51905000 	C:\WINDOWS\System32\KERNELBASE.dll
0x00007ffb53520000 - 0x00007ffb535c3000 	C:\WINDOWS\System32\ADVAPI32.dll
0x00007ffb53090000 - 0x00007ffb5312e000 	C:\WINDOWS\System32\msvcrt.dll
0x00007ffb532e0000 - 0x00007ffb53377000 	C:\WINDOWS\System32\sechost.dll
0x00007ffb53630000 - 0x00007ffb53750000 	C:\WINDOWS\System32\RPCRT4.dll
0x00007ffb53380000 - 0x00007ffb53515000 	C:\WINDOWS\System32\USER32.dll
0x00007ffb51910000 - 0x00007ffb51931000 	C:\WINDOWS\System32\win32u.dll
0x00007ffb522f0000 - 0x00007ffb52316000 	C:\WINDOWS\System32\GDI32.dll
0x00007ffb51290000 - 0x00007ffb51426000 	C:\WINDOWS\System32\gdi32full.dll
0x00007ffb511f0000 - 0x00007ffb5128e000 	C:\WINDOWS\System32\msvcp_win.dll
0x00007ffb510f0000 - 0x00007ffb511ea000 	C:\WINDOWS\System32\ucrtbase.dll
0x00007ffb3adb0000 - 0x00007ffb3b034000 	C:\WINDOWS\WinSxS\amd64_microsoft.windows.common-controls_6595b64144ccf1df_6.0.18362.1082_none_9e8193e1e45b25c1\COMCTL32.dll
0x00007ffb53d10000 - 0x00007ffb54045000 	C:\WINDOWS\System32\combase.dll
0x00007ffb515e0000 - 0x00007ffb51660000 	C:\WINDOWS\System32\bcryptPrimitives.dll
0x00007ffb53060000 - 0x00007ffb5308e000 	C:\WINDOWS\System32\IMM32.DLL
0x000000005bc70000 - 0x000000005bd42000 	C:\Program Files\Java\jre1.8.0_51\bin\msvcr100.dll
0x000000005b3e0000 - 0x000000005bc63000 	C:\Program Files\Java\jre1.8.0_51\bin\server\jvm.dll
0x00007ffb522e0000 - 0x00007ffb522e8000 	C:\WINDOWS\System32\PSAPI.DLL
0x00007ffb41cf0000 - 0x00007ffb41cf9000 	C:\WINDOWS\SYSTEM32\WSOCK32.dll
0x00007ffb53ca0000 - 0x00007ffb53d0f000 	C:\WINDOWS\System32\WS2_32.dll
0x00007ffb4f2d0000 - 0x00007ffb4f2f4000 	C:\WINDOWS\SYSTEM32\WINMM.dll
0x00007ffb4bfe0000 - 0x00007ffb4bfea000 	C:\WINDOWS\SYSTEM32\VERSION.dll
0x00007ffb4f140000 - 0x00007ffb4f16d000 	C:\WINDOWS\SYSTEM32\WINMMBASE.dll
0x00007ffb51960000 - 0x00007ffb519aa000 	C:\WINDOWS\System32\cfgmgr32.dll
0x000000005b3d0000 - 0x000000005b3df000 	C:\Program Files\Java\jre1.8.0_51\bin\verify.dll
0x000000005b3a0000 - 0x000000005b3c9000 	C:\Program Files\Java\jre1.8.0_51\bin\java.dll
0x000000005b380000 - 0x000000005b396000 	C:\Program Files\Java\jre1.8.0_51\bin\zip.dll
0x00007ffb52550000 - 0x00007ffb52c37000 	C:\WINDOWS\System32\SHELL32.dll
0x00007ffb52490000 - 0x00007ffb52539000 	C:\WINDOWS\System32\shcore.dll
0x00007ffb519b0000 - 0x00007ffb52130000 	C:\WINDOWS\System32\windows.storage.dll
0x00007ffb51050000 - 0x00007ffb51073000 	C:\WINDOWS\System32\profapi.dll
0x00007ffb510a0000 - 0x00007ffb510ea000 	C:\WINDOWS\System32\powrprof.dll
0x00007ffb51020000 - 0x00007ffb51030000 	C:\WINDOWS\System32\UMPDC.dll
0x00007ffb535d0000 - 0x00007ffb53622000 	C:\WINDOWS\System32\shlwapi.dll
0x00007ffb51030000 - 0x00007ffb51041000 	C:\WINDOWS\System32\kernel.appcore.dll
0x00007ffb51940000 - 0x00007ffb51957000 	C:\WINDOWS\System32\cryptsp.dll
0x000000005b370000 - 0x000000005b37d000 	C:\Program Files\Java\jre1.8.0_51\bin\management.dll
0x000000005b1b0000 - 0x000000005b1ca000 	C:\Program Files\Java\jre1.8.0_51\bin\net.dll
0x00007ffb50810000 - 0x00007ffb50877000 	C:\WINDOWS\system32\mswsock.dll
0x00007ffb2aab0000 - 0x00007ffb2aac6000 	C:\WINDOWS\system32\napinsp.dll
0x00007ffb2a400000 - 0x00007ffb2a41a000 	C:\WINDOWS\system32\pnrpnsp.dll
0x00007ffb50560000 - 0x00007ffb5062b000 	C:\WINDOWS\SYSTEM32\DNSAPI.dll
0x00007ffb52540000 - 0x00007ffb52548000 	C:\WINDOWS\System32\NSI.dll
0x00007ffb50520000 - 0x00007ffb5055a000 	C:\WINDOWS\SYSTEM32\IPHLPAPI.DLL
0x00007ffb2aa90000 - 0x00007ffb2aa9e000 	C:\WINDOWS\System32\winrnr.dll
0x00007ffb4d850000 - 0x00007ffb4d86c000 	C:\WINDOWS\system32\NLAapi.dll
0x00007ffb3b050000 - 0x00007ffb3b065000 	C:\WINDOWS\system32\wshbth.dll
0x00007ffb4b360000 - 0x00007ffb4b3d7000 	C:\WINDOWS\System32\fwpuclnt.dll
0x00007ffb52130000 - 0x00007ffb52156000 	C:\WINDOWS\System32\bcrypt.dll
0x00007ffb49970000 - 0x00007ffb4997a000 	C:\Windows\System32\rasadhlp.dll
0x000000005b190000 - 0x000000005b1a1000 	C:\Program Files\Java\jre1.8.0_51\bin\nio.dll
0x00007ffb50060000 - 0x00007ffb50091000 	C:\WINDOWS\SYSTEM32\ntmarta.dll
0x00007ffb50380000 - 0x00007ffb503b3000 	C:\WINDOWS\system32\rsaenh.dll
0x00007ffb50f40000 - 0x00007ffb50f65000 	C:\WINDOWS\SYSTEM32\USERENV.dll
0x00007ffb509e0000 - 0x00007ffb509ec000 	C:\WINDOWS\SYSTEM32\CRYPTBASE.dll
0x00007ffb4c020000 - 0x00007ffb4c036000 	C:\WINDOWS\SYSTEM32\dhcpcsvc6.DLL
0x00007ffb4c000000 - 0x00007ffb4c01c000 	C:\WINDOWS\SYSTEM32\dhcpcsvc.DLL
0x00007ffb4afa0000 - 0x00007ffb4b194000 	C:\WINDOWS\SYSTEM32\dbghelp.dll

VM Arguments:
jvm_args: -Djava.net.preferIPv4Stack=true -Xmn128M -Xmx6897M -XX:HeapDumpPath=MojangTricksIntelDriversForPerformance_javaw.exe_minecraft.exe.heapdump -Xss1M -Djava.library.path=E:\Minecraft\versions\1.16.3\natives -Dminecraft.launcher.brand=minecraft-launcher -Dminecraft.launcher.version=2.0.1003 -Dminecraft.applet.TargetDirectory=E:\Minecraft -XX:+UnlockExperimentalVMOptions -XX:+UseG1GC -XX:G1NewSizePercent=20 -XX:G1ReservePercent=20 -XX:MaxGCPauseMillis=50 -XX:G1HeapRegionSize=32M -Dfml.ignoreInvalidMinecraftCertificates=true -Dfml.ignorePatchDiscrepancies=true 
java_command: org.tlauncher.Launch --username Whitebeard --version 1.16.3 --gameDir E:\Minecraft --assetsDir E:\Minecraft\assets --assetIndex 1.16 --uuid 00000000-0000-0000-0000-000000000000 --accessToken null --userType legacy --versionType release --width 925 --height 530
java_class_path (initial): E:\Minecraft\libraries\org\tlauncher\tl_skin_cape_1.16.3\1.14\tl_skin_cape_1.16.3-1.14.jar;E:\Minecraft\libraries\org\ow2\asm\asm-tree\6.2\asm-tree-6.2.jar;E:\Minecraft\libraries\org\ow2\asm\asm\6.2\asm-6.2.jar;E:\Minecraft\libraries\org\ow2\asm\asm-commons\6.2\asm-commons-6.2.jar;E:\Minecraft\libraries\net\minecraft\launchwrapper\1.12\launchwrapper-1.12.jar;E:\Minecraft\libraries\org\tlauncher\patchy\1.1\patchy-1.1.jar;E:\Minecraft\libraries\oshi-project\oshi-core\1.1\oshi-core-1.1.jar;E:\Minecraft\libraries\net\java\dev\jna\jna\4.4.0\jna-4.4.0.jar;E:\Minecraft\libraries\net\java\dev\jna\platform\3.4.0\platform-3.4.0.jar;E:\Minecraft\libraries\com\ibm\icu\icu4j\66.1\icu4j-66.1.jar;E:\Minecraft\libraries\com\mojang\javabridge\1.0.22\javabridge-1.0.22.jar;E:\Minecraft\libraries\net\sf\jopt-simple\jopt-simple\5.0.3\jopt-simple-5.0.3.jar;E:\Minecraft\libraries\io\netty\netty-all\4.1.25.Final\netty-all-4.1.25.Final.jar;E:\Minecraft\libraries\com\google\guava\guava\21.0\guava-21.0.jar;E:\Minecraft\libraries\org\apache\commons\commons-lang3\3.5\commons-lang3-3.5.jar;E:\Minecraft\libraries\commons-io\commons-io\2.5\commons-io-2.5.jar;E:\Minecraft\libraries\commons-codec\commons-codec\1.10\commons-codec-1.10.jar;E:\Minecraft\libraries\net\java\jinput\jinput\2.0.5\jinput-2.0.5.jar;E:\Minecraft\libraries\net\java\jutils\jutils\1.0.0\jutils-1.0.0.jar;E:\Minecraft\libraries\com\mojang\brigadier\1.0.17\brigadier-1.0.17.jar;E:\Minecraft\libraries\com\mojang\datafixerupper\4.0.26\datafixerupper-4.0.26.jar;E:\Minecraft\libraries\com\google\code\gson\gson\2.8.0\gson-2.8.0.jar;E:\Minecraft\libraries\org\tlauncher\authlib\1.8.25\authlib-1.8.25.jar;E:\Minecraft\libraries\org\apache\commons\commons-compress\1.8.1\commons-compress-1.8.1.jar;E:\Minecraft\libraries\org\apache\httpcomponents\httpclient\4.3.3\httpclient-4.3.3.jar;E:\Minecraft\libraries\commons-logging\commons-logging\1.1.3\commons-logging-1.1.3.jar;E:\Minecraft\libraries\org\apache\httpcomponents
Launcher Type: SUN_STANDARD

Environment Variables:
PATH=C:\ProgramData\Oracle\Java\javapath;C:\WINDOWS\system32;C:\WINDOWS;C:\WINDOWS\System32\Wbem;C:\WINDOWS\System32\WindowsPowerShell\v1.0\;C:\WINDOWS\System32\OpenSSH\;C:\Program Files (x86)\ZeroTier\One\;E:\Git\cmd;E:\MinGW\bin;E:\Git\usr\bin;C:\Users\WhiTeBeard\AppData\Local\Programs\Python\Python38\Scripts\;C:\Users\WhiTeBeard\AppData\Local\Programs\Python\Python38\;C:\Users\WhiTeBeard\AppData\Local\Microsoft\WindowsApps;C:\Users\WhiTeBeard\AppData\Local\atom\bin;C:\Users\WhiTeBeard\AppData\Local\Microsoft\WindowsApps;C:\Program Files\Java\jre1.8.0_51\bin
USERNAME=WhiTeBeard
OS=Windows_NT
PROCESSOR_IDENTIFIER=Intel64 Family 6 Model 158 Stepping 11, GenuineIntel



---------------  S Y S T E M  ---------------

OS: Windows 10.0 , 64 bit Build 18362 (10.0.18362.1082)

CPU:total 4 (4 cores per cpu, 1 threads per core) family 6 model 158 stepping 11, cmov, cx8, fxsr, mmx, sse, sse2, sse3, ssse3, sse4.1, sse4.2, popcnt, avx, avx2, aes, clmul, erms, 3dnowpref, lzcnt, tsc, tscinvbit, bmi1, bmi2, adx

Memory: 4k page, physical 8291804k(147916k free), swap 22735328k(61328k free)

vm_info: Java HotSpot(TM) 64-Bit Server VM (25.51-b03) for windows-amd64 JRE (1.8.0_51-b16), built on Jun  8 2015 18:03:07 by "java_re" with MS VC++ 10.0 (VS2010)

time: Tue Sep 22 22:27:38 2020
elapsed time: 33 seconds (0d 0h 0m 33s)

