
-------------------------------------------------------------------
run double running protection
[Downloader2] Loaded configuration: normal
[Bootstrapper] createLauncher
path C:\Program Files\Java\jre1.8.0_51
[Bootstrapper] choose jvm:C:\Program Files\Java\jre1.8.0_51\bin\javaw.exe
[Bootstrapper] validate files
[Bootstrapper] end validated files
[Bootstrapper] Starting launcher...
> Loading configuration from file: C:\Users\WhiTeBeard\AppData\Roaming\.tlauncher\tlauncher-2.0.properties
> [Configuration] Constant values: {}
> [Loading] INITIALIZING
> Starting TLauncher 2.72 RELEASE
> For more information, visit https://tlauncher.org/
> Startup time: Sep 24, 2020 12:42:00 PM
> ---
> run double running protection
> [Loading] LOADING_CONFIGURATION
> Machine info: -------------------------------------------------------
> Windows 8.1 6.3, Java 1.8.0_51, jvm bit x64, 8097 MB RAM
> java path=C:\Program Files\Java\jre1.8.0_51\bin\javaw.exe
> Intel(R) Core(TM) i3-8100 CPU @ 3.60GHz
>  Intel(R) UHD Graphics 630, Intel(R) UHD Graphics Family, 4176 MB
> -------------------------------------------------------
> Selected locale: en_US
> [Loading] LOADING_CONSOLE
> [Downloader2] Loaded configuration: good
> [Updater] Requesting an update...
> [Updater] Requesting from: http://repo.tlauncher.org/update/lch/update_2.0.json
> [Updater] Making request: http://repo.tlauncher.org/update/lch/update_2.0.json?version=2.72&client=c82e3a8b-40ea-4b56-99aa-2e1f95aa15f1
> [Browser] Loading resources...
> [Browser] Loading background...
> [Browser] Cleaning up after loading:
> Starting garbage collector: 61 / 108 MB
> Garbage collector completed: 14 / 108 MB
> [Loading] LOADING_MANAGERS
> [LocalVersionList] Base directory: E:\Minecraft
> [ProfileManager] Refreshing profiles from: E:\Minecraft\TlauncherProfiles.json
> [AdvertisingStatusObserver]  started to get ad information
> [AdvertisingStatusObserver]  finished to get add information
> [GsonUtil]  request to http://repo.tlauncher.org/update/downloads/libraries/org/tlauncher/authlib/libraries-1.6.json
> [Loading] LOADING_WINDOW
> [Swing] Favicons loaded: 256px, 128px, 96px, 64px, 48px, 32px, 24px, 16px
> [Loading] PREPARING_MAINPANE
> [JFXStartPageLoader]  start load page: http://page.tlauncher.org/update/downloads/configs/client/eng.html
> [Browser] Running in JavaFX Thread
> [Browser] Preparing JavaFX...
> [Updater] Request time: 628 ms
> [Updater] Successfully requested from: http://repo.tlauncher.org/update/lch/update_2.0.json
> [Browser] Initializing...
> [REPO][SERVER_LIST_REPO] Success: Reached the repo in 394 ms.
> [JFXStartPageLoader]  succeeded load page: http://page.tlauncher.org/update/downloads/configs/client/eng.html during 1
> [Browser@94519710] Loaded successfully: "http://page.tlauncher.org/update/downloads/configs/client/eng.html"
> [Browser] add listens into server_choose
> [Browser] finished listens into server_choose
> [Downloader2] Loaded configuration: good
> [Loading] POSTINIT_GUI
> [Frame] Packing main frame...
> [Frame] Resizing main pane...
> Updater is already closed. Showing up...
> Visibility set.
> [Loading] REFRESHING_INFO
> [REPO][EXTRA_VERSION_REPO] Attempt #1; timeout: 45000 ms; url: http://repo.tlauncher.org/update/downloads/versions/new3/
> Started! (4186 ms.)
> [Loading] SUCCESS
[Bootstrapper] I can be terminated now: 0
