2020-09-20 18:42:01,777 main 
2020-09-20 18:42:01,777 main -------------------------------------------------------------------
2020-09-20 18:42:03,469 main run double running protectin
2020-09-20 18:42:03,472 main [Downloader2] Loaded configuration: normal
2020-09-20 18:42:03,622 main [TLAUNCHER][STATIC] initialize inner config
2020-09-20 18:42:03,624 MD#1 [Downloader2] Files in queue 14
2020-09-20 18:42:03,624 MD#1 [Downloader2] Starting download 14 files...
2020-09-20 18:42:03,893 DT#1#2 [D#1] >  http://repo.tlauncher.org/update/downloads/libraries/com/google/inject/guice/4.1.0/guice-4.1.0.jar 
2020-09-20 18:42:03,893 DT#2#3 [D#2] >  https://securerepository.net/update/downloads/libraries/javax/inject/javax.inject/1/javax.inject-1.jar 
2020-09-20 18:42:04,758 DT#1#2 [D#1] >  http://repo.tlauncher.org/update/downloads/libraries/com/google/inject/extentions/guice-assistedinject/4.1.0/guice-assistedinject-4.1.0.jar 
2020-09-20 18:42:04,855 DT#1#2 [D#1] >  http://central.maven.org/maven2/com/google/guava/guava/19.0/guava-19.0.jar 
2020-09-20 18:42:04,861 DT#2#3 [D#2] >  http://central.maven.org/maven2/aopalliance/aopalliance/1.0/aopalliance-1.0.jar 
2020-09-20 18:42:04,974 DT#1#2 [D#1] >  Failed to download from:  http://central.maven.org/maven2/com/google/guava/guava/19.0/guava-19.0.jar
java.net.UnknownHostException: central.maven.org
at java.net.AbstractPlainSocketImpl.connect(Unknown Source)
at java.net.PlainSocketImpl.connect(Unknown Source)
at java.net.SocksSocketImpl.connect(Unknown Source)
at java.net.Socket.connect(Unknown Source)
at sun.net.NetworkClient.doConnect(Unknown Source)
at sun.net.www.http.HttpClient.openServer(Unknown Source)
at sun.net.www.http.HttpClient.openServer(Unknown Source)
at sun.net.www.http.HttpClient.<init>(Unknown Source)
at sun.net.www.http.HttpClient.New(Unknown Source)
at sun.net.www.http.HttpClient.New(Unknown Source)
at sun.net.www.protocol.http.HttpURLConnection.getNewHttpClient(Unknown Source)
at sun.net.www.protocol.http.HttpURLConnection.plainConnect0(Unknown Source)
at sun.net.www.protocol.http.HttpURLConnection.plainConnect(Unknown Source)
at sun.net.www.protocol.http.HttpURLConnection.connect(Unknown Source)
at org.tlauncher.tlauncher.downloader.DownloaderThread.downloadURL(DownloaderThread.java:181)
at org.tlauncher.tlauncher.downloader.DownloaderThread.download(DownloaderThread.java:153)
at org.tlauncher.tlauncher.downloader.DownloaderThread.run(DownloaderThread.java:92)
Thread called by: org.tlauncher.util.async.ExtendedThread$ExtendedThreadCaller
at org.tlauncher.util.async.ExtendedThread.<init>(ExtendedThread.java:17)
at org.tlauncher.tlauncher.downloader.DownloaderThread.<init>(DownloaderThread.java:41)
at org.tlauncher.tlauncher.downloader.Downloader.sortOut(Downloader.java:243)
at org.tlauncher.tlauncher.downloader.Downloader.run(Downloader.java:194)

2020-09-20 18:42:04,975 DT#2#3 [D#2] >  Failed to download from:  http://central.maven.org/maven2/aopalliance/aopalliance/1.0/aopalliance-1.0.jar
java.net.UnknownHostException: central.maven.org
at java.net.AbstractPlainSocketImpl.connect(Unknown Source)
at java.net.PlainSocketImpl.connect(Unknown Source)
at java.net.SocksSocketImpl.connect(Unknown Source)
at java.net.Socket.connect(Unknown Source)
at sun.net.NetworkClient.doConnect(Unknown Source)
at sun.net.www.http.HttpClient.openServer(Unknown Source)
at sun.net.www.http.HttpClient.openServer(Unknown Source)
at sun.net.www.http.HttpClient.<init>(Unknown Source)
at sun.net.www.http.HttpClient.New(Unknown Source)
at sun.net.www.http.HttpClient.New(Unknown Source)
at sun.net.www.protocol.http.HttpURLConnection.getNewHttpClient(Unknown Source)
at sun.net.www.protocol.http.HttpURLConnection.plainConnect0(Unknown Source)
at sun.net.www.protocol.http.HttpURLConnection.plainConnect(Unknown Source)
at sun.net.www.protocol.http.HttpURLConnection.connect(Unknown Source)
at org.tlauncher.tlauncher.downloader.DownloaderThread.downloadURL(DownloaderThread.java:181)
at org.tlauncher.tlauncher.downloader.DownloaderThread.download(DownloaderThread.java:153)
at org.tlauncher.tlauncher.downloader.DownloaderThread.run(DownloaderThread.java:92)
Thread called by: org.tlauncher.util.async.ExtendedThread$ExtendedThreadCaller
at org.tlauncher.util.async.ExtendedThread.<init>(ExtendedThread.java:17)
at org.tlauncher.tlauncher.downloader.DownloaderThread.<init>(DownloaderThread.java:41)
at org.tlauncher.tlauncher.downloader.Downloader.sortOut(Downloader.java:243)
at org.tlauncher.tlauncher.downloader.Downloader.run(Downloader.java:194)

2020-09-20 18:42:04,975 DT#2#3 [D#2] >  https://securerepository.net/update/downloads/libraries/aopalliance/aopalliance/1.0/aopalliance-1.0.jar 
2020-09-20 18:42:04,975 DT#1#2 [D#1] >  http://repo.tlauncher.org/update/downloads/libraries/com/google/guava/guava/19.0/guava-19.0.jar 
2020-09-20 18:42:05,140 DT#2#3 [D#2] >  http://central.maven.org/maven2/net/sf/jopt-simple/jopt-simple/4.9/jopt-simple-4.9.jar 
2020-09-20 18:42:05,140 DT#2#3 [D#2] >  Failed to download from:  http://central.maven.org/maven2/net/sf/jopt-simple/jopt-simple/4.9/jopt-simple-4.9.jar
java.net.UnknownHostException: central.maven.org
at java.net.AbstractPlainSocketImpl.connect(Unknown Source)
at java.net.PlainSocketImpl.connect(Unknown Source)
at java.net.SocksSocketImpl.connect(Unknown Source)
at java.net.Socket.connect(Unknown Source)
at sun.net.NetworkClient.doConnect(Unknown Source)
at sun.net.www.http.HttpClient.openServer(Unknown Source)
at sun.net.www.http.HttpClient.openServer(Unknown Source)
at sun.net.www.http.HttpClient.<init>(Unknown Source)
at sun.net.www.http.HttpClient.New(Unknown Source)
at sun.net.www.http.HttpClient.New(Unknown Source)
at sun.net.www.protocol.http.HttpURLConnection.getNewHttpClient(Unknown Source)
at sun.net.www.protocol.http.HttpURLConnection.plainConnect0(Unknown Source)
at sun.net.www.protocol.http.HttpURLConnection.plainConnect(Unknown Source)
at sun.net.www.protocol.http.HttpURLConnection.connect(Unknown Source)
at org.tlauncher.tlauncher.downloader.DownloaderThread.downloadURL(DownloaderThread.java:181)
at org.tlauncher.tlauncher.downloader.DownloaderThread.download(DownloaderThread.java:153)
at org.tlauncher.tlauncher.downloader.DownloaderThread.run(DownloaderThread.java:92)
Thread called by: org.tlauncher.util.async.ExtendedThread$ExtendedThreadCaller
at org.tlauncher.util.async.ExtendedThread.<init>(ExtendedThread.java:17)
at org.tlauncher.tlauncher.downloader.DownloaderThread.<init>(DownloaderThread.java:41)
at org.tlauncher.tlauncher.downloader.Downloader.sortOut(Downloader.java:243)
at org.tlauncher.tlauncher.downloader.Downloader.run(Downloader.java:194)

2020-09-20 18:42:05,141 DT#2#3 [D#2] >  http://repo.tlauncher.org/update/downloads/libraries/net/sf/jopt-simple/jopt-simple/4.9/jopt-simple-4.9.jar 
2020-09-20 18:42:05,323 DT#2#3 [D#2] >  http://central.maven.org/maven2/log4j/log4j/1.2.17/log4j-1.2.17.jar 
2020-09-20 18:42:05,323 DT#2#3 [D#2] >  Failed to download from:  http://central.maven.org/maven2/log4j/log4j/1.2.17/log4j-1.2.17.jar
java.net.UnknownHostException: central.maven.org
at java.net.AbstractPlainSocketImpl.connect(Unknown Source)
at java.net.PlainSocketImpl.connect(Unknown Source)
at java.net.SocksSocketImpl.connect(Unknown Source)
at java.net.Socket.connect(Unknown Source)
at sun.net.NetworkClient.doConnect(Unknown Source)
at sun.net.www.http.HttpClient.openServer(Unknown Source)
at sun.net.www.http.HttpClient.openServer(Unknown Source)
at sun.net.www.http.HttpClient.<init>(Unknown Source)
at sun.net.www.http.HttpClient.New(Unknown Source)
at sun.net.www.http.HttpClient.New(Unknown Source)
at sun.net.www.protocol.http.HttpURLConnection.getNewHttpClient(Unknown Source)
at sun.net.www.protocol.http.HttpURLConnection.plainConnect0(Unknown Source)
at sun.net.www.protocol.http.HttpURLConnection.plainConnect(Unknown Source)
at sun.net.www.protocol.http.HttpURLConnection.connect(Unknown Source)
at org.tlauncher.tlauncher.downloader.DownloaderThread.downloadURL(DownloaderThread.java:181)
at org.tlauncher.tlauncher.downloader.DownloaderThread.download(DownloaderThread.java:153)
at org.tlauncher.tlauncher.downloader.DownloaderThread.run(DownloaderThread.java:92)
Thread called by: org.tlauncher.util.async.ExtendedThread$ExtendedThreadCaller
at org.tlauncher.util.async.ExtendedThread.<init>(ExtendedThread.java:17)
at org.tlauncher.tlauncher.downloader.DownloaderThread.<init>(DownloaderThread.java:41)
at org.tlauncher.tlauncher.downloader.Downloader.sortOut(Downloader.java:243)
at org.tlauncher.tlauncher.downloader.Downloader.run(Downloader.java:194)

2020-09-20 18:42:05,324 DT#2#3 [D#2] >  https://securerepository.net/update/downloads/libraries/log4j/log4j/1.2.17/log4j-1.2.17.jar 
2020-09-20 18:42:05,788 DT#1#2 [D#1] >  https://securerepository.net/update/downloads/libraries/org/apache/commons/commons-lang3/3.4/commons-lang3-3.4.jar 
2020-09-20 18:42:06,270 DT#2#3 [D#2] >  http://repo.tlauncher.org/update/downloads/libraries/org/tlauncher/tlauncher-resource/1.4/tlauncher-resource-1.4.jar 
2020-09-20 18:42:06,741 DT#2#3 [D#2] >  http://repo.tlauncher.org/update/downloads/libraries/com/github/junrar/junrar/0.7/junrar-0.7.jar 
2020-09-20 18:42:06,950 DT#1#2 [D#1] >  http://repo.tlauncher.org/update/downloads/libraries/org/tukaani/xz/1.5/xz-1.5.jar 
2020-09-20 18:42:07,081 DT#1#2 [D#1] >  http://repo.tlauncher.org/update/downloads/libraries/org/tlauncher/picture-bundle/2.8/picture-bundle-2.8.jar 
2020-09-20 18:42:07,259 DT#2#3 [D#2] >  http://central.maven.org/maven2/dnsjava/dnsjava/2.1.8/dnsjava-2.1.8.jar 
2020-09-20 18:42:07,259 DT#2#3 [D#2] >  Failed to download from:  http://central.maven.org/maven2/dnsjava/dnsjava/2.1.8/dnsjava-2.1.8.jar
java.net.UnknownHostException: central.maven.org
at java.net.AbstractPlainSocketImpl.connect(Unknown Source)
at java.net.PlainSocketImpl.connect(Unknown Source)
at java.net.SocksSocketImpl.connect(Unknown Source)
at java.net.Socket.connect(Unknown Source)
at sun.net.NetworkClient.doConnect(Unknown Source)
at sun.net.www.http.HttpClient.openServer(Unknown Source)
at sun.net.www.http.HttpClient.openServer(Unknown Source)
at sun.net.www.http.HttpClient.<init>(Unknown Source)
at sun.net.www.http.HttpClient.New(Unknown Source)
at sun.net.www.http.HttpClient.New(Unknown Source)
at sun.net.www.protocol.http.HttpURLConnection.getNewHttpClient(Unknown Source)
at sun.net.www.protocol.http.HttpURLConnection.plainConnect0(Unknown Source)
at sun.net.www.protocol.http.HttpURLConnection.plainConnect(Unknown Source)
at sun.net.www.protocol.http.HttpURLConnection.connect(Unknown Source)
at org.tlauncher.tlauncher.downloader.DownloaderThread.downloadURL(DownloaderThread.java:181)
at org.tlauncher.tlauncher.downloader.DownloaderThread.download(DownloaderThread.java:153)
at org.tlauncher.tlauncher.downloader.DownloaderThread.run(DownloaderThread.java:92)
Thread called by: org.tlauncher.util.async.ExtendedThread$ExtendedThreadCaller
at org.tlauncher.util.async.ExtendedThread.<init>(ExtendedThread.java:17)
at org.tlauncher.tlauncher.downloader.DownloaderThread.<init>(DownloaderThread.java:41)
at org.tlauncher.tlauncher.downloader.Downloader.sortOut(Downloader.java:243)
at org.tlauncher.tlauncher.downloader.Downloader.run(Downloader.java:194)

2020-09-20 18:42:07,259 DT#2#3 [D#2] >  http://repo.tlauncher.org/update/downloads/libraries/dnsjava/dnsjava/2.1.8/dnsjava-2.1.8.jar 
2020-09-20 18:42:07,606 DT#1#2 [D#1] >  http://repo.tlauncher.org/update/downloads/libraries/org/tlauncher/skin-server-API/1.0/skin-server-API-1.0.jar 
2020-09-20 18:42:07,700 main [Bootstrapper] createLauncher
2020-09-20 18:42:07,700 main path C:\Program Files\Java\jre1.8.0_51
2020-09-20 18:42:07,700 main [Bootstrapper] choose jvm:C:\Program Files\Java\jre1.8.0_51\bin\javaw.exe
2020-09-20 18:42:07,701 main [Bootstrapper] validate files
2020-09-20 18:42:07,701 main [Bootstrapper] end validated files
2020-09-20 18:42:07,701 main [Bootstrapper] Starting launcher...
2020-09-20 18:42:07,849 Thread-3 > [TLAUNCHER][STATIC] initialize inner config
2020-09-20 18:42:07,879 Thread-3 > [Loading] INITIALIZING
2020-09-20 18:42:09,533 Thread-3 > Starting TLauncher 2.69 RELEASE
2020-09-20 18:42:09,533 Thread-3 > For more information, visit https://tlauncher.org/
2020-09-20 18:42:09,535 Thread-3 > Startup time: Sep 20, 2020 6:42:09 PM
2020-09-20 18:42:09,535 Thread-3 > ---
2020-09-20 18:42:09,537 Thread-3 > run double running protectin
2020-09-20 18:42:10,005 Thread-3 > [Loading] LOADING_CONFIGURATION
2020-09-20 18:42:10,006 Thread-3 > Loading configuration from file: C:\Users\WhiTeBeard\AppData\Roaming\.tlauncher\tlauncher-2.0.properties
2020-09-20 18:42:10,016 Thread-3 > [Configuration] Constant values: {}
2020-09-20 18:42:10,065 Thread-3 > Machine info: -------------------------------------------------------
2020-09-20 18:42:10,065 Thread-3 > Windows 8.1 6.3, Java 1.8.0_51, jvm bit x64, 8097 MB RAM
2020-09-20 18:42:10,065 Thread-3 > java path=C:\Program Files\Java\jre1.8.0_51\bin\javaw.exe
2020-09-20 18:42:10,065 Thread-3 > Intel(R) Core(TM) i3-8100 CPU @ 3.60GHz
2020-09-20 18:42:10,065 Thread-3 >  Intel(R) UHD Graphics 630, Intel(R) UHD Graphics Family, 4176 MB
2020-09-20 18:42:10,065 Thread-3 > -------------------------------------------------------
2020-09-20 18:42:10,066 Thread-3 > Selected locale: en_US
2020-09-20 18:42:10,106 Thread-3 > [Loading] LOADING_CONSOLE
2020-09-20 18:42:10,338 Thread-3 > [Swing] Favicons loaded: 256px, 128px, 96px, 64px, 48px, 32px, 24px, 16px
2020-09-20 18:42:10,549 Thread-3 > 
2020-09-20 18:42:10,587 Thread-3 > [Downloader2] Loaded configuration: good
2020-09-20 18:42:10,706 Thread-3 > [Updater] Requesting an update...
2020-09-20 18:42:10,708 Thread-3 > [Updater] Requesting from: http://repo.tlauncher.org/update/lch/update_2.0.json
2020-09-20 18:42:10,708 Thread-3 > [Updater] Making request: http://repo.tlauncher.org/update/lch/update_2.0.json?version=2.69&client=c82e3a8b-40ea-4b56-99aa-2e1f95aa15f1
2020-09-20 18:42:10,832 Thread-3 > [Browser] Loading resources...
2020-09-20 18:42:10,955 Thread-3 > [Browser] Loading background...
2020-09-20 18:42:11,002 Thread-3 > [JFXStartPageLoader]  start load page: http://page.tlauncher.org/update/downloads/configs/client/eng.html
2020-09-20 18:42:11,045 Thread-3 > [Browser] Cleaning up after loading:
2020-09-20 18:42:11,045 Thread-3 > Starting garbage collector: 18 / 110 MB
2020-09-20 18:42:11,092 Thread-3 > Garbage collector completed: 14 / 146 MB
2020-09-20 18:42:11,093 Thread-3 > [Browser] Running in JavaFX Thread
2020-09-20 18:42:11,093 Thread-3 > [Browser] Preparing JavaFX...
2020-09-20 18:42:11,094 Thread-3 > [Loading] LOADING_MANAGERS
2020-09-20 18:42:11,101 Thread-3 > [LocalVersionList] Base directory: E:\Minecraft
2020-09-20 18:42:11,109 Thread-3 > [ProfileManager] Refreshing profiles from: E:\Minecraft\TlauncherProfiles.json
2020-09-20 18:42:11,136 Thread-3 > [AdvertisingStatusObserver]  started to get ad information
2020-09-20 18:42:11,136 Thread-3 > [AdvertisingStatusObserver]  finished to get add information
2020-09-20 18:42:11,137 Thread-3 > [GsonUtil]  request to http://repo.tlauncher.org/update/downloads/libraries/org/tlauncher/authlib/libraries-1.6.json
2020-09-20 18:42:11,143 Thread-3 > [Loading] LOADING_WINDOW
2020-09-20 18:42:11,164 Thread-3 > [Browser] Initializing...
2020-09-20 18:42:11,241 Thread-3 > [Loading] PREPARING_MAINPANE
2020-09-20 18:42:11,310 Thread-3 > [Updater] Request time: 602 ms
2020-09-20 18:42:11,311 Thread-3 > [Updater] Successfully requested from: http://repo.tlauncher.org/update/lch/update_2.0.json
2020-09-20 18:42:11,420 Thread-3 > [REPO][SERVER_LIST_REPO] Success: Reached the repo in 270 ms.
2020-09-20 18:42:12,177 Thread-3 > [JFXStartPageLoader]  succeeded load page: http://page.tlauncher.org/update/downloads/configs/client/eng.html during 1
2020-09-20 18:42:12,177 Thread-3 > [Browser@1632285200] Loaded successfully: "http://page.tlauncher.org/update/downloads/configs/client/eng.html"
2020-09-20 18:42:12,242 Thread-3 > [Browser] add listens into server_choose
2020-09-20 18:42:12,242 Thread-3 > [Browser] finished listens into server_choose
2020-09-20 18:42:12,544 Thread-3 > [Downloader2] Loaded configuration: good
2020-09-20 18:42:17,483 Thread-3 > [Update:2.72] Set state: DOWNLOADING
2020-09-20 18:42:17,484 Thread-3 > [Update:2.72] dest C:\Users\WhiTeBeard\AppData\Roaming\.minecraft\TLauncher.exe.update
2020-09-20 18:42:17,484 Thread-3 > [Update:2.72] url: https://securerepository.net/client/TLauncher-2.72.exe
2020-09-20 18:42:17,485 Thread-3 > [Downloader2] Files in queue 1
2020-09-20 18:42:17,486 Thread-3 > [Downloader2] Starting download 1 files...
2020-09-20 18:42:17,587 Thread-3 > [D#1] >  https://securerepository.net/client/TLauncher-2.72.exe 
2020-09-20 18:42:20,065 Thread-3 > [Update:2.72] Set state: READY
2020-09-20 18:42:20,073 Thread-3 > [Double running] clear time label
2020-09-20 18:42:20,074 Thread-3 > [Update:2.72] Set state: APPLYING
2020-09-20 18:42:20,086 Thread-3 > [Bootstrapper] choose jvm for restart:C:\Program Files\Java\jre1.8.0_51\bin\javaw.exe
2020-09-20 18:42:20,135 Thread-3 > Good bye!
2020-09-20 18:42:20,581 Thread-3 [Bootstrapper] I can be terminated now: 0
