[Loading] INITIALIZING
Starting TLauncher 2.72 RELEASE
For more information, visit https://tlauncher.org/
Startup time: Sep 22, 2020 10:26:54 PM
---
run double running protection
[Loading] LOADING_CONFIGURATION
Machine info: -------------------------------------------------------
Windows 8.1 6.3, Java 1.8.0_51, jvm bit x64, 8097 MB RAM
java path=C:\Program Files\Java\jre1.8.0_51\bin\javaw.exe
Intel(R) Core(TM) i3-8100 CPU @ 3.60GHz
 Intel(R) UHD Graphics 630, Intel(R) UHD Graphics Family, 4176 MB
-------------------------------------------------------
Selected locale: en_US
[Loading] LOADING_CONSOLE
[Downloader2] Loaded configuration: good
[Updater] Requesting an update...
[Updater] Requesting from: http://repo.tlauncher.org/update/lch/update_2.0.json
[Updater] Making request: http://repo.tlauncher.org/update/lch/update_2.0.json?version=2.72&client=c82e3a8b-40ea-4b56-99aa-2e1f95aa15f1
[Browser] Loading resources...
[Browser] Loading background...
[Updater] Request time: 374 ms
[Updater] Successfully requested from: http://repo.tlauncher.org/update/lch/update_2.0.json
[Browser] Cleaning up after loading:
Starting garbage collector: 25 / 109 MB
Garbage collector completed: 16 / 147 MB
[Loading] LOADING_MANAGERS
[LocalVersionList] Base directory: E:\Minecraft
[ProfileManager] Refreshing profiles from: E:\Minecraft\TlauncherProfiles.json
[JFXStartPageLoader]  start load page: http://page.tlauncher.org/update/downloads/configs/client/eng.html
[AdvertisingStatusObserver]  started to get ad information
[AdvertisingStatusObserver]  finished to get add information
[Browser] Running in JavaFX Thread
[Browser] Preparing JavaFX...
[Loading] LOADING_WINDOW
[GsonUtil]  request to http://repo.tlauncher.org/update/downloads/libraries/org/tlauncher/authlib/libraries-1.6.json
[Swing] Favicons loaded: 256px, 128px, 96px, 64px, 48px, 32px, 24px, 16px
[Loading] PREPARING_MAINPANE
[Browser] Initializing...
[REPO][SERVER_LIST_REPO] Success: Reached the repo in 350 ms.
[JFXStartPageLoader]  succeeded load page: http://page.tlauncher.org/update/downloads/configs/client/eng.html during 1
[Browser@685445397] Loaded successfully: "http://page.tlauncher.org/update/downloads/configs/client/eng.html"
[Browser] add listens into server_choose
[Browser] finished listens into server_choose
[Downloader2] Loaded configuration: good
[Loading] POSTINIT_GUI
[Frame] Packing main frame...
[Frame] Resizing main pane...
Updater is already closed. Showing up...
Visibility set.
[Loading] REFRESHING_INFO
[REPO][EXTRA_VERSION_REPO] Attempt #1; timeout: 45000 ms; url: http://repo.tlauncher.org/update/downloads/versions/new3/
Started! (5255 ms.)
[Loading] SUCCESS
[VersionManager] Refreshing versions remotely...
[TLauncher] show tlauncher!!!
[Double running] clear time label
[REPO][EXTRA_VERSION_REPO] Success: Reached the repo in 124 ms.
[REPO][SKIN_VERSION_REPO] Attempt #1; timeout: 45000 ms; url: http://repo.tlauncher.org/update/downloads/versions/new3/skin/versions/
[REPO][EXTRA_VERSION_REPO] Attempt #1; timeout: 45000 ms; url: http://repo.tlauncher.org/update/downloads/versions/new3/
[REPO][OFFICIAL_VERSION_REPO] Attempt #1; timeout: 45000 ms; url: https://launchermeta.mojang.com/mc/game/
[REPO][SKIN_VERSION_REPO] Success: Reached the repo in 88 ms.
[REPO][EXTRA_VERSION_REPO] Success: Reached the repo in 90 ms.
[SkinVersionList] Got in 127 ms
[ExtraVersionList] Got in 132 ms
[REPO][OFFICIAL_VERSION_REPO] Success: Reached the repo in 782 ms.
[OfficialVersionList] Got in 841 ms
[VersionManager] Versions has been refreshed (996 ms)
[REPO][ADD_HOT_SERVERS_REPO] Attempt #1; timeout: 45000 ms; url: http://repo.tlauncher.org/update/lch/additional_hot_servers-1.0.json
[REPO][HOT_SERVERS_REPO] Attempt #1; timeout: 45000 ms; url: http://repo.tlauncher.org/update/lch/servers/hot_servers-1.0.json
[REPO][ADD_HOT_SERVERS_REPO] Success: Reached the repo in 190 ms.
[REPO][HOT_SERVERS_REPO] Success: Reached the repo in 167 ms.
[LoginForm] Login was OK. Trying to launch now.
[Launcher] Running under TLauncher 2.72
[Launcher] Collecting info...
[TLauncherManager] before clearLibrary 
[TLauncherManager] written:  []
[TLauncherManager] after clearLibrary 
[Launcher] Force update: false
[Launcher] Selected version: latest-release
[Launcher] Selected account: Account{displayName=null, userid=null, uuid=null, username=Whitebeard}
[Launcher] Version sync info: VersionSyncInfo{id='1.16.3',
local=CompleteVersion{id='1.16.3', time=Thu Sep 10 19:17:47 IST 2020, release=Thu Sep 10 19:12:37 IST 2020, type=release, class=net.minecraft.client.main.Main, minimumVersion=21, assets='1.16', source=LOCAL_VERSION_REPO, list=net.minecraft.launcher.updater.OfficialVersionList@65027a45, libraries=[Library{name='com.mojang:patchy:1.1', rules=null, natives=null, extract=null, packed='null'}, Library{name='oshi-project:oshi-core:1.1', rules=null, natives=null, extract=null, packed='null'}, Library{name='net.java.dev.jna:jna:4.4.0', rules=null, natives=null, extract=null, packed='null'}, Library{name='net.java.dev.jna:platform:3.4.0', rules=null, natives=null, extract=null, packed='null'}, Library{name='com.ibm.icu:icu4j:66.1', rules=null, natives=null, extract=null, packed='null'}, Library{name='com.mojang:javabridge:1.0.22', rules=null, natives=null, extract=null, packed='null'}, Library{name='net.sf.jopt-simple:jopt-simple:5.0.3', rules=null, natives=null, extract=null, packed='null'}, Library{name='io.netty:netty-all:4.1.25.Final', rules=null, natives=null, extract=null, packed='null'}, Library{name='com.google.guava:guava:21.0', rules=null, natives=null, extract=null, packed='null'}, Library{name='org.apache.commons:commons-lang3:3.5', rules=null, natives=null, extract=null, packed='null'}, Library{name='commons-io:commons-io:2.5', rules=null, natives=null, extract=null, packed='null'}, Library{name='commons-codec:commons-codec:1.10', rules=null, natives=null, extract=null, packed='null'}, Library{name='net.java.jinput:jinput:2.0.5', rules=null, natives=null, extract=null, packed='null'}, Library{name='net.java.jutils:jutils:1.0.0', rules=null, natives=null, extract=null, packed='null'}, Library{name='com.mojang:brigadier:1.0.17', rules=null, natives=null, extract=null, packed='null'}, Library{name='com.mojang:datafixerupper:4.0.26', rules=null, natives=null, extract=null, packed='null'}, Library{name='com.google.code.gson:gson:2.8.0', rules=null, natives=null, extract=null, packed='null'}, Library{name='com.mojang:authlib:1.6.25', rules=null, natives=null, extract=null, packed='null'}, Library{name='org.apache.commons:commons-compress:1.8.1', rules=null, natives=null, extract=null, packed='null'}, Library{name='org.apache.httpcomponents:httpclient:4.3.3', rules=null, natives=null, extract=null, packed='null'}, Library{name='commons-logging:commons-logging:1.1.3', rules=null, natives=null, extract=null, packed='null'}, Library{name='org.apache.httpcomponents:httpcore:4.3.2', rules=null, natives=null, extract=null, packed='null'}, Library{name='it.unimi.dsi:fastutil:8.2.1', rules=null, natives=null, extract=null, packed='null'}, Library{name='org.apache.logging.log4j:log4j-api:2.8.1', rules=null, natives=null, extract=null, packed='null'}, Library{name='org.apache.logging.log4j:log4j-core:2.8.1', rules=null, natives=null, extract=null, packed='null'}, Library{name='org.lwjgl:lwjgl:3.2.1', rules=[Rule{action=ALLOW, os=OSRestriction{name=OSX, version='null'}, features=null}], natives=null, extract=null, packed='null'}, Library{name='org.lwjgl:lwjgl:3.2.2', rules=[Rule{action=ALLOW, os=null, features=null}, Rule{action=DISALLOW, os=OSRestriction{name=OSX, version='null'}, features=null}], natives=null, extract=null, packed='null'}, Library{name='org.lwjgl:lwjgl-jemalloc:3.2.1', rules=[Rule{action=ALLOW, os=OSRestriction{name=OSX, version='null'}, features=null}], natives=null, extract=null, packed='null'}, Library{name='org.lwjgl:lwjgl-jemalloc:3.2.2', rules=[Rule{action=ALLOW, os=null, features=null}, Rule{action=DISALLOW, os=OSRestriction{name=OSX, version='null'}, features=null}], natives=null, extract=null, packed='null'}, Library{name='org.lwjgl:lwjgl-openal:3.2.1', rules=[Rule{action=ALLOW, os=OSRestriction{name=OSX, version='null'}, features=null}], natives=null, extract=null, packed='null'}, Library{name='org.lwjgl:lwjgl-openal:3.2.2', rules=[Rule{action=ALLOW, os=null, features=null}, Rule{action=DISALLOW, os=OSRestriction{name=OSX, version='null'}, features=null}], natives=null, extract=null, packed='null'}, Library{name='org.lwjgl:lwjgl-opengl:3.2.1', rules=[Rule{action=ALLOW, os=OSRestriction{name=OSX, version='null'}, features=null}], natives=null, extract=null, packed='null'}, Library{name='org.lwjgl:lwjgl-opengl:3.2.2', rules=[Rule{action=ALLOW, os=null, features=null}, Rule{action=DISALLOW, os=OSRestriction{name=OSX, version='null'}, features=null}], natives=null, extract=null, packed='null'}, Library{name='org.lwjgl:lwjgl-glfw:3.2.1', rules=[Rule{action=ALLOW, os=OSRestriction{name=OSX, version='null'}, features=null}], natives=null, extract=null, packed='null'}, Library{name='org.lwjgl:lwjgl-glfw:3.2.2', rules=[Rule{action=ALLOW, os=null, features=null}, Rule{action=DISALLOW, os=OSRestriction{name=OSX, version='null'}, features=null}], natives=null, extract=null, packed='null'}, Library{name='org.lwjgl:lwjgl-stb:3.2.1', rules=[Rule{action=ALLOW, os=OSRestriction{name=OSX, version='null'}, features=null}], natives=null, extract=null, packed='null'}, Library{name='org.lwjgl:lwjgl-stb:3.2.2', rules=[Rule{action=ALLOW, os=null, features=null}, Rule{action=DISALLOW, os=OSRestriction{name=OSX, version='null'}, features=null}], natives=null, extract=null, packed='null'}, Library{name='org.lwjgl:lwjgl-tinyfd:3.2.1', rules=[Rule{action=ALLOW, os=OSRestriction{name=OSX, version='null'}, features=null}], natives=null, extract=null, packed='null'}, Library{name='org.lwjgl:lwjgl-tinyfd:3.2.2', rules=[Rule{action=ALLOW, os=null, features=null}, Rule{action=DISALLOW, os=OSRestriction{name=OSX, version='null'}, features=null}], natives=null, extract=null, packed='null'}, Library{name='org.lwjgl:lwjgl:3.2.1', rules=[Rule{action=ALLOW, os=OSRestriction{name=OSX, version='null'}, features=null}], natives={OSX=natives-macos}, extract=null, packed='null'}, Library{name='org.lwjgl:lwjgl:3.2.2', rules=[Rule{action=ALLOW, os=null, features=null}, Rule{action=DISALLOW, os=OSRestriction{name=OSX, version='null'}, features=null}], natives={LINUX=natives-linux, WINDOWS=natives-windows}, extract=null, packed='null'}, Library{name='org.lwjgl:lwjgl-jemalloc:3.2.1', rules=[Rule{action=ALLOW, os=OSRestriction{name=OSX, version='null'}, features=null}], natives={OSX=natives-macos}, extract=null, packed='null'}, Library{name='org.lwjgl:lwjgl-jemalloc:3.2.2', rules=[Rule{action=ALLOW, os=null, features=null}, Rule{action=DISALLOW, os=OSRestriction{name=OSX, version='null'}, features=null}], natives={LINUX=natives-linux, WINDOWS=natives-windows}, extract=null, packed='null'}, Library{name='org.lwjgl:lwjgl-openal:3.2.1', rules=[Rule{action=ALLOW, os=OSRestriction{name=OSX, version='null'}, features=null}], natives={OSX=natives-macos}, extract=null, packed='null'}, Library{name='org.lwjgl:lwjgl-openal:3.2.2', rules=[Rule{action=ALLOW, os=null, features=null}, Rule{action=DISALLOW, os=OSRestriction{name=OSX, version='null'}, features=null}], natives={LINUX=natives-linux, WINDOWS=natives-windows}, extract=null, packed='null'}, Library{name='org.lwjgl:lwjgl-opengl:3.2.1', rules=[Rule{action=ALLOW, os=OSRestriction{name=OSX, version='null'}, features=null}], natives={OSX=natives-macos}, extract=null, packed='null'}, Library{name='org.lwjgl:lwjgl-opengl:3.2.2', rules=[Rule{action=ALLOW, os=null, features=null}, Rule{action=DISALLOW, os=OSRestriction{name=OSX, version='null'}, features=null}], natives={LINUX=natives-linux, WINDOWS=natives-windows}, extract=null, packed='null'}, Library{name='org.lwjgl:lwjgl-glfw:3.2.1', rules=[Rule{action=ALLOW, os=OSRestriction{name=OSX, version='null'}, features=null}], natives={OSX=natives-macos}, extract=null, packed='null'}, Library{name='org.lwjgl:lwjgl-glfw:3.2.2', rules=[Rule{action=ALLOW, os=null, features=null}, Rule{action=DISALLOW, os=OSRestriction{name=OSX, version='null'}, features=null}], natives={LINUX=natives-linux, WINDOWS=natives-windows}, extract=null, packed='null'}, Library{name='org.lwjgl:lwjgl-stb:3.2.1', rules=[Rule{action=ALLOW, os=OSRestriction{name=OSX, version='null'}, features=null}], natives={OSX=natives-macos}, extract=null, packed='null'}, Library{name='org.lwjgl:lwjgl-tinyfd:3.2.2', rules=[Rule{action=ALLOW, os=null, features=null}, Rule{action=DISALLOW, os=OSRestriction{name=OSX, version='null'}, features=null}], natives={LINUX=natives-linux, WINDOWS=natives-windows}, extract=null, packed='null'}, Library{name='org.lwjgl:lwjgl-tinyfd:3.2.1', rules=[Rule{action=ALLOW, os=OSRestriction{name=OSX, version='null'}, features=null}], natives={OSX=natives-macos}, extract=null, packed='null'}, Library{name='org.lwjgl:lwjgl-stb:3.2.2', rules=[Rule{action=ALLOW, os=null, features=null}, Rule{action=DISALLOW, os=OSRestriction{name=OSX, version='null'}, features=null}], natives={LINUX=natives-linux, WINDOWS=natives-windows}, extract=null, packed='null'}, Library{name='com.mojang:text2speech:1.11.3', rules=null, natives=null, extract=null, packed='null'}, Library{name='com.mojang:text2speech:1.11.3', rules=null, natives={LINUX=natives-linux, WINDOWS=natives-windows}, extract=net.minecraft.launcher.versions.ExtractRules@447c1b1d, packed='null'}, Library{name='ca.weblite:java-objc-bridge:1.0.0', rules=[Rule{action=ALLOW, os=OSRestriction{name=OSX, version='null'}, features=null}], natives={OSX=natives-osx}, extract=net.minecraft.launcher.versions.ExtractRules@2e593bf6, packed='null'}, Library{name='ca.weblite:java-objc-bridge:1.0.0', rules=[Rule{action=ALLOW, os=OSRestriction{name=OSX, version='null'}, features=null}], natives=null, extract=null, packed='null'}]},
remote=PartialVersion{id='1.16.3', time=Thu Sep 10 19:17:47 IST 2020, release=Thu Sep 10 19:12:37 IST 2020, type=release, source=OFFICIAL_VERSION_REPO, list=net.minecraft.launcher.updater.OfficialVersionList@65027a45}, isInstalled=true, hasRemote=true, isUpToDate=true}
[Launcher] Java path: C:\Program Files\Java\jre1.8.0_51\bin\javaw.exe
[Launcher] Checking conditions...
[Launcher] Comparing assets...
[AssetsManager] Checking resources...
[AssetsManager] Reading indexes from file E:\Minecraft\assets\indexes\1.16.json
[AssetsManager] Fast comparing: true
[Launcher] Delta time to compare assets: 51 ms.
[TLauncherManager] add required libraries: 1.16.3
[VersionManager] Required for version 1.16.3: []
[Modpack]  got container
[TLauncherManager] library will be replaced: com.mojang:authlib:1.6.25
[TLauncherManager] library will be replaced: com.mojang:patchy:1.1
[TLauncherManager] library will be added as required: net.minecraft:launchwrapper:1.12
[TLauncherManager] library will be added as required: org.ow2.asm:asm-commons:6.2
[TLauncherManager] library will be added as required: org.ow2.asm:asm:6.2
[TLauncherManager] library will be added as required: org.ow2.asm:asm-tree:6.2
[TLauncherManager] library will be added: org.tlauncher:tl_skin_cape_1.16.3:1.14
[Launcher] Unpacking natives...
[Launcher] Constructing process...
[Launcher] Constructing classpath...
[Launcher] Getting Minecraft arguments...
[Launcher] Full command (characters are not escaped):
C:\Program Files\Java\jre1.8.0_51\bin\javaw.exe -Djava.net.preferIPv4Stack=true -Xmn128M -Xmx6897M -XX:HeapDumpPath=MojangTricksIntelDriversForPerformance_javaw.exe_minecraft.exe.heapdump -Xss1M -Djava.library.path=E:\Minecraft\versions\1.16.3\natives -Dminecraft.launcher.brand=minecraft-launcher -Dminecraft.launcher.version=2.0.1003 -cp E:\Minecraft\libraries\org\tlauncher\tl_skin_cape_1.16.3\1.14\tl_skin_cape_1.16.3-1.14.jar;E:\Minecraft\libraries\org\ow2\asm\asm-tree\6.2\asm-tree-6.2.jar;E:\Minecraft\libraries\org\ow2\asm\asm\6.2\asm-6.2.jar;E:\Minecraft\libraries\org\ow2\asm\asm-commons\6.2\asm-commons-6.2.jar;E:\Minecraft\libraries\net\minecraft\launchwrapper\1.12\launchwrapper-1.12.jar;E:\Minecraft\libraries\org\tlauncher\patchy\1.1\patchy-1.1.jar;E:\Minecraft\libraries\oshi-project\oshi-core\1.1\oshi-core-1.1.jar;E:\Minecraft\libraries\net\java\dev\jna\jna\4.4.0\jna-4.4.0.jar;E:\Minecraft\libraries\net\java\dev\jna\platform\3.4.0\platform-3.4.0.jar;E:\Minecraft\libraries\com\ibm\icu\icu4j\66.1\icu4j-66.1.jar;E:\Minecraft\libraries\com\mojang\javabridge\1.0.22\javabridge-1.0.22.jar;E:\Minecraft\libraries\net\sf\jopt-simple\jopt-simple\5.0.3\jopt-simple-5.0.3.jar;E:\Minecraft\libraries\io\netty\netty-all\4.1.25.Final\netty-all-4.1.25.Final.jar;E:\Minecraft\libraries\com\google\guava\guava\21.0\guava-21.0.jar;E:\Minecraft\libraries\org\apache\commons\commons-lang3\3.5\commons-lang3-3.5.jar;E:\Minecraft\libraries\commons-io\commons-io\2.5\commons-io-2.5.jar;E:\Minecraft\libraries\commons-codec\commons-codec\1.10\commons-codec-1.10.jar;E:\Minecraft\libraries\net\java\jinput\jinput\2.0.5\jinput-2.0.5.jar;E:\Minecraft\libraries\net\java\jutils\jutils\1.0.0\jutils-1.0.0.jar;E:\Minecraft\libraries\com\mojang\brigadier\1.0.17\brigadier-1.0.17.jar;E:\Minecraft\libraries\com\mojang\datafixerupper\4.0.26\datafixerupper-4.0.26.jar;E:\Minecraft\libraries\com\google\code\gson\gson\2.8.0\gson-2.8.0.jar;E:\Minecraft\libraries\org\tlauncher\authlib\1.8.25\authlib-1.8.25.jar;E:\Minecraft\libraries\org\apache\commons\commons-compress\1.8.1\commons-compress-1.8.1.jar;E:\Minecraft\libraries\org\apache\httpcomponents\httpclient\4.3.3\httpclient-4.3.3.jar;E:\Minecraft\libraries\commons-logging\commons-logging\1.1.3\commons-logging-1.1.3.jar;E:\Minecraft\libraries\org\apache\httpcomponents\httpcore\4.3.2\httpcore-4.3.2.jar;E:\Minecraft\libraries\it\unimi\dsi\fastutil\8.2.1\fastutil-8.2.1.jar;E:\Minecraft\libraries\org\apache\logging\log4j\log4j-api\2.8.1\log4j-api-2.8.1.jar;E:\Minecraft\libraries\org\apache\logging\log4j\log4j-core\2.8.1\log4j-core-2.8.1.jar;E:\Minecraft\libraries\org\lwjgl\lwjgl\3.2.2\lwjgl-3.2.2.jar;E:\Minecraft\libraries\org\lwjgl\lwjgl-jemalloc\3.2.2\lwjgl-jemalloc-3.2.2.jar;E:\Minecraft\libraries\org\lwjgl\lwjgl-openal\3.2.2\lwjgl-openal-3.2.2.jar;E:\Minecraft\libraries\org\lwjgl\lwjgl-opengl\3.2.2\lwjgl-opengl-3.2.2.jar;E:\Minecraft\libraries\org\lwjgl\lwjgl-glfw\3.2.2\lwjgl-glfw-3.2.2.jar;E:\Minecraft\libraries\org\lwjgl\lwjgl-stb\3.2.2\lwjgl-stb-3.2.2.jar;E:\Minecraft\libraries\org\lwjgl\lwjgl-tinyfd\3.2.2\lwjgl-tinyfd-3.2.2.jar;E:\Minecraft\libraries\com\mojang\text2speech\1.11.3\text2speech-1.11.3.jar;E:\Minecraft\versions\1.16.3\1.16.3.jar -Dminecraft.applet.TargetDirectory=E:\Minecraft -XX:+UnlockExperimentalVMOptions -XX:+UseG1GC -XX:G1NewSizePercent=20 -XX:G1ReservePercent=20 -XX:MaxGCPauseMillis=50 -XX:G1HeapRegionSize=32M -Dfml.ignoreInvalidMinecraftCertificates=true -Dfml.ignorePatchDiscrepancies=true org.tlauncher.Launch --username Whitebeard --version 1.16.3 --gameDir E:\Minecraft --assetsDir E:\Minecraft\assets --assetIndex 1.16 --uuid 00000000-0000-0000-0000-000000000000 --accessToken null --userType legacy --versionType release --width 925 --height 530
[Launcher] Launching Minecraft...
I'm hiding!
[TLauncherManager] mods after 
[InnerMinecraftServersImpl]  search changers of the servers
read servers from servers.dat []
[InnerMinecraftServersImpl]  prepare inner servers
save servers to servers.dat
[Launcher] Starting Minecraft latest-release...
[Launcher] Launching in: E:\Minecraft
Starting garbage collector: 108 / 215 MB
Garbage collector completed: 36 / 215 MB
[Launcher] Processing post-launch actions. Assist launch: true
===============================================================================================
2020-09-22 22:27:08,188 main ERROR Unable to move file E:\Minecraft\logs\latest.log to E:\Minecraft\logs\2020-09-22-5.log: java.nio.file.FileSystemException E:\Minecraft\logs\latest.log -> E:\Minecraft\logs\2020-09-22-5.log: The process cannot access the file because it is being used by another process.

2020-09-22 22:27:08,192 main ERROR Unable to delete file E:\Minecraft\logs\latest.log: java.nio.file.FileSystemException E:\Minecraft\logs\latest.log: The process cannot access the file because it is being used by another process.

[22:27:08] [main/INFO]: Loading tweak class name org.tlauncher.tweaker.Tweaker
[22:27:08] [main/INFO]: Using primary tweak class name org.tlauncher.tweaker.Tweaker
[22:27:08] [main/INFO]: Calling tweak class org.tlauncher.tweaker.Tweaker
Log Path: E:\Minecraft\.\tlLoader\Tweaker.log
[main INFO] Using Tweaker
[main INFO] Tweaker: acceptOptions
[main INFO] Tweaker: injectIntoClassLoader
[TLSkinCape] Current TLSkinCape version is 1.14
[TLSkinCape] Current Minecraft version is 1.16.3.
[main INFO] Hook method dzb#p()Lvk; loaded.
[main INFO] Hook method dzb#o()Lvk; loaded.
[main INFO] Hook method dzb#u()Ljava/lang/String; loaded.
[main INFO] Hook method dzb#r()Lvk; loaded.
[main INFO] Hook method bft#a(Lbfu;)Z loaded.
[main INFO] Hook method dov#a(Ldfj;IIF)V loaded.
[main INFO] Loaded as a library.
[main INFO] Tweaker: getLaunchArguments
[22:27:08] [main/INFO]: Launching wrapped minecraft {org.tlauncher.Main}
[main INFO] [TLSkinCape] Method bft.a(Lbfu;)Z successfully hooked.
#
# There is insufficient memory for the Java Runtime Environment to continue.
# Native memory allocation (mmap) failed to map 369098752 bytes for Failed to commit pages from 1343488 of length 90112
# An error report file with more information is saved as:
# E:\Minecraft\hs_err_pid10672.log
Java HotSpot(TM) 64-Bit Server VM warning: INFO: os::commit_memory(0x0000000758000000, 369098752, 0) failed; error='The paging file is too small for this operation to complete' (DOS error/errno=1455)
Here I am!
[VersionManager] Refreshing versions locally...
[VersionManager] Versions has been refreshed (95 ms)
[Launcher] Launcher exited.
[Launcher] Minecraft closed with exit code: 1
flush now
[Launcher] [Crash] Signature "problem g1gc" matches!
[Crash] Signature "problem g1gc" matches!
[Launcher] [Crash] Crash has been recognized!
[Crash] Crash has been recognized!
flush now
Good bye!
[TLauncherManager] before clearLibrary 
[TLauncherManager] written:  []
[TLauncherManager] after clearLibrary 
flush now
