[Loading] INITIALIZING
Starting TLauncher 2.72 RELEASE
For more information, visit https://tlauncher.org/
Startup time: Sep 22, 2020 10:34:04 PM
---
run double running protection
[Loading] LOADING_CONFIGURATION
Machine info: -------------------------------------------------------
Windows 8.1 6.3, Java 1.8.0_51, jvm bit x64, 8097 MB RAM
java path=C:\Program Files\Java\jre1.8.0_51\bin\javaw.exe
Intel(R) Core(TM) i3-8100 CPU @ 3.60GHz
 Intel(R) UHD Graphics 630, Intel(R) UHD Graphics Family, 4176 MB
-------------------------------------------------------
Selected locale: en_US
[Loading] LOADING_CONSOLE
[Downloader2] Loaded configuration: good
[Updater] Requesting an update...
[Updater] Requesting from: http://repo.tlauncher.org/update/lch/update_2.0.json
[Updater] Making request: http://repo.tlauncher.org/update/lch/update_2.0.json?version=2.72&client=c82e3a8b-40ea-4b56-99aa-2e1f95aa15f1
[Updater] Request time: 286 ms
[Updater] Successfully requested from: http://repo.tlauncher.org/update/lch/update_2.0.json
[Browser] Loading resources...
[Browser] Loading background...
[Browser] Cleaning up after loading:
Starting garbage collector: 22 / 109 MB
Garbage collector completed: 17 / 145 MB
[Loading] LOADING_MANAGERS
[LocalVersionList] Base directory: E:\Minecraft
[ProfileManager] Refreshing profiles from: E:\Minecraft\TlauncherProfiles.json
[AdvertisingStatusObserver]  started to get ad information
[AdvertisingStatusObserver]  finished to get add information
[GsonUtil]  request to http://repo.tlauncher.org/update/downloads/libraries/org/tlauncher/authlib/libraries-1.6.json
[Loading] LOADING_WINDOW
[Swing] Favicons loaded: 256px, 128px, 96px, 64px, 48px, 32px, 24px, 16px
[Loading] PREPARING_MAINPANE
[REPO][SERVER_LIST_REPO] Success: Reached the repo in 342 ms.
[JFXStartPageLoader]  start load page: http://page.tlauncher.org/update/downloads/configs/client/eng.html
[Browser] Running in JavaFX Thread
[Browser] Preparing JavaFX...
[Browser] Initializing...
[JFXStartPageLoader]  succeeded load page: http://page.tlauncher.org/update/downloads/configs/client/eng.html during 1
[Browser@283143647] Loaded successfully: "http://page.tlauncher.org/update/downloads/configs/client/eng.html"
[Browser] add listens into server_choose
[Browser] finished listens into server_choose
[Downloader2] Loaded configuration: good
[Loading] POSTINIT_GUI
[Frame] Packing main frame...
[Frame] Resizing main pane...
Updater is already closed. Showing up...
Visibility set.
[Loading] REFRESHING_INFO
Started! (6409 ms.)
[Loading] SUCCESS
[VersionManager] Refreshing versions remotely...
[REPO][EXTRA_VERSION_REPO] Attempt #1; timeout: 45000 ms; url: http://repo.tlauncher.org/update/downloads/versions/new3/
[TLauncher] show tlauncher!!!
[Double running] clear time label
[REPO][SKIN_VERSION_REPO] Attempt #1; timeout: 45000 ms; url: http://repo.tlauncher.org/update/downloads/versions/new3/skin/versions/
[REPO][EXTRA_VERSION_REPO] Attempt #1; timeout: 45000 ms; url: http://repo.tlauncher.org/update/downloads/versions/new3/
[REPO][OFFICIAL_VERSION_REPO] Attempt #1; timeout: 45000 ms; url: https://launchermeta.mojang.com/mc/game/
[REPO][EXTRA_VERSION_REPO] Success: Reached the repo in 219 ms.
[REPO][SKIN_VERSION_REPO] Success: Reached the repo in 170 ms.
[REPO][EXTRA_VERSION_REPO] Success: Reached the repo in 175 ms.
[SkinVersionList] Got in 187 ms
[ExtraVersionList] Got in 198 ms
[REPO][OFFICIAL_VERSION_REPO] Success: Reached the repo in 613 ms.
[OfficialVersionList] Got in 693 ms
[VersionManager] Versions has been refreshed (885 ms)
[REPO][ADD_HOT_SERVERS_REPO] Attempt #1; timeout: 45000 ms; url: http://repo.tlauncher.org/update/lch/additional_hot_servers-1.0.json
[REPO][HOT_SERVERS_REPO] Attempt #1; timeout: 45000 ms; url: http://repo.tlauncher.org/update/lch/servers/hot_servers-1.0.json
[REPO][ADD_HOT_SERVERS_REPO] Success: Reached the repo in 112 ms.
[REPO][HOT_SERVERS_REPO] Success: Reached the repo in 182 ms.
[LoginForm] Login was OK. Trying to launch now.
[Launcher] Running under TLauncher 2.72
[Launcher] Collecting info...
[TLauncherManager] before clearLibrary 
[TLauncherManager] written:  []
[TLauncherManager] after clearLibrary 
[Launcher] Force update: false
[Launcher] Selected version: latest-release
[Launcher] Selected account: Account{displayName=null, userid=null, uuid=null, username=Whitebeard}
[Launcher] Version sync info: VersionSyncInfo{id='1.16.3',
local=CompleteVersion{id='1.16.3', time=Thu Sep 10 19:17:47 IST 2020, release=Thu Sep 10 19:12:37 IST 2020, type=release, class=net.minecraft.client.main.Main, minimumVersion=21, assets='1.16', source=LOCAL_VERSION_REPO, list=net.minecraft.launcher.updater.OfficialVersionList@23d2c207, libraries=[Library{name='com.mojang:patchy:1.1', rules=null, natives=null, extract=null, packed='null'}, Library{name='oshi-project:oshi-core:1.1', rules=null, natives=null, extract=null, packed='null'}, Library{name='net.java.dev.jna:jna:4.4.0', rules=null, natives=null, extract=null, packed='null'}, Library{name='net.java.dev.jna:platform:3.4.0', rules=null, natives=null, extract=null, packed='null'}, Library{name='com.ibm.icu:icu4j:66.1', rules=null, natives=null, extract=null, packed='null'}, Library{name='com.mojang:javabridge:1.0.22', rules=null, natives=null, extract=null, packed='null'}, Library{name='net.sf.jopt-simple:jopt-simple:5.0.3', rules=null, natives=null, extract=null, packed='null'}, Library{name='io.netty:netty-all:4.1.25.Final', rules=null, natives=null, extract=null, packed='null'}, Library{name='com.google.guava:guava:21.0', rules=null, natives=null, extract=null, packed='null'}, Library{name='org.apache.commons:commons-lang3:3.5', rules=null, natives=null, extract=null, packed='null'}, Library{name='commons-io:commons-io:2.5', rules=null, natives=null, extract=null, packed='null'}, Library{name='commons-codec:commons-codec:1.10', rules=null, natives=null, extract=null, packed='null'}, Library{name='net.java.jinput:jinput:2.0.5', rules=null, natives=null, extract=null, packed='null'}, Library{name='net.java.jutils:jutils:1.0.0', rules=null, natives=null, extract=null, packed='null'}, Library{name='com.mojang:brigadier:1.0.17', rules=null, natives=null, extract=null, packed='null'}, Library{name='com.mojang:datafixerupper:4.0.26', rules=null, natives=null, extract=null, packed='null'}, Library{name='com.google.code.gson:gson:2.8.0', rules=null, natives=null, extract=null, packed='null'}, Library{name='com.mojang:authlib:1.6.25', rules=null, natives=null, extract=null, packed='null'}, Library{name='org.apache.commons:commons-compress:1.8.1', rules=null, natives=null, extract=null, packed='null'}, Library{name='org.apache.httpcomponents:httpclient:4.3.3', rules=null, natives=null, extract=null, packed='null'}, Library{name='commons-logging:commons-logging:1.1.3', rules=null, natives=null, extract=null, packed='null'}, Library{name='org.apache.httpcomponents:httpcore:4.3.2', rules=null, natives=null, extract=null, packed='null'}, Library{name='it.unimi.dsi:fastutil:8.2.1', rules=null, natives=null, extract=null, packed='null'}, Library{name='org.apache.logging.log4j:log4j-api:2.8.1', rules=null, natives=null, extract=null, packed='null'}, Library{name='org.apache.logging.log4j:log4j-core:2.8.1', rules=null, natives=null, extract=null, packed='null'}, Library{name='org.lwjgl:lwjgl:3.2.1', rules=[Rule{action=ALLOW, os=OSRestriction{name=OSX, version='null'}, features=null}], natives=null, extract=null, packed='null'}, Library{name='org.lwjgl:lwjgl:3.2.2', rules=[Rule{action=ALLOW, os=null, features=null}, Rule{action=DISALLOW, os=OSRestriction{name=OSX, version='null'}, features=null}], natives=null, extract=null, packed='null'}, Library{name='org.lwjgl:lwjgl-jemalloc:3.2.1', rules=[Rule{action=ALLOW, os=OSRestriction{name=OSX, version='null'}, features=null}], natives=null, extract=null, packed='null'}, Library{name='org.lwjgl:lwjgl-jemalloc:3.2.2', rules=[Rule{action=ALLOW, os=null, features=null}, Rule{action=DISALLOW, os=OSRestriction{name=OSX, version='null'}, features=null}], natives=null, extract=null, packed='null'}, Library{name='org.lwjgl:lwjgl-openal:3.2.1', rules=[Rule{action=ALLOW, os=OSRestriction{name=OSX, version='null'}, features=null}], natives=null, extract=null, packed='null'}, Library{name='org.lwjgl:lwjgl-openal:3.2.2', rules=[Rule{action=ALLOW, os=null, features=null}, Rule{action=DISALLOW, os=OSRestriction{name=OSX, version='null'}, features=null}], natives=null, extract=null, packed='null'}, Library{name='org.lwjgl:lwjgl-opengl:3.2.1', rules=[Rule{action=ALLOW, os=OSRestriction{name=OSX, version='null'}, features=null}], natives=null, extract=null, packed='null'}, Library{name='org.lwjgl:lwjgl-opengl:3.2.2', rules=[Rule{action=ALLOW, os=null, features=null}, Rule{action=DISALLOW, os=OSRestriction{name=OSX, version='null'}, features=null}], natives=null, extract=null, packed='null'}, Library{name='org.lwjgl:lwjgl-glfw:3.2.1', rules=[Rule{action=ALLOW, os=OSRestriction{name=OSX, version='null'}, features=null}], natives=null, extract=null, packed='null'}, Library{name='org.lwjgl:lwjgl-glfw:3.2.2', rules=[Rule{action=ALLOW, os=null, features=null}, Rule{action=DISALLOW, os=OSRestriction{name=OSX, version='null'}, features=null}], natives=null, extract=null, packed='null'}, Library{name='org.lwjgl:lwjgl-stb:3.2.1', rules=[Rule{action=ALLOW, os=OSRestriction{name=OSX, version='null'}, features=null}], natives=null, extract=null, packed='null'}, Library{name='org.lwjgl:lwjgl-stb:3.2.2', rules=[Rule{action=ALLOW, os=null, features=null}, Rule{action=DISALLOW, os=OSRestriction{name=OSX, version='null'}, features=null}], natives=null, extract=null, packed='null'}, Library{name='org.lwjgl:lwjgl-tinyfd:3.2.1', rules=[Rule{action=ALLOW, os=OSRestriction{name=OSX, version='null'}, features=null}], natives=null, extract=null, packed='null'}, Library{name='org.lwjgl:lwjgl-tinyfd:3.2.2', rules=[Rule{action=ALLOW, os=null, features=null}, Rule{action=DISALLOW, os=OSRestriction{name=OSX, version='null'}, features=null}], natives=null, extract=null, packed='null'}, Library{name='org.lwjgl:lwjgl:3.2.1', rules=[Rule{action=ALLOW, os=OSRestriction{name=OSX, version='null'}, features=null}], natives={OSX=natives-macos}, extract=null, packed='null'}, Library{name='org.lwjgl:lwjgl:3.2.2', rules=[Rule{action=ALLOW, os=null, features=null}, Rule{action=DISALLOW, os=OSRestriction{name=OSX, version='null'}, features=null}], natives={LINUX=natives-linux, WINDOWS=natives-windows}, extract=null, packed='null'}, Library{name='org.lwjgl:lwjgl-jemalloc:3.2.1', rules=[Rule{action=ALLOW, os=OSRestriction{name=OSX, version='null'}, features=null}], natives={OSX=natives-macos}, extract=null, packed='null'}, Library{name='org.lwjgl:lwjgl-jemalloc:3.2.2', rules=[Rule{action=ALLOW, os=null, features=null}, Rule{action=DISALLOW, os=OSRestriction{name=OSX, version='null'}, features=null}], natives={LINUX=natives-linux, WINDOWS=natives-windows}, extract=null, packed='null'}, Library{name='org.lwjgl:lwjgl-openal:3.2.1', rules=[Rule{action=ALLOW, os=OSRestriction{name=OSX, version='null'}, features=null}], natives={OSX=natives-macos}, extract=null, packed='null'}, Library{name='org.lwjgl:lwjgl-openal:3.2.2', rules=[Rule{action=ALLOW, os=null, features=null}, Rule{action=DISALLOW, os=OSRestriction{name=OSX, version='null'}, features=null}], natives={LINUX=natives-linux, WINDOWS=natives-windows}, extract=null, packed='null'}, Library{name='org.lwjgl:lwjgl-opengl:3.2.1', rules=[Rule{action=ALLOW, os=OSRestriction{name=OSX, version='null'}, features=null}], natives={OSX=natives-macos}, extract=null, packed='null'}, Library{name='org.lwjgl:lwjgl-opengl:3.2.2', rules=[Rule{action=ALLOW, os=null, features=null}, Rule{action=DISALLOW, os=OSRestriction{name=OSX, version='null'}, features=null}], natives={LINUX=natives-linux, WINDOWS=natives-windows}, extract=null, packed='null'}, Library{name='org.lwjgl:lwjgl-glfw:3.2.1', rules=[Rule{action=ALLOW, os=OSRestriction{name=OSX, version='null'}, features=null}], natives={OSX=natives-macos}, extract=null, packed='null'}, Library{name='org.lwjgl:lwjgl-glfw:3.2.2', rules=[Rule{action=ALLOW, os=null, features=null}, Rule{action=DISALLOW, os=OSRestriction{name=OSX, version='null'}, features=null}], natives={LINUX=natives-linux, WINDOWS=natives-windows}, extract=null, packed='null'}, Library{name='org.lwjgl:lwjgl-stb:3.2.1', rules=[Rule{action=ALLOW, os=OSRestriction{name=OSX, version='null'}, features=null}], natives={OSX=natives-macos}, extract=null, packed='null'}, Library{name='org.lwjgl:lwjgl-tinyfd:3.2.2', rules=[Rule{action=ALLOW, os=null, features=null}, Rule{action=DISALLOW, os=OSRestriction{name=OSX, version='null'}, features=null}], natives={LINUX=natives-linux, WINDOWS=natives-windows}, extract=null, packed='null'}, Library{name='org.lwjgl:lwjgl-tinyfd:3.2.1', rules=[Rule{action=ALLOW, os=OSRestriction{name=OSX, version='null'}, features=null}], natives={OSX=natives-macos}, extract=null, packed='null'}, Library{name='org.lwjgl:lwjgl-stb:3.2.2', rules=[Rule{action=ALLOW, os=null, features=null}, Rule{action=DISALLOW, os=OSRestriction{name=OSX, version='null'}, features=null}], natives={LINUX=natives-linux, WINDOWS=natives-windows}, extract=null, packed='null'}, Library{name='com.mojang:text2speech:1.11.3', rules=null, natives=null, extract=null, packed='null'}, Library{name='com.mojang:text2speech:1.11.3', rules=null, natives={LINUX=natives-linux, WINDOWS=natives-windows}, extract=net.minecraft.launcher.versions.ExtractRules@2c6a145b, packed='null'}, Library{name='ca.weblite:java-objc-bridge:1.0.0', rules=[Rule{action=ALLOW, os=OSRestriction{name=OSX, version='null'}, features=null}], natives={OSX=natives-osx}, extract=net.minecraft.launcher.versions.ExtractRules@68de2bf5, packed='null'}, Library{name='ca.weblite:java-objc-bridge:1.0.0', rules=[Rule{action=ALLOW, os=OSRestriction{name=OSX, version='null'}, features=null}], natives=null, extract=null, packed='null'}]},
remote=PartialVersion{id='1.16.3', time=Thu Sep 10 19:17:47 IST 2020, release=Thu Sep 10 19:12:37 IST 2020, type=release, source=OFFICIAL_VERSION_REPO, list=net.minecraft.launcher.updater.OfficialVersionList@23d2c207}, isInstalled=true, hasRemote=true, isUpToDate=true}
[Launcher] Java path: C:\Program Files\Java\jre1.8.0_51\bin\javaw.exe
[Launcher] Checking conditions...
[Launcher] Comparing assets...
[AssetsManager] Checking resources...
[AssetsManager] Reading indexes from file E:\Minecraft\assets\indexes\1.16.json
[AssetsManager] Fast comparing: true
[Launcher] Delta time to compare assets: 599 ms.
[TLauncherManager] add required libraries: 1.16.3
[VersionManager] Required for version 1.16.3: []
[Modpack]  got container
[VersionManager] Refreshing versions locally...
[VersionManager] Versions has been refreshed (25 ms)
[Launcher] Error occurred:
org.tlauncher.tlauncher.minecraft.launcher.MinecraftLauncher$MinecraftLauncherAborted: shown skin message
at org.tlauncher.tlauncher.minecraft.launcher.MinecraftLauncher.checkExtraConditions(MinecraftLauncher.java:800)
at org.tlauncher.tlauncher.minecraft.launcher.MinecraftLauncher.start(MinecraftLauncher.java:224)
at org.tlauncher.tlauncher.rmo.TLauncher.launch(TLauncher.java:516)
at org.tlauncher.tlauncher.ui.login.LoginForm.runProcess(LoginForm.java:183)
at org.tlauncher.tlauncher.ui.login.LoginForm.access$000(LoginForm.java:38)
at org.tlauncher.tlauncher.ui.login.LoginForm$StartThread.iterateOnce(LoginForm.java:256)
at org.tlauncher.util.async.LoopedThread.run(LoopedThread.java:38)
Thread called by: org.tlauncher.util.async.ExtendedThread$ExtendedThreadCaller
at org.tlauncher.util.async.ExtendedThread.<init>(ExtendedThread.java:17)
at org.tlauncher.util.async.LoopedThread.<init>(LoopedThread.java:7)
at org.tlauncher.util.async.LoopedThread.<init>(LoopedThread.java:11)
at org.tlauncher.tlauncher.ui.login.LoginForm$StartThread.<init>(LoginForm.java:249)
at org.tlauncher.tlauncher.ui.login.LoginForm.<init>(LoginForm.java:82)
at org.tlauncher.tlauncher.ui.scenes.DefaultScene.<init>(DefaultScene.java:47)
at org.tlauncher.tlauncher.ui.MainPane.<init>(MainPane.java:52)
at org.tlauncher.tlauncher.ui.TLauncherFrame.<init>(TLauncherFrame.java:95)
at org.tlauncher.tlauncher.rmo.TLauncher.launch(TLauncher.java:344)
at org.tlauncher.tlauncher.rmo.TLauncher.main(TLauncher.java:208)

[Launcher] Launcher exited.
[LoginForm] Login was OK. Trying to launch now.
[Launcher] Running under TLauncher 2.72
[Launcher] Collecting info...
[TLauncherManager] before clearLibrary 
[TLauncherManager] written:  []
[TLauncherManager] after clearLibrary 
[Launcher] Force update: false
[Launcher] Selected version: latest-release
[Launcher] Selected account: Account{displayName=null, userid=null, uuid=null, username=Whitebeard}
[Launcher] Version sync info: VersionSyncInfo{id='1.16.3',
local=CompleteVersion{id='1.16.3', time=Thu Sep 10 19:17:47 IST 2020, release=Thu Sep 10 19:12:37 IST 2020, type=release, class=net.minecraft.client.main.Main, minimumVersion=21, assets='1.16', source=LOCAL_VERSION_REPO, list=net.minecraft.launcher.updater.OfficialVersionList@23d2c207, libraries=[Library{name='com.mojang:patchy:1.1', rules=null, natives=null, extract=null, packed='null'}, Library{name='oshi-project:oshi-core:1.1', rules=null, natives=null, extract=null, packed='null'}, Library{name='net.java.dev.jna:jna:4.4.0', rules=null, natives=null, extract=null, packed='null'}, Library{name='net.java.dev.jna:platform:3.4.0', rules=null, natives=null, extract=null, packed='null'}, Library{name='com.ibm.icu:icu4j:66.1', rules=null, natives=null, extract=null, packed='null'}, Library{name='com.mojang:javabridge:1.0.22', rules=null, natives=null, extract=null, packed='null'}, Library{name='net.sf.jopt-simple:jopt-simple:5.0.3', rules=null, natives=null, extract=null, packed='null'}, Library{name='io.netty:netty-all:4.1.25.Final', rules=null, natives=null, extract=null, packed='null'}, Library{name='com.google.guava:guava:21.0', rules=null, natives=null, extract=null, packed='null'}, Library{name='org.apache.commons:commons-lang3:3.5', rules=null, natives=null, extract=null, packed='null'}, Library{name='commons-io:commons-io:2.5', rules=null, natives=null, extract=null, packed='null'}, Library{name='commons-codec:commons-codec:1.10', rules=null, natives=null, extract=null, packed='null'}, Library{name='net.java.jinput:jinput:2.0.5', rules=null, natives=null, extract=null, packed='null'}, Library{name='net.java.jutils:jutils:1.0.0', rules=null, natives=null, extract=null, packed='null'}, Library{name='com.mojang:brigadier:1.0.17', rules=null, natives=null, extract=null, packed='null'}, Library{name='com.mojang:datafixerupper:4.0.26', rules=null, natives=null, extract=null, packed='null'}, Library{name='com.google.code.gson:gson:2.8.0', rules=null, natives=null, extract=null, packed='null'}, Library{name='com.mojang:authlib:1.6.25', rules=null, natives=null, extract=null, packed='null'}, Library{name='org.apache.commons:commons-compress:1.8.1', rules=null, natives=null, extract=null, packed='null'}, Library{name='org.apache.httpcomponents:httpclient:4.3.3', rules=null, natives=null, extract=null, packed='null'}, Library{name='commons-logging:commons-logging:1.1.3', rules=null, natives=null, extract=null, packed='null'}, Library{name='org.apache.httpcomponents:httpcore:4.3.2', rules=null, natives=null, extract=null, packed='null'}, Library{name='it.unimi.dsi:fastutil:8.2.1', rules=null, natives=null, extract=null, packed='null'}, Library{name='org.apache.logging.log4j:log4j-api:2.8.1', rules=null, natives=null, extract=null, packed='null'}, Library{name='org.apache.logging.log4j:log4j-core:2.8.1', rules=null, natives=null, extract=null, packed='null'}, Library{name='org.lwjgl:lwjgl:3.2.1', rules=[Rule{action=ALLOW, os=OSRestriction{name=OSX, version='null'}, features=null}], natives=null, extract=null, packed='null'}, Library{name='org.lwjgl:lwjgl:3.2.2', rules=[Rule{action=ALLOW, os=null, features=null}, Rule{action=DISALLOW, os=OSRestriction{name=OSX, version='null'}, features=null}], natives=null, extract=null, packed='null'}, Library{name='org.lwjgl:lwjgl-jemalloc:3.2.1', rules=[Rule{action=ALLOW, os=OSRestriction{name=OSX, version='null'}, features=null}], natives=null, extract=null, packed='null'}, Library{name='org.lwjgl:lwjgl-jemalloc:3.2.2', rules=[Rule{action=ALLOW, os=null, features=null}, Rule{action=DISALLOW, os=OSRestriction{name=OSX, version='null'}, features=null}], natives=null, extract=null, packed='null'}, Library{name='org.lwjgl:lwjgl-openal:3.2.1', rules=[Rule{action=ALLOW, os=OSRestriction{name=OSX, version='null'}, features=null}], natives=null, extract=null, packed='null'}, Library{name='org.lwjgl:lwjgl-openal:3.2.2', rules=[Rule{action=ALLOW, os=null, features=null}, Rule{action=DISALLOW, os=OSRestriction{name=OSX, version='null'}, features=null}], natives=null, extract=null, packed='null'}, Library{name='org.lwjgl:lwjgl-opengl:3.2.1', rules=[Rule{action=ALLOW, os=OSRestriction{name=OSX, version='null'}, features=null}], natives=null, extract=null, packed='null'}, Library{name='org.lwjgl:lwjgl-opengl:3.2.2', rules=[Rule{action=ALLOW, os=null, features=null}, Rule{action=DISALLOW, os=OSRestriction{name=OSX, version='null'}, features=null}], natives=null, extract=null, packed='null'}, Library{name='org.lwjgl:lwjgl-glfw:3.2.1', rules=[Rule{action=ALLOW, os=OSRestriction{name=OSX, version='null'}, features=null}], natives=null, extract=null, packed='null'}, Library{name='org.lwjgl:lwjgl-glfw:3.2.2', rules=[Rule{action=ALLOW, os=null, features=null}, Rule{action=DISALLOW, os=OSRestriction{name=OSX, version='null'}, features=null}], natives=null, extract=null, packed='null'}, Library{name='org.lwjgl:lwjgl-stb:3.2.1', rules=[Rule{action=ALLOW, os=OSRestriction{name=OSX, version='null'}, features=null}], natives=null, extract=null, packed='null'}, Library{name='org.lwjgl:lwjgl-stb:3.2.2', rules=[Rule{action=ALLOW, os=null, features=null}, Rule{action=DISALLOW, os=OSRestriction{name=OSX, version='null'}, features=null}], natives=null, extract=null, packed='null'}, Library{name='org.lwjgl:lwjgl-tinyfd:3.2.1', rules=[Rule{action=ALLOW, os=OSRestriction{name=OSX, version='null'}, features=null}], natives=null, extract=null, packed='null'}, Library{name='org.lwjgl:lwjgl-tinyfd:3.2.2', rules=[Rule{action=ALLOW, os=null, features=null}, Rule{action=DISALLOW, os=OSRestriction{name=OSX, version='null'}, features=null}], natives=null, extract=null, packed='null'}, Library{name='org.lwjgl:lwjgl:3.2.1', rules=[Rule{action=ALLOW, os=OSRestriction{name=OSX, version='null'}, features=null}], natives={OSX=natives-macos}, extract=null, packed='null'}, Library{name='org.lwjgl:lwjgl:3.2.2', rules=[Rule{action=ALLOW, os=null, features=null}, Rule{action=DISALLOW, os=OSRestriction{name=OSX, version='null'}, features=null}], natives={LINUX=natives-linux, WINDOWS=natives-windows}, extract=null, packed='null'}, Library{name='org.lwjgl:lwjgl-jemalloc:3.2.1', rules=[Rule{action=ALLOW, os=OSRestriction{name=OSX, version='null'}, features=null}], natives={OSX=natives-macos}, extract=null, packed='null'}, Library{name='org.lwjgl:lwjgl-jemalloc:3.2.2', rules=[Rule{action=ALLOW, os=null, features=null}, Rule{action=DISALLOW, os=OSRestriction{name=OSX, version='null'}, features=null}], natives={LINUX=natives-linux, WINDOWS=natives-windows}, extract=null, packed='null'}, Library{name='org.lwjgl:lwjgl-openal:3.2.1', rules=[Rule{action=ALLOW, os=OSRestriction{name=OSX, version='null'}, features=null}], natives={OSX=natives-macos}, extract=null, packed='null'}, Library{name='org.lwjgl:lwjgl-openal:3.2.2', rules=[Rule{action=ALLOW, os=null, features=null}, Rule{action=DISALLOW, os=OSRestriction{name=OSX, version='null'}, features=null}], natives={LINUX=natives-linux, WINDOWS=natives-windows}, extract=null, packed='null'}, Library{name='org.lwjgl:lwjgl-opengl:3.2.1', rules=[Rule{action=ALLOW, os=OSRestriction{name=OSX, version='null'}, features=null}], natives={OSX=natives-macos}, extract=null, packed='null'}, Library{name='org.lwjgl:lwjgl-opengl:3.2.2', rules=[Rule{action=ALLOW, os=null, features=null}, Rule{action=DISALLOW, os=OSRestriction{name=OSX, version='null'}, features=null}], natives={LINUX=natives-linux, WINDOWS=natives-windows}, extract=null, packed='null'}, Library{name='org.lwjgl:lwjgl-glfw:3.2.1', rules=[Rule{action=ALLOW, os=OSRestriction{name=OSX, version='null'}, features=null}], natives={OSX=natives-macos}, extract=null, packed='null'}, Library{name='org.lwjgl:lwjgl-glfw:3.2.2', rules=[Rule{action=ALLOW, os=null, features=null}, Rule{action=DISALLOW, os=OSRestriction{name=OSX, version='null'}, features=null}], natives={LINUX=natives-linux, WINDOWS=natives-windows}, extract=null, packed='null'}, Library{name='org.lwjgl:lwjgl-stb:3.2.1', rules=[Rule{action=ALLOW, os=OSRestriction{name=OSX, version='null'}, features=null}], natives={OSX=natives-macos}, extract=null, packed='null'}, Library{name='org.lwjgl:lwjgl-tinyfd:3.2.2', rules=[Rule{action=ALLOW, os=null, features=null}, Rule{action=DISALLOW, os=OSRestriction{name=OSX, version='null'}, features=null}], natives={LINUX=natives-linux, WINDOWS=natives-windows}, extract=null, packed='null'}, Library{name='org.lwjgl:lwjgl-tinyfd:3.2.1', rules=[Rule{action=ALLOW, os=OSRestriction{name=OSX, version='null'}, features=null}], natives={OSX=natives-macos}, extract=null, packed='null'}, Library{name='org.lwjgl:lwjgl-stb:3.2.2', rules=[Rule{action=ALLOW, os=null, features=null}, Rule{action=DISALLOW, os=OSRestriction{name=OSX, version='null'}, features=null}], natives={LINUX=natives-linux, WINDOWS=natives-windows}, extract=null, packed='null'}, Library{name='com.mojang:text2speech:1.11.3', rules=null, natives=null, extract=null, packed='null'}, Library{name='com.mojang:text2speech:1.11.3', rules=null, natives={LINUX=natives-linux, WINDOWS=natives-windows}, extract=net.minecraft.launcher.versions.ExtractRules@a814a71, packed='null'}, Library{name='ca.weblite:java-objc-bridge:1.0.0', rules=[Rule{action=ALLOW, os=OSRestriction{name=OSX, version='null'}, features=null}], natives={OSX=natives-osx}, extract=net.minecraft.launcher.versions.ExtractRules@21da3745, packed='null'}, Library{name='ca.weblite:java-objc-bridge:1.0.0', rules=[Rule{action=ALLOW, os=OSRestriction{name=OSX, version='null'}, features=null}], natives=null, extract=null, packed='null'}]},
remote=PartialVersion{id='1.16.3', time=Thu Sep 10 19:17:47 IST 2020, release=Thu Sep 10 19:12:37 IST 2020, type=release, source=OFFICIAL_VERSION_REPO, list=net.minecraft.launcher.updater.OfficialVersionList@23d2c207}, isInstalled=true, hasRemote=true, isUpToDate=true}
[Launcher] Java path: C:\Program Files\Java\jre1.8.0_51\bin\javaw.exe
[Launcher] Checking conditions...
[Launcher] Comparing assets...
[AssetsManager] Checking resources...
[AssetsManager] Reading indexes from file E:\Minecraft\assets\indexes\1.16.json
[AssetsManager] Fast comparing: true
[Launcher] Delta time to compare assets: 44 ms.
[TLauncherManager] add required libraries: 1.16.3
[VersionManager] Required for version 1.16.3: []
[Modpack]  got container
[TLauncherManager] library will be replaced: com.mojang:authlib:1.6.25
[TLauncherManager] library will be replaced: com.mojang:patchy:1.1
[TLauncherManager] library will be added as required: net.minecraft:launchwrapper:1.12
[TLauncherManager] library will be added as required: org.ow2.asm:asm-commons:6.2
[TLauncherManager] library will be added as required: org.ow2.asm:asm:6.2
[TLauncherManager] library will be added as required: org.ow2.asm:asm-tree:6.2
[TLauncherManager] library will be added: org.tlauncher:tl_skin_cape_1.16.3:1.14
[Launcher] Unpacking natives...
[Launcher] Constructing process...
[Launcher] Constructing classpath...
[Launcher] Getting Minecraft arguments...
[Launcher] Full command (characters are not escaped):
C:\Program Files\Java\jre1.8.0_51\bin\javaw.exe -Djava.net.preferIPv4Stack=true -Xmn128M -Xmx6897M -XX:HeapDumpPath=MojangTricksIntelDriversForPerformance_javaw.exe_minecraft.exe.heapdump -Xss1M -Djava.library.path=E:\Minecraft\versions\1.16.3\natives -Dminecraft.launcher.brand=minecraft-launcher -Dminecraft.launcher.version=2.0.1003 -cp E:\Minecraft\libraries\org\tlauncher\tl_skin_cape_1.16.3\1.14\tl_skin_cape_1.16.3-1.14.jar;E:\Minecraft\libraries\org\ow2\asm\asm-tree\6.2\asm-tree-6.2.jar;E:\Minecraft\libraries\org\ow2\asm\asm\6.2\asm-6.2.jar;E:\Minecraft\libraries\org\ow2\asm\asm-commons\6.2\asm-commons-6.2.jar;E:\Minecraft\libraries\net\minecraft\launchwrapper\1.12\launchwrapper-1.12.jar;E:\Minecraft\libraries\org\tlauncher\patchy\1.1\patchy-1.1.jar;E:\Minecraft\libraries\oshi-project\oshi-core\1.1\oshi-core-1.1.jar;E:\Minecraft\libraries\net\java\dev\jna\jna\4.4.0\jna-4.4.0.jar;E:\Minecraft\libraries\net\java\dev\jna\platform\3.4.0\platform-3.4.0.jar;E:\Minecraft\libraries\com\ibm\icu\icu4j\66.1\icu4j-66.1.jar;E:\Minecraft\libraries\com\mojang\javabridge\1.0.22\javabridge-1.0.22.jar;E:\Minecraft\libraries\net\sf\jopt-simple\jopt-simple\5.0.3\jopt-simple-5.0.3.jar;E:\Minecraft\libraries\io\netty\netty-all\4.1.25.Final\netty-all-4.1.25.Final.jar;E:\Minecraft\libraries\com\google\guava\guava\21.0\guava-21.0.jar;E:\Minecraft\libraries\org\apache\commons\commons-lang3\3.5\commons-lang3-3.5.jar;E:\Minecraft\libraries\commons-io\commons-io\2.5\commons-io-2.5.jar;E:\Minecraft\libraries\commons-codec\commons-codec\1.10\commons-codec-1.10.jar;E:\Minecraft\libraries\net\java\jinput\jinput\2.0.5\jinput-2.0.5.jar;E:\Minecraft\libraries\net\java\jutils\jutils\1.0.0\jutils-1.0.0.jar;E:\Minecraft\libraries\com\mojang\brigadier\1.0.17\brigadier-1.0.17.jar;E:\Minecraft\libraries\com\mojang\datafixerupper\4.0.26\datafixerupper-4.0.26.jar;E:\Minecraft\libraries\com\google\code\gson\gson\2.8.0\gson-2.8.0.jar;E:\Minecraft\libraries\org\tlauncher\authlib\1.8.25\authlib-1.8.25.jar;E:\Minecraft\libraries\org\apache\commons\commons-compress\1.8.1\commons-compress-1.8.1.jar;E:\Minecraft\libraries\org\apache\httpcomponents\httpclient\4.3.3\httpclient-4.3.3.jar;E:\Minecraft\libraries\commons-logging\commons-logging\1.1.3\commons-logging-1.1.3.jar;E:\Minecraft\libraries\org\apache\httpcomponents\httpcore\4.3.2\httpcore-4.3.2.jar;E:\Minecraft\libraries\it\unimi\dsi\fastutil\8.2.1\fastutil-8.2.1.jar;E:\Minecraft\libraries\org\apache\logging\log4j\log4j-api\2.8.1\log4j-api-2.8.1.jar;E:\Minecraft\libraries\org\apache\logging\log4j\log4j-core\2.8.1\log4j-core-2.8.1.jar;E:\Minecraft\libraries\org\lwjgl\lwjgl\3.2.2\lwjgl-3.2.2.jar;E:\Minecraft\libraries\org\lwjgl\lwjgl-jemalloc\3.2.2\lwjgl-jemalloc-3.2.2.jar;E:\Minecraft\libraries\org\lwjgl\lwjgl-openal\3.2.2\lwjgl-openal-3.2.2.jar;E:\Minecraft\libraries\org\lwjgl\lwjgl-opengl\3.2.2\lwjgl-opengl-3.2.2.jar;E:\Minecraft\libraries\org\lwjgl\lwjgl-glfw\3.2.2\lwjgl-glfw-3.2.2.jar;E:\Minecraft\libraries\org\lwjgl\lwjgl-stb\3.2.2\lwjgl-stb-3.2.2.jar;E:\Minecraft\libraries\org\lwjgl\lwjgl-tinyfd\3.2.2\lwjgl-tinyfd-3.2.2.jar;E:\Minecraft\libraries\com\mojang\text2speech\1.11.3\text2speech-1.11.3.jar;E:\Minecraft\versions\1.16.3\1.16.3.jar -Dminecraft.applet.TargetDirectory=E:\Minecraft -XX:+UseConcMarkSweepGC -Dfml.ignoreInvalidMinecraftCertificates=true -Dfml.ignorePatchDiscrepancies=true org.tlauncher.Launch --username Whitebeard --version 1.16.3 --gameDir E:\Minecraft --assetsDir E:\Minecraft\assets --assetIndex 1.16 --uuid 00000000-0000-0000-0000-000000000000 --accessToken null --userType legacy --versionType release --width 925 --height 530
[Launcher] Launching Minecraft...
I'm hiding!
[TLauncherManager] mods after 
[InnerMinecraftServersImpl]  search changers of the servers
read servers from servers.dat []
[InnerMinecraftServersImpl]  prepare inner servers
save servers to servers.dat
[Launcher] Starting Minecraft latest-release...
[Launcher] Launching in: E:\Minecraft
Starting garbage collector: 172 / 202 MB
Garbage collector completed: 37 / 208 MB
[Launcher] Processing post-launch actions. Assist launch: true
===============================================================================================
2020-09-22 22:34:30,831 main ERROR Unable to move file E:\Minecraft\logs\latest.log to E:\Minecraft\logs\2020-09-22-7.log: java.nio.file.FileSystemException E:\Minecraft\logs\latest.log -> E:\Minecraft\logs\2020-09-22-7.log: The process cannot access the file because it is being used by another process.

2020-09-22 22:34:30,834 main ERROR Unable to delete file E:\Minecraft\logs\latest.log: java.nio.file.FileSystemException E:\Minecraft\logs\latest.log: The process cannot access the file because it is being used by another process.

[22:34:30] [main/INFO]: Loading tweak class name org.tlauncher.tweaker.Tweaker
[22:34:30] [main/INFO]: Using primary tweak class name org.tlauncher.tweaker.Tweaker
[22:34:30] [main/INFO]: Calling tweak class org.tlauncher.tweaker.Tweaker
Log Path: E:\Minecraft\.\tlLoader\Tweaker.log
[main INFO] Using Tweaker
[main INFO] Tweaker: acceptOptions
[main INFO] Tweaker: injectIntoClassLoader
[TLSkinCape] Current TLSkinCape version is 1.14
[TLSkinCape] Current Minecraft version is 1.16.3.
[main INFO] Hook method dzb#p()Lvk; loaded.
[main INFO] Hook method dzb#o()Lvk; loaded.
[main INFO] Hook method dzb#u()Ljava/lang/String; loaded.
[main INFO] Hook method dzb#r()Lvk; loaded.
[main INFO] Hook method bft#a(Lbfu;)Z loaded.
[main INFO] Hook method dov#a(Ldfj;IIF)V loaded.
[main INFO] Loaded as a library.
[main INFO] Tweaker: getLaunchArguments
[22:34:30] [main/INFO]: Launching wrapped minecraft {org.tlauncher.Main}
[main INFO] [TLSkinCape] Method bft.a(Lbfu;)Z successfully hooked.
[22:34:36] [main/INFO]: [STDOUT]: [Render thread INFO] [TLSkinCape] Method dov.a(Ldfj;IIF)V successfully hooked.
[22:34:36] [main/INFO]: [STDOUT]: [Render thread INFO] [TLSkinCape] Method dzb.p()Lvk; successfully hooked.
[22:34:36] [main/INFO]: [STDOUT]: [Render thread INFO] [TLSkinCape] Method dzb.o()Lvk; successfully hooked.
[22:34:36] [main/INFO]: [STDOUT]: [Render thread INFO] [TLSkinCape] Method dzb.u()Ljava/lang/String; successfully hooked.
[22:34:36] [main/INFO]: [STDOUT]: [Render thread INFO] [TLSkinCape] Method dzb.r()Lvk; successfully hooked.
[22:34:36] [main/INFO]: Environment: authHost='https://authserver.mojang.com', accountsHost='https://api.mojang.com', sessionHost='https://sessionserver.mojang.com', name='PROD'
[22:34:36] [main/INFO]: Setting user: Whitebeard
[22:34:37] [main/INFO]: Backend library: LWJGL version 3.2.2 build 10
[22:34:39] [main/INFO]: Narrator library for x64 successfully loaded
[22:34:39] [main/INFO]: Reloading ResourceManager: Default
[22:34:39] [main/INFO]: [STDOUT]: [Connector] trying to start...
[22:34:39] [main/INFO]: [STDOUT]: [Connector] no server info
[22:34:39] [main/INFO]: [STDOUT]: [Connector] end
[22:34:41] [Realms Notification Availability checker #1/INFO]: Could not authorize you against Realms server: Invalid session id
[22:34:46] [main/INFO]: OpenAL initialized.
[22:34:46] [main/INFO]: Sound engine started
[22:34:46] [main/INFO]: Created: 1024x1024x4 minecraft:textures/atlas/blocks.png-atlas
[22:34:46] [main/INFO]: Created: 256x128x4 minecraft:textures/atlas/signs.png-atlas
[22:34:46] [main/INFO]: Created: 1024x512x4 minecraft:textures/atlas/banner_patterns.png-atlas
[22:34:46] [main/INFO]: Created: 1024x512x4 minecraft:textures/atlas/shield_patterns.png-atlas
[22:34:46] [main/INFO]: Created: 256x256x4 minecraft:textures/atlas/chest.png-atlas
[22:34:46] [main/INFO]: Created: 512x256x4 minecraft:textures/atlas/beds.png-atlas
[22:34:46] [main/INFO]: Created: 512x256x4 minecraft:textures/atlas/shulker_boxes.png-atlas
[22:34:47] [main/INFO]: Created: 256x256x0 minecraft:textures/atlas/particles.png-atlas
[22:34:47] [main/INFO]: Created: 256x256x0 minecraft:textures/atlas/paintings.png-atlas
[22:34:47] [main/INFO]: Created: 256x128x0 minecraft:textures/atlas/mob_effects.png-atlas
[22:34:49] [main/INFO]: [STDOUT]: [TLSkinCape] Current TLSkinCape version is 1.14
[22:34:49] [main/INFO]: [STDOUT]: [TLSkinCape] Current Minecraft version is 1.16.3.
[22:40:10] [main/INFO]: Connecting to 0, 25565
[22:40:12] [main/INFO]: Environment: authHost='https://authserver.mojang.com', accountsHost='https://api.mojang.com', sessionHost='https://sessionserver.mojang.com', name='PROD'
[22:40:15] [main/INFO]: Loaded 0 advancements
[22:40:36] [main/INFO]: Loaded 3 advancements
[22:41:35] [main/INFO]: [CHAT] gts joined the game
[22:42:34] [main/INFO]: [CHAT] ASKHALSA joined the game
[22:43:45] [main/INFO]: Loaded 6 advancements
[22:47:57] [main/INFO]: Loaded 21 advancements
[22:48:12] [main/INFO]: [CHAT] Respawn point set
[22:48:12] [main/INFO]: [CHAT] Whitebeard has made the advancement [Sweet Dreams]
[22:48:12] [main/INFO]: Loaded 24 advancements
[22:48:24] [main/INFO]: Loaded 25 advancements
[22:48:50] [main/INFO]: [CHAT] ASKHALSA was shot by Skeleton
[22:52:15] [main/INFO]: [CHAT] Respawn point set
[22:52:40] [main/INFO]: [CHAT] ASKHALSA was shot by Skeleton
[22:54:30] [main/INFO]: [CHAT] gts left the game
[22:54:53] [main/INFO]: [CHAT] Whitebeard hit the ground too hard
[22:56:06] [main/WARN]: Ambiguity between arguments [teleport, destination] and [teleport, targets] with inputs: [Player, 0123, @e, dd12be42-52a9-4a91-a8a1-11c01849e498]
[22:56:06] [main/WARN]: Ambiguity between arguments [teleport, location] and [teleport, destination] with inputs: [0.1 -0.5 .9, 0 0 0]
[22:56:06] [main/WARN]: Ambiguity between arguments [teleport, location] and [teleport, targets] with inputs: [0.1 -0.5 .9, 0 0 0]
[22:56:06] [main/WARN]: Ambiguity between arguments [teleport, targets] and [teleport, destination] with inputs: [Player, 0123, dd12be42-52a9-4a91-a8a1-11c01849e498]
[22:56:06] [main/WARN]: Ambiguity between arguments [teleport, targets, location] and [teleport, targets, destination] with inputs: [0.1 -0.5 .9, 0 0 0]
[22:56:06] [main/INFO]: Reloading ResourceManager: Default
[22:56:06] [main/INFO]: Loaded 7 recipes
[22:56:07] [main/INFO]: Loaded 927 advancements
[22:56:07] [main/INFO]: Environment: authHost='https://authserver.mojang.com', accountsHost='https://api.mojang.com', sessionHost='https://sessionserver.mojang.com', name='PROD'
[22:56:07] [Server thread/INFO]: Starting integrated minecraft server version 1.16.3
[22:56:07] [Server thread/INFO]: Generating keypair
[22:56:10] [Server thread/INFO]: Preparing start region for dimension minecraft:overworld
[22:56:10] [main/INFO]: Preparing spawn area: 0%
[22:56:10] [main/INFO]: Preparing spawn area: 0%
[22:56:11] [main/INFO]: Preparing spawn area: 0%
[22:56:11] [main/INFO]: Preparing spawn area: 1%
[22:56:12] [main/INFO]: Preparing spawn area: 1%
[22:56:12] [main/INFO]: Preparing spawn area: 5%
[22:56:13] [main/INFO]: Preparing spawn area: 11%
[22:56:13] [main/INFO]: Preparing spawn area: 15%
[22:56:14] [main/INFO]: Preparing spawn area: 19%
[22:56:14] [main/INFO]: Preparing spawn area: 25%
[22:56:15] [main/INFO]: Preparing spawn area: 31%
[22:56:15] [main/INFO]: Preparing spawn area: 36%
[22:56:16] [main/INFO]: Preparing spawn area: 43%
[22:56:16] [main/INFO]: Preparing spawn area: 48%
[22:56:17] [main/INFO]: Preparing spawn area: 48%
[22:56:17] [main/INFO]: Preparing spawn area: 48%
[22:56:18] [main/INFO]: Preparing spawn area: 62%
[22:56:18] [main/INFO]: Preparing spawn area: 62%
[22:56:19] [main/INFO]: Preparing spawn area: 62%
[22:56:19] [main/INFO]: Preparing spawn area: 62%
[22:56:20] [main/INFO]: Preparing spawn area: 83%
[22:56:21] [main/INFO]: Preparing spawn area: 90%
[22:56:21] [main/INFO]: Preparing spawn area: 90%
[22:56:21] [main/INFO]: Preparing spawn area: 96%
[22:56:21] [main/INFO]: Time elapsed: 11675 ms
[22:56:22] [Server thread/INFO]: Changing view distance to 11, from 10
[22:56:22] [Server thread/INFO]: Whitebeard[local:E:6aaa916c] logged in with entity id 10784 at (259.5, 63.0, 186.5)
[22:56:23] [Server thread/INFO]: Whitebeard joined the game
[22:56:23] [Server thread/INFO]: Saving and pausing game...
[22:56:23] [Server thread/INFO]: Saving chunks for level 'ServerLevel[Grand Line]'/minecraft:overworld
[22:56:24] [Server thread/INFO]: Saving chunks for level 'ServerLevel[Grand Line]'/minecraft:the_nether
[22:56:24] [Server thread/INFO]: Saving chunks for level 'ServerLevel[Grand Line]'/minecraft:the_end
[22:56:24] [Server thread/WARN]: Can't keep up! Is the server overloaded? Running 2607ms or 52 ticks behind
[22:58:35] [main/INFO]: Loaded 0 advancements
[22:58:39] [Server thread/INFO]: Saving and pausing game...
[22:58:39] [Server thread/INFO]: Saving chunks for level 'ServerLevel[Grand Line]'/minecraft:overworld
[22:58:39] [Server thread/INFO]: Saving chunks for level 'ServerLevel[Grand Line]'/minecraft:the_nether
[22:58:39] [Server thread/INFO]: Saving chunks for level 'ServerLevel[Grand Line]'/minecraft:the_end
[22:58:39] [Server thread/INFO]: Whitebeard lost connection: Disconnected
[22:58:39] [Server thread/INFO]: Whitebeard left the game
[22:58:39] [Server thread/INFO]: Stopping singleplayer server as player logged out
[22:58:39] [Server thread/INFO]: Stopping server
[22:58:39] [Server thread/INFO]: Saving players
[22:58:39] [Server thread/INFO]: Saving worlds
[22:58:39] [Server thread/INFO]: Saving chunks for level 'ServerLevel[Grand Line]'/minecraft:overworld
[22:58:40] [Server thread/INFO]: ThreadedAnvilChunkStorage (Grand Line (1)): All chunks are saved
[22:58:40] [Server thread/INFO]: Saving chunks for level 'ServerLevel[Grand Line]'/minecraft:the_nether
[22:58:40] [Server thread/INFO]: ThreadedAnvilChunkStorage (DIM-1): All chunks are saved
[22:58:40] [Server thread/INFO]: Saving chunks for level 'ServerLevel[Grand Line]'/minecraft:the_end
[22:58:40] [Server thread/INFO]: ThreadedAnvilChunkStorage (DIM1): All chunks are saved
[22:58:40] [Server thread/INFO]: ThreadedAnvilChunkStorage (Grand Line (1)): All chunks are saved
[22:58:40] [Server thread/INFO]: ThreadedAnvilChunkStorage (DIM-1): All chunks are saved
[22:58:40] [Server thread/INFO]: ThreadedAnvilChunkStorage (DIM1): All chunks are saved
[22:58:48] [main/INFO]: Attempt 1...
[22:59:26] [main/INFO]: Connecting to 0, 25565
[22:59:26] [main/INFO]: Environment: authHost='https://authserver.mojang.com', accountsHost='https://api.mojang.com', sessionHost='https://sessionserver.mojang.com', name='PROD'
[22:59:26] [main/INFO]: Loaded 25 advancements
[23:00:07] [main/INFO]: Connecting to 0, 25565
[23:00:08] [main/INFO]: Environment: authHost='https://authserver.mojang.com', accountsHost='https://api.mojang.com', sessionHost='https://sessionserver.mojang.com', name='PROD'
[23:00:09] [main/INFO]: Loaded 25 advancements
[23:00:48] [main/INFO]: [CHAT] ASKHALSA joined the game
[23:01:15] [main/INFO]: Loaded 37 advancements
[23:01:35] [main/INFO]: Attempt 1...
[23:06:27] [main/INFO]: Connecting to 0, 25565
[23:06:28] [main/INFO]: Environment: authHost='https://authserver.mojang.com', accountsHost='https://api.mojang.com', sessionHost='https://sessionserver.mojang.com', name='PROD'
[23:06:29] [main/INFO]: Loaded 0 advancements
[23:07:15] [main/INFO]: [CHAT] ASKHALSA joined the game
[23:07:34] [main/INFO]: [CHAT] gts joined the game
[23:08:04] [main/INFO]: Loaded 7 advancements
[23:08:59] [main/INFO]: Loaded 9 advancements
[23:09:18] [main/WARN]: Unable to play empty soundEvent: minecraft:entity.cod.ambient
[23:10:28] [main/INFO]: Loaded 27 advancements
[23:11:38] [main/INFO]: [CHAT] <ASKHALSA> TT
[23:17:19] [main/INFO]: [CHAT] gts has made the advancement [Sweet Dreams]
[23:17:35] [main/INFO]: [CHAT] ASKHALSA has made the advancement [Sweet Dreams]
[23:20:42] [main/INFO]: Connecting to 0, 25565
[23:20:43] [main/INFO]: Environment: authHost='https://authserver.mojang.com', accountsHost='https://api.mojang.com', sessionHost='https://sessionserver.mojang.com', name='PROD'
[23:20:43] [main/INFO]: Loaded 36 advancements
[23:21:11] [main/INFO]: Loaded 39 advancements
[23:21:29] [main/INFO]: [CHAT] gts joined the game
[23:21:32] [main/INFO]: [CHAT] gts left the game
[23:21:32] [main/INFO]: [CHAT] gts joined the game
[23:21:49] [main/INFO]: Loaded 51 advancements
[23:22:10] [main/INFO]: [CHAT] gts has made the advancement [Stone Age]
[23:22:24] [main/INFO]: [CHAT] gts has made the advancement [Getting an Upgrade]
[23:22:31] [main/INFO]: Loaded 60 advancements
[23:26:53] [main/INFO]: Loaded 70 advancements
[23:27:38] [main/INFO]: [CHAT] Whitebeard has made the advancement [Stone Age]
[23:27:38] [main/INFO]: Loaded 88 advancements
[23:27:48] [main/INFO]: [CHAT] gts has made the advancement [Monster Hunter]
[23:28:50] [main/INFO]: Loaded 90 advancements
[23:30:38] [main/INFO]: [CHAT] Whitebeard has made the advancement [Getting an Upgrade]
[23:30:38] [main/INFO]: Loaded 94 advancements
[23:31:25] [main/INFO]: [CHAT] Respawn point set
[23:31:25] [main/INFO]: [CHAT] Whitebeard has made the advancement [Sweet Dreams]
[23:31:25] [main/INFO]: Loaded 97 advancements
[23:32:28] [main/INFO]: Loaded 108 advancements
[23:32:36] [main/INFO]: Loaded 109 advancements
[23:32:45] [main/INFO]: Loaded 111 advancements
[23:33:44] [main/INFO]: Loaded 123 advancements
[23:34:59] [main/INFO]: [CHAT] Whitebeard was shot by Skeleton
[23:35:24] [main/INFO]: [CHAT] gts was shot by Skeleton
[23:37:49] [main/INFO]: Loaded 124 advancements
[23:39:34] [main/INFO]: [CHAT] ASKHALSA has made the advancement [Stone Age]
[23:40:01] [main/INFO]: Loaded 134 advancements
[23:41:41] [main/INFO]: [CHAT] ASKHALSA has made the advancement [Getting an Upgrade]
[23:43:29] [main/INFO]: Loaded 144 advancements
[23:43:48] [main/INFO]: Loaded 145 advancements
[23:44:28] [main/INFO]: [CHAT] ASKHALSA was shot by Skeleton
[23:51:50] [main/INFO]: [CHAT] gts has made the advancement [Acquire Hardware]
[23:54:42] [main/INFO]: Loaded 145 advancements
[23:55:50] [main/INFO]: [CHAT] ASKHALSA left the game
[23:57:37] [main/INFO]: [CHAT] Whitebeard has made the advancement [Monster Hunter]
[23:57:37] [main/INFO]: Loaded 148 advancements
[23:57:37] [main/INFO]: Loaded 149 advancements
[23:57:49] [main/INFO]: [CHAT] gts was shot by Skeleton
[23:58:23] [main/INFO]: [CHAT] Whitebeard was shot by Skeleton
[00:08:46] [main/INFO]: Loaded 154 advancements
2020-09-23 00:08:46,254 Render thread ERROR Unable to move file E:\Minecraft\logs\latest.log to E:\Minecraft\logs\2020-09-22-7.log: java.nio.file.FileSystemException E:\Minecraft\logs\latest.log -> E:\Minecraft\logs\2020-09-22-7.log: The process cannot access the file because it is being used by another process.

2020-09-23 00:08:46,256 Render thread ERROR Unable to delete file E:\Minecraft\logs\latest.log: java.nio.file.FileSystemException E:\Minecraft\logs\latest.log: The process cannot access the file because it is being used by another process.

[00:09:32] [main/INFO]: [CHAT] gts left the game
[00:09:33] [main/INFO]: [CHAT] Whitebeard was blown up by Creeper
[00:09:40] [main/INFO]: Stopping!
Here I am!
[VersionManager] Refreshing versions locally...
[VersionManager] Versions has been refreshed (25 ms)
[Launcher] Minecraft closed with exit code: 0
[Launcher] Launcher exited.
Good bye!
[TLauncherManager] before clearLibrary E:\Minecraft\mods\pack.mcmeta E:\Minecraft\mods\pack.png
[TLauncherManager] written:  []
[TLauncherManager] after clearLibrary E:\Minecraft\mods\pack.mcmeta E:\Minecraft\mods\pack.png
flush now
