[22:33:23] [main/INFO]: Environment: authHost='https://authserver.mojang.com', accountsHost='https://api.mojang.com', sessionHost='https://sessionserver.mojang.com', name='PROD'
[22:33:26] [main/WARN]: Ambiguity between arguments [teleport, destination] and [teleport, targets] with inputs: [Player, 0123, @e, dd12be42-52a9-4a91-a8a1-11c01849e498]
[22:33:26] [main/WARN]: Ambiguity between arguments [teleport, location] and [teleport, destination] with inputs: [0.1 -0.5 .9, 0 0 0]
[22:33:26] [main/WARN]: Ambiguity between arguments [teleport, location] and [teleport, targets] with inputs: [0.1 -0.5 .9, 0 0 0]
[22:33:26] [main/WARN]: Ambiguity between arguments [teleport, targets] and [teleport, destination] with inputs: [Player, 0123, dd12be42-52a9-4a91-a8a1-11c01849e498]
[22:33:26] [main/WARN]: Ambiguity between arguments [teleport, targets, location] and [teleport, targets, destination] with inputs: [0.1 -0.5 .9, 0 0 0]
[22:33:26] [main/INFO]: Reloading ResourceManager: Default
[22:33:28] [Worker-Main-4/INFO]: Loaded 7 recipes
[22:33:28] [Worker-Main-4/INFO]: Loaded 927 advancements
[22:33:31] [Server thread/INFO]: Starting minecraft server version 1.16.3
[22:33:31] [Server thread/INFO]: Loading properties
[22:33:31] [Server thread/INFO]: Default game type: SURVIVAL
[22:33:31] [Server thread/INFO]: Generating keypair
[22:33:31] [Server console handler/ERROR]: Exception handling console input
java.io.IOException: The handle is invalid
	at java.io.FileInputStream.readBytes(Native Method) ~[?:1.8.0_51]
	at java.io.FileInputStream.read(Unknown Source) ~[?:1.8.0_51]
	at java.io.BufferedInputStream.read1(Unknown Source) ~[?:1.8.0_51]
	at java.io.BufferedInputStream.read(Unknown Source) ~[?:1.8.0_51]
	at sun.nio.cs.StreamDecoder.readBytes(Unknown Source) ~[?:1.8.0_51]
	at sun.nio.cs.StreamDecoder.implRead(Unknown Source) ~[?:1.8.0_51]
	at sun.nio.cs.StreamDecoder.read(Unknown Source) ~[?:1.8.0_51]
	at java.io.InputStreamReader.read(Unknown Source) ~[?:1.8.0_51]
	at java.io.BufferedReader.fill(Unknown Source) ~[?:1.8.0_51]
	at java.io.BufferedReader.readLine(Unknown Source) ~[?:1.8.0_51]
	at java.io.BufferedReader.readLine(Unknown Source) ~[?:1.8.0_51]
	at zg$1.run(SourceFile:89) [server.jar:?]
[22:33:31] [Server thread/INFO]: Starting Minecraft server on *:25565
[22:33:31] [Server thread/INFO]: Using default channel type
[22:33:36] [Server thread/WARN]: **** SERVER IS RUNNING IN OFFLINE/INSECURE MODE!
[22:33:36] [Server thread/WARN]: The server will make no attempt to authenticate usernames. Beware.
[22:33:36] [Server thread/WARN]: While this makes the game possible to play without internet access, it also opens up the ability for hackers to connect with any username they choose.
[22:33:36] [Server thread/WARN]: To change this, set "online-mode" to "true" in the server.properties file.
[22:33:36] [Server thread/INFO]: Preparing level "world"
[22:33:36] [Server thread/WARN]: Unable to find spawn biome
[22:33:57] [Server thread/INFO]: Preparing start region for dimension minecraft:overworld
[22:33:57] [Worker-Main-8/INFO]: Preparing spawn area: 54%
[22:33:58] [Worker-Main-7/INFO]: Preparing spawn area: 55%
[22:33:59] [Worker-Main-7/INFO]: Preparing spawn area: 60%
[22:33:59] [Worker-Main-7/INFO]: Preparing spawn area: 60%
[22:33:59] [Worker-Main-7/INFO]: Preparing spawn area: 60%
[22:34:00] [Worker-Main-7/INFO]: Preparing spawn area: 61%
[22:34:00] [Worker-Main-7/INFO]: Preparing spawn area: 64%
[22:34:01] [Worker-Main-5/INFO]: Preparing spawn area: 70%
[22:34:01] [Worker-Main-7/INFO]: Preparing spawn area: 72%
[22:34:02] [Worker-Main-8/INFO]: Preparing spawn area: 79%
[22:34:02] [Worker-Main-7/INFO]: Preparing spawn area: 79%
[22:34:03] [Worker-Main-7/INFO]: Preparing spawn area: 79%
[22:34:03] [Worker-Main-7/INFO]: Preparing spawn area: 79%
[22:34:04] [Worker-Main-8/INFO]: Preparing spawn area: 95%
[22:34:05] [Worker-Main-8/INFO]: Preparing spawn area: 100%
[22:34:05] [Worker-Main-8/INFO]: Preparing spawn area: 100%
[22:34:05] [Worker-Main-8/INFO]: Preparing spawn area: 100%
[22:34:08] [Worker-Main-5/INFO]: Preparing spawn area: 100%
[22:34:08] [Worker-Main-5/INFO]: Preparing spawn area: 100%
[22:34:08] [Worker-Main-7/INFO]: Preparing spawn area: 100%
[22:34:08] [Worker-Main-8/INFO]: Preparing spawn area: 100%
[22:34:08] [Worker-Main-5/INFO]: Preparing spawn area: 100%
[22:34:08] [Server thread/INFO]: Time elapsed: 10764 ms
[22:34:08] [Server thread/INFO]: Done (32.358s)! For help, type "help"
