[10:57:00] [main/INFO]: Using primary tweak class name org.tlauncher.tweaker.Tweaker
[10:57:00] [main/INFO]: Calling tweak class org.tlauncher.tweaker.Tweaker
[10:57:01] [main/INFO]: Launching wrapped minecraft {org.tlauncher.Main}
[10:57:06] [main/INFO]: [STDOUT]: [Render thread INFO] [TLSkinCape] Method dov.a(Ldfj;IIF)V successfully hooked.
[10:57:06] [main/INFO]: [STDOUT]: [Render thread INFO] [TLSkinCape] Method dzb.p()Lvk; successfully hooked.
[10:57:06] [main/INFO]: [STDOUT]: [Render thread INFO] [TLSkinCape] Method dzb.o()Lvk; successfully hooked.
[10:57:06] [main/INFO]: [STDOUT]: [Render thread INFO] [TLSkinCape] Method dzb.u()Ljava/lang/String; successfully hooked.
[10:57:06] [main/INFO]: [STDOUT]: [Render thread INFO] [TLSkinCape] Method dzb.r()Lvk; successfully hooked.
[10:57:06] [main/INFO]: Environment: authHost='https://authserver.mojang.com', accountsHost='https://api.mojang.com', sessionHost='https://sessionserver.mojang.com', name='PROD'
[10:57:06] [main/INFO]: Setting user: Whitebeard
[10:57:06] [main/INFO]: Backend library: LWJGL version 3.2.2 build 10
[10:57:09] [main/INFO]: Narrator library for x64 successfully loaded
[10:57:09] [main/INFO]: Reloading ResourceManager: Default
[10:57:09] [main/INFO]: [STDOUT]: [Connector] trying to start...
[10:57:09] [main/INFO]: [STDOUT]: [Connector] no server info
[10:57:09] [main/INFO]: [STDOUT]: [Connector] end
[10:57:11] [Realms Notification Availability checker #1/INFO]: Could not authorize you against Realms server: Invalid session id
[10:57:15] [main/INFO]: OpenAL initialized.
[10:57:15] [main/INFO]: Sound engine started
[10:57:16] [main/INFO]: Created: 1024x1024x4 minecraft:textures/atlas/blocks.png-atlas
[10:57:16] [main/INFO]: Created: 256x128x4 minecraft:textures/atlas/signs.png-atlas
[10:57:16] [main/INFO]: Created: 1024x512x4 minecraft:textures/atlas/banner_patterns.png-atlas
[10:57:16] [main/INFO]: Created: 1024x512x4 minecraft:textures/atlas/shield_patterns.png-atlas
[10:57:16] [main/INFO]: Created: 256x256x4 minecraft:textures/atlas/chest.png-atlas
[10:57:16] [main/INFO]: Created: 512x256x4 minecraft:textures/atlas/beds.png-atlas
[10:57:16] [main/INFO]: Created: 512x256x4 minecraft:textures/atlas/shulker_boxes.png-atlas
[10:57:17] [main/INFO]: Created: 256x256x0 minecraft:textures/atlas/particles.png-atlas
[10:57:17] [main/INFO]: Created: 256x256x0 minecraft:textures/atlas/paintings.png-atlas
[10:57:17] [main/INFO]: Created: 256x128x0 minecraft:textures/atlas/mob_effects.png-atlas
[10:57:18] [main/INFO]: [STDOUT]: [TLSkinCape] Current TLSkinCape version is 1.14
[10:57:18] [main/INFO]: [STDOUT]: [TLSkinCape] Current Minecraft version is 1.16.3.
[10:57:54] [main/INFO]: Connecting to 0, 25565
[10:57:57] [Server Connector #1/ERROR]: Couldn't connect to server
io.netty.channel.AbstractChannel$AnnotatedConnectException: Connection refused: no further information: cracksmind.com/0.0.0.0:25565
	at sun.nio.ch.SocketChannelImpl.checkConnect(Native Method) ~[?:1.8.0_51]
	at sun.nio.ch.SocketChannelImpl.finishConnect(Unknown Source) ~[?:1.8.0_51]
	at io.netty.channel.socket.nio.NioSocketChannel.doFinishConnect(NioSocketChannel.java:325) ~[NioSocketChannel.class:4.1.25.Final]
	at io.netty.channel.nio.AbstractNioChannel$AbstractNioUnsafe.finishConnect(AbstractNioChannel.java:340) ~[AbstractNioChannel$AbstractNioUnsafe.class:4.1.25.Final]
	at io.netty.channel.nio.NioEventLoop.processSelectedKey(NioEventLoop.java:635) ~[NioEventLoop.class:4.1.25.Final]
	at io.netty.channel.nio.NioEventLoop.processSelectedKeysOptimized(NioEventLoop.java:582) ~[NioEventLoop.class:4.1.25.Final]
	at io.netty.channel.nio.NioEventLoop.processSelectedKeys(NioEventLoop.java:499) ~[NioEventLoop.class:4.1.25.Final]
	at io.netty.channel.nio.NioEventLoop.run(NioEventLoop.java:461) ~[NioEventLoop.class:4.1.25.Final]
	at io.netty.util.concurrent.SingleThreadEventExecutor$5.run(SingleThreadEventExecutor.java:884) ~[SingleThreadEventExecutor$5.class:4.1.25.Final]
	at java.lang.Thread.run(Unknown Source) ~[?:1.8.0_51]
Caused by: java.net.ConnectException: Connection refused: no further information
	... 10 more
