[22:34:30] [main/INFO]: Loading tweak class name org.tlauncher.tweaker.Tweaker
[22:34:30] [main/INFO]: Using primary tweak class name org.tlauncher.tweaker.Tweaker
[22:34:30] [main/INFO]: Calling tweak class org.tlauncher.tweaker.Tweaker
[22:34:30] [main/INFO]: Launching wrapped minecraft {org.tlauncher.Main}
[22:34:36] [main/INFO]: [STDOUT]: [Render thread INFO] [TLSkinCape] Method dov.a(Ldfj;IIF)V successfully hooked.
[22:34:36] [main/INFO]: [STDOUT]: [Render thread INFO] [TLSkinCape] Method dzb.p()Lvk; successfully hooked.
[22:34:36] [main/INFO]: [STDOUT]: [Render thread INFO] [TLSkinCape] Method dzb.o()Lvk; successfully hooked.
[22:34:36] [main/INFO]: [STDOUT]: [Render thread INFO] [TLSkinCape] Method dzb.u()Ljava/lang/String; successfully hooked.
[22:34:36] [main/INFO]: [STDOUT]: [Render thread INFO] [TLSkinCape] Method dzb.r()Lvk; successfully hooked.
[22:34:36] [main/INFO]: Environment: authHost='https://authserver.mojang.com', accountsHost='https://api.mojang.com', sessionHost='https://sessionserver.mojang.com', name='PROD'
[22:34:36] [main/INFO]: Setting user: Whitebeard
[22:34:37] [main/INFO]: Backend library: LWJGL version 3.2.2 build 10
[22:34:39] [main/INFO]: Narrator library for x64 successfully loaded
[22:34:39] [main/INFO]: Reloading ResourceManager: Default
[22:34:39] [main/INFO]: [STDOUT]: [Connector] trying to start...
[22:34:39] [main/INFO]: [STDOUT]: [Connector] no server info
[22:34:39] [main/INFO]: [STDOUT]: [Connector] end
[22:34:41] [Realms Notification Availability checker #1/INFO]: Could not authorize you against Realms server: Invalid session id
[22:34:46] [main/INFO]: OpenAL initialized.
[22:34:46] [main/INFO]: Sound engine started
[22:34:46] [main/INFO]: Created: 1024x1024x4 minecraft:textures/atlas/blocks.png-atlas
[22:34:46] [main/INFO]: Created: 256x128x4 minecraft:textures/atlas/signs.png-atlas
[22:34:46] [main/INFO]: Created: 1024x512x4 minecraft:textures/atlas/banner_patterns.png-atlas
[22:34:46] [main/INFO]: Created: 1024x512x4 minecraft:textures/atlas/shield_patterns.png-atlas
[22:34:46] [main/INFO]: Created: 256x256x4 minecraft:textures/atlas/chest.png-atlas
[22:34:46] [main/INFO]: Created: 512x256x4 minecraft:textures/atlas/beds.png-atlas
[22:34:46] [main/INFO]: Created: 512x256x4 minecraft:textures/atlas/shulker_boxes.png-atlas
[22:34:47] [main/INFO]: Created: 256x256x0 minecraft:textures/atlas/particles.png-atlas
[22:34:47] [main/INFO]: Created: 256x256x0 minecraft:textures/atlas/paintings.png-atlas
[22:34:47] [main/INFO]: Created: 256x128x0 minecraft:textures/atlas/mob_effects.png-atlas
[22:34:49] [main/INFO]: [STDOUT]: [TLSkinCape] Current TLSkinCape version is 1.14
[22:34:49] [main/INFO]: [STDOUT]: [TLSkinCape] Current Minecraft version is 1.16.3.
[22:40:10] [main/INFO]: Connecting to 0, 25565
[22:40:12] [main/INFO]: Environment: authHost='https://authserver.mojang.com', accountsHost='https://api.mojang.com', sessionHost='https://sessionserver.mojang.com', name='PROD'
[22:40:15] [main/INFO]: Loaded 0 advancements
[22:40:36] [main/INFO]: Loaded 3 advancements
[22:41:35] [main/INFO]: [CHAT] gts joined the game
[22:42:34] [main/INFO]: [CHAT] ASKHALSA joined the game
[22:43:45] [main/INFO]: Loaded 6 advancements
[22:47:57] [main/INFO]: Loaded 21 advancements
[22:48:12] [main/INFO]: [CHAT] Respawn point set
[22:48:12] [main/INFO]: [CHAT] Whitebeard has made the advancement [Sweet Dreams]
[22:48:12] [main/INFO]: Loaded 24 advancements
[22:48:24] [main/INFO]: Loaded 25 advancements
[22:48:50] [main/INFO]: [CHAT] ASKHALSA was shot by Skeleton
[22:52:15] [main/INFO]: [CHAT] Respawn point set
[22:52:40] [main/INFO]: [CHAT] ASKHALSA was shot by Skeleton
[22:54:30] [main/INFO]: [CHAT] gts left the game
[22:54:53] [main/INFO]: [CHAT] Whitebeard hit the ground too hard
[22:56:06] [main/WARN]: Ambiguity between arguments [teleport, destination] and [teleport, targets] with inputs: [Player, 0123, @e, dd12be42-52a9-4a91-a8a1-11c01849e498]
[22:56:06] [main/WARN]: Ambiguity between arguments [teleport, location] and [teleport, destination] with inputs: [0.1 -0.5 .9, 0 0 0]
[22:56:06] [main/WARN]: Ambiguity between arguments [teleport, location] and [teleport, targets] with inputs: [0.1 -0.5 .9, 0 0 0]
[22:56:06] [main/WARN]: Ambiguity between arguments [teleport, targets] and [teleport, destination] with inputs: [Player, 0123, dd12be42-52a9-4a91-a8a1-11c01849e498]
[22:56:06] [main/WARN]: Ambiguity between arguments [teleport, targets, location] and [teleport, targets, destination] with inputs: [0.1 -0.5 .9, 0 0 0]
[22:56:06] [main/INFO]: Reloading ResourceManager: Default
[22:56:06] [main/INFO]: Loaded 7 recipes
[22:56:07] [main/INFO]: Loaded 927 advancements
[22:56:07] [main/INFO]: Environment: authHost='https://authserver.mojang.com', accountsHost='https://api.mojang.com', sessionHost='https://sessionserver.mojang.com', name='PROD'
[22:56:07] [Server thread/INFO]: Starting integrated minecraft server version 1.16.3
[22:56:07] [Server thread/INFO]: Generating keypair
[22:56:10] [Server thread/INFO]: Preparing start region for dimension minecraft:overworld
[22:56:10] [main/INFO]: Preparing spawn area: 0%
[22:56:10] [main/INFO]: Preparing spawn area: 0%
[22:56:11] [main/INFO]: Preparing spawn area: 0%
[22:56:11] [main/INFO]: Preparing spawn area: 1%
[22:56:12] [main/INFO]: Preparing spawn area: 1%
[22:56:12] [main/INFO]: Preparing spawn area: 5%
[22:56:13] [main/INFO]: Preparing spawn area: 11%
[22:56:13] [main/INFO]: Preparing spawn area: 15%
[22:56:14] [main/INFO]: Preparing spawn area: 19%
[22:56:14] [main/INFO]: Preparing spawn area: 25%
[22:56:15] [main/INFO]: Preparing spawn area: 31%
[22:56:15] [main/INFO]: Preparing spawn area: 36%
[22:56:16] [main/INFO]: Preparing spawn area: 43%
[22:56:16] [main/INFO]: Preparing spawn area: 48%
[22:56:17] [main/INFO]: Preparing spawn area: 48%
[22:56:17] [main/INFO]: Preparing spawn area: 48%
[22:56:18] [main/INFO]: Preparing spawn area: 62%
[22:56:18] [main/INFO]: Preparing spawn area: 62%
[22:56:19] [main/INFO]: Preparing spawn area: 62%
[22:56:19] [main/INFO]: Preparing spawn area: 62%
[22:56:20] [main/INFO]: Preparing spawn area: 83%
[22:56:21] [main/INFO]: Preparing spawn area: 90%
[22:56:21] [main/INFO]: Preparing spawn area: 90%
[22:56:21] [main/INFO]: Preparing spawn area: 96%
[22:56:21] [main/INFO]: Time elapsed: 11675 ms
[22:56:22] [Server thread/INFO]: Chang[22:59:26] [Server thread/INFO]: Whitebeard[/192.168.206.1:51692] logged in with entity id 7363 at (258.319058720775, 98.0, 0.8365158032620359)
[22:59:26] [Server thread/INFO]: Whitebeard joined the game
[22:59:38] [Server thread/INFO]: Stopping server
[22:59:38] [Server thread/INFO]: Saving players
[22:59:38] [Server thread/INFO]: Saving worlds
[22:59:38] [Server thread/INFO]: Saving chunks for level 'ServerLevel[world]'/minecraft:overworld
[22:59:39] [Server thread/INFO]: ThreadedAnvilChunkStorage (world): All chunks are saved
[22:59:39] [Server thread/INFO]: Saving chunks for level 'ServerLevel[world]'/minecraft:the_nether
[22:59:39] [Server thread/INFO]: ThreadedAnvilChunkStorage (DIM-1): All chunks are saved
[22:59:39] [Server thread/INFO]: Saving chunks for level 'ServerLevel[world]'/minecraft:the_end
[22:59:39] [Server thread/INFO]: ThreadedAnvilChunkStorage (DIM1): All chunks are saved
[22:59:39] [Server thread/INFO]: ThreadedAnvilChunkStorage (world): All chunks are saved
[22:59:39] [Server thread/INFO]: ThreadedAnvilChunkStorage (DIM-1): All chunks are saved
[22:59:39] [Server thread/INFO]: ThreadedAnvilChunkStorage (DIM1): All chunks are saved

[22:58:39] [Server thread/INFO]: Whitebeard left the game
[22:58:39] [Server thread/INFO]: Stopping singleplayer server as player logged out
[22:58:39] [Server thread/INFO]: Stopping server
[22:58:39] [Server thread/INFO]: Saving players
[22:58:39] [Server thread/INFO]: Saving worlds
[22:58:39] [Server thread/INFO]: Saving chunks for level 'ServerLevel[Grand Line]'/minecraft:overworld
[22:58:40] [Server thread/INFO]: ThreadedAnvilChunkStorage (Grand Line (1)): All chunks are saved
[22:58:40] [Server thread/INFO]: Saving chunks for level 'ServerLevel[Grand Line]'/minecraft:the_nether
[22:58:40] [Server thread/INFO]: ThreadedAnvilChunkStorage (DIM-1): All chunks are saved
[22:58:40] [Server thread/INFO]: Saving chunks for level 'ServerLevel[Grand Line]'/minecraft:the_end
[22:58:40] [Server thread/INFO]: ThreadedAnvilChunkStorage (DIM1): All chunks are saved
[22:58:40] [Server thread/INFO]: ThreadedAnvilChunkStorage (Grand Line (1)): All chunks are saved
[22:58:40] [Server thread/INFO]: ThreadedAnvilChunkStorage (DIM-1): All chunks are saved
[22:58:40] [Server thread/INFO]: ThreadedAnvilChunkStorage (DIM1): All chunks are saved
[22:58:48] [main/INFO]: Attempt 1...
[22:59:26] [main/INFO]: Connecting to 0, 25565
[22:59:26] [main/INFO]: Environment: authHost='https://authserver.mojang.com', accountsHost='https://api.mojang.com', sessionHost='https://sessionserver.mojang.com', name='PROD'
[22:59:26] [main/INFO]: Loaded 25 advancements
