[12:37:16] [main/WARN]: Ambiguity between arguments [teleport, destination] and [teleport, targets] with inputs: [Player, 0123, @e, dd12be42-52a9-4a91-a8a1-11c01849e498]
[12:37:16] [main/WARN]: Ambiguity between arguments [teleport, location] and [teleport, destination] with inputs: [0.1 -0.5 .9, 0 0 0]
[12:37:16] [main/WARN]: Ambiguity between arguments [teleport, location] and [teleport, targets] with inputs: [0.1 -0.5 .9, 0 0 0]
[12:37:16] [main/WARN]: Ambiguity between arguments [teleport, targets] and [teleport, destination] with inputs: [Player, 0123, dd12be42-52a9-4a91-a8a1-11c01849e498]
[12:37:16] [main/WARN]: Ambiguity between arguments [teleport, targets, location] and [teleport, targets, destination] with inputs: [0.1 -0.5 .9, 0 0 0]
[12:37:16] [main/INFO]: Reloading ResourceManager: Default, afk display v1.1.0.zip, armor statues v2.8.1.zip, custom nether portals v2.3.2.zip, fast leaf decay v2.0.3.zip, multiplayer sleep v2.4.3.zip, real time clock v1.1.0.zip
[12:37:18] [Worker-Main-4/INFO]: Loaded 7 recipes
[12:37:18] [Worker-Main-4/INFO]: Loaded 939 advancements
[12:37:20] [Server thread/INFO]: Starting minecraft server version 1.16.3
[12:37:20] [Server thread/INFO]: Loading properties
[12:37:20] [Server thread/INFO]: Default game type: SURVIVAL
[12:37:20] [Server thread/INFO]: Generating keypair
[12:37:20] [Server console handler/ERROR]: Exception handling console input
java.io.IOException: The handle is invalid
	at java.io.FileInputStream.readBytes(Native Method) ~[?:1.8.0_51]
	at java.io.FileInputStream.read(Unknown Source) ~[?:1.8.0_51]
	at java.io.BufferedInputStream.read1(Unknown Source) ~[?:1.8.0_51]
	at java.io.BufferedInputStream.read(Unknown Source) ~[?:1.8.0_51]
	at sun.nio.cs.StreamDecoder.readBytes(Unknown Source) ~[?:1.8.0_51]
	at sun.nio.cs.StreamDecoder.implRead(Unknown Source) ~[?:1.8.0_51]
	at sun.nio.cs.StreamDecoder.read(Unknown Source) ~[?:1.8.0_51]
	at java.io.InputStreamReader.read(Unknown Source) ~[?:1.8.0_51]
	at java.io.BufferedReader.fill(Unknown Source) ~[?:1.8.0_51]
	at java.io.BufferedReader.readLine(Unknown Source) ~[?:1.8.0_51]
	at java.io.BufferedReader.readLine(Unknown Source) ~[?:1.8.0_51]
	at zg$1.run(SourceFile:89) [server.jar:?]
[12:37:20] [Server thread/INFO]: Starting Minecraft server on *:25565
[12:37:20] [Server thread/INFO]: Using default channel type
[12:37:21] [Server thread/WARN]: **** SERVER IS RUNNING IN OFFLINE/INSECURE MODE!
[12:37:21] [Server thread/WARN]: The server will make no attempt to authenticate usernames. Beware.
[12:37:21] [Server thread/WARN]: While this makes the game possible to play without internet access, it also opens up the ability for hackers to connect with any username they choose.
[12:37:21] [Server thread/WARN]: To change this, set "online-mode" to "true" in the server.properties file.
[12:37:21] [Server thread/INFO]: Preparing level "world`"
[12:37:21] [Server thread/INFO]: Preparing start region for dimension minecraft:overworld
[12:37:22] [Server thread/INFO]: Preparing spawn area: 0%
[12:37:22] [Server thread/INFO]: Preparing spawn area: 0%
[12:37:22] [Server thread/INFO]: Preparing spawn area: 0%
[12:37:24] [Worker-Main-5/INFO]: Preparing spawn area: 83%
[12:37:24] [Worker-Main-5/INFO]: Preparing spawn area: 83%
[12:37:24] [Worker-Main-6/INFO]: Preparing spawn area: 83%
[12:37:24] [Worker-Main-6/INFO]: Preparing spawn area: 83%
[12:37:24] [Worker-Main-6/INFO]: Preparing spawn area: 83%
[12:37:25] [Server thread/INFO]: Preparing spawn area: 83%
[12:37:25] [Server thread/INFO]: Preparing spawn area: 95%
[12:37:26] [Worker-Main-6/INFO]: Preparing spawn area: 95%
[12:37:26] [Server thread/INFO]: Preparing spawn area: 96%
[12:37:27] [Server thread/INFO]: Time elapsed: 5906 ms
[12:37:27] [Server thread/INFO]: Done (6.034s)! For help, type "help"
