[10:58:13] [main/INFO]: Environment: authHost='https://authserver.mojang.com', accountsHost='https://api.mojang.com', sessionHost='https://sessionserver.mojang.com', name='PROD'
[10:58:14] [main/WARN]: Ambiguity between arguments [teleport, destination] and [teleport, targets] with inputs: [Player, 0123, @e, dd12be42-52a9-4a91-a8a1-11c01849e498]
[10:58:14] [main/WARN]: Ambiguity between arguments [teleport, location] and [teleport, destination] with inputs: [0.1 -0.5 .9, 0 0 0]
[10:58:14] [main/WARN]: Ambiguity between arguments [teleport, location] and [teleport, targets] with inputs: [0.1 -0.5 .9, 0 0 0]
[10:58:14] [main/WARN]: Ambiguity between arguments [teleport, targets] and [teleport, destination] with inputs: [Player, 0123, dd12be42-52a9-4a91-a8a1-11c01849e498]
[10:58:14] [main/WARN]: Ambiguity between arguments [teleport, targets, location] and [teleport, targets, destination] with inputs: [0.1 -0.5 .9, 0 0 0]
[10:58:14] [main/INFO]: Reloading ResourceManager: Default, afk display v1.1.0.zip, armor statues v2.8.1.zip, custom nether portals v2.3.2.zip, fast leaf decay v2.0.3.zip, multiplayer sleep v2.4.3.zip, real time clock v1.1.0.zip
[10:58:16] [Worker-Main-5/INFO]: Loaded 7 recipes
[10:58:16] [Worker-Main-5/INFO]: Loaded 939 advancements
[10:58:19] [Server thread/INFO]: Starting minecraft server version 1.16.3
[10:58:19] [Server thread/INFO]: Loading properties
[10:58:19] [Server thread/INFO]: Default game type: SURVIVAL
[10:58:19] [Server thread/INFO]: Generating keypair
[10:58:19] [Server console handler/ERROR]: Exception handling console input
java.io.IOException: The handle is invalid
	at java.io.FileInputStream.readBytes(Native Method) ~[?:1.8.0_51]
	at java.io.FileInputStream.read(Unknown Source) ~[?:1.8.0_51]
	at java.io.BufferedInputStream.read1(Unknown Source) ~[?:1.8.0_51]
	at java.io.BufferedInputStream.read(Unknown Source) ~[?:1.8.0_51]
	at sun.nio.cs.StreamDecoder.readBytes(Unknown Source) ~[?:1.8.0_51]
	at sun.nio.cs.StreamDecoder.implRead(Unknown Source) ~[?:1.8.0_51]
	at sun.nio.cs.StreamDecoder.read(Unknown Source) ~[?:1.8.0_51]
	at java.io.InputStreamReader.read(Unknown Source) ~[?:1.8.0_51]
	at java.io.BufferedReader.fill(Unknown Source) ~[?:1.8.0_51]
	at java.io.BufferedReader.readLine(Unknown Source) ~[?:1.8.0_51]
	at java.io.BufferedReader.readLine(Unknown Source) ~[?:1.8.0_51]
	at zg$1.run(SourceFile:89) [server.jar:?]
[10:58:19] [Server thread/INFO]: Starting Minecraft server on *:25565
[10:58:19] [Server thread/INFO]: Using default channel type
[10:58:20] [Server thread/WARN]: **** SERVER IS RUNNING IN OFFLINE/INSECURE MODE!
[10:58:20] [Server thread/WARN]: The server will make no attempt to authenticate usernames. Beware.
[10:58:20] [Server thread/WARN]: While this makes the game possible to play without internet access, it also opens up the ability for hackers to connect with any username they choose.
[10:58:20] [Server thread/WARN]: To change this, set "online-mode" to "true" in the server.properties file.
[10:58:20] [Server thread/INFO]: Preparing level "world`"
[10:58:20] [Server thread/INFO]: Preparing start region for dimension minecraft:overworld
[10:58:22] [Server thread/INFO]: Preparing spawn area: 0%
[10:58:22] [Server thread/INFO]: Preparing spawn area: 0%
[10:58:22] [Server thread/INFO]: Preparing spawn area: 0%
[10:58:22] [Server thread/INFO]: Preparing spawn area: 0%
[10:58:22] [Server thread/INFO]: Preparing spawn area: 0%
[10:58:26] [Worker-Main-7/INFO]: Preparing spawn area: 83%
[10:58:26] [Worker-Main-4/INFO]: Preparing spawn area: 83%
[10:58:26] [Worker-Main-4/INFO]: Preparing spawn area: 83%
[10:58:26] [Worker-Main-4/INFO]: Preparing spawn area: 83%
[10:58:26] [Worker-Main-4/INFO]: Preparing spawn area: 83%
[10:58:26] [Worker-Main-4/INFO]: Preparing spawn area: 83%
[10:58:26] [Worker-Main-4/INFO]: Preparing spawn area: 83%
[10:58:26] [Worker-Main-4/INFO]: Preparing spawn area: 95%
[10:58:27] [Worker-Main-4/INFO]: Preparing spawn area: 95%
[10:58:27] [Worker-Main-6/INFO]: Preparing spawn area: 95%
[10:58:28] [Worker-Main-7/INFO]: Preparing spawn area: 97%
[10:58:28] [Server thread/INFO]: Time elapsed: 7822 ms
[10:58:28[10:58:29] [main/INFO]: Environment: authHost='https://authserver.mojang.com', accountsHost='https://api.mojang.com', sessionHost='https://sessionserver.mojang.com', name='PROD'
[10:58:30] [main/INFO]: Loaded 217 advancements
[11:00:31] [main/WARN]: Unable to play em[11:01:37] [Server thread/INFO]: Whitebeard has made the[11:01:37] [main/INFO]: [CHAT] Whitebeard[11:02:25] [Server thread/INFO]: Gave 1 [White Bed] to Whitebeard
[11:04:52] [Server thread/INFO]: Whitebeard was shot by Skeleton
[11:04:54] [Server thread/WARN]: Whitebeard moved too quickly! 8.6954928001403,-1.0,[11:07:20] [main/INF[11:15:27] [Server thread/INFO]: Gave 2 [White Bed] to Whitebeard
[11:16:27] [Server thread/INFO]: Whitebeard was blown up by C[11:16:2[11:16:44] [Server thread/INFO]: Whitebeard lost connection: Disconnected
[11:16:44] [Server thread/INFO]: Whitebeard left the game
[11:16:48] [Server thread/INFO]: Stopping server
[11:16:48] [Server thread/INFO]: Saving players
[11:16:48] [Server thread/INFO]: Saving worlds
[11:16:48] [Server thread/INFO]: Saving chunks for level 'ServerLevel[world`]'/minecraft:overworld
[11:16:48] [Server thread/INFO]: ThreadedAnvilChunkStorage (world`): All chunks are saved
[11:16:48] [Server thread/INFO]: Saving chunks for level 'ServerLevel[world`]'/minecraft:the_nether
[11:16:48] [Server thread/INFO]: ThreadedAnvilChunkStorage (DIM-1): All chunks are saved
[11:16:48] [Server thread/INFO]: Saving chunks for level 'ServerLevel[world`]'/minecraft:the_end
[11:16:48] [Server thread/INFO]: ThreadedAnvilChunkStorage (DIM1): All chunks are saved
[11:16:48] [Server thread/INFO]: ThreadedAnvilChunkStorage (world`): All chunks are saved
[11:16:48] [Server thread/INFO]: ThreadedAnvilChunkStorage (DIM-1): All chunks are saved
[11:16:48] [Server thread/INFO]: ThreadedAnvilChunkStorage (DIM1): All chunks are saved
